Log file open, 02/28/22 18:50:34
LogWindows: Failed to load 'aqProf.dll' (GetLastError=126)
LogWindows: File 'aqProf.dll' does not exist
LogWindows: Failed to load 'VtuneApi.dll' (GetLastError=126)
LogWindows: File 'VtuneApi.dll' does not exist
LogWindows: Failed to load 'VtuneApi32e.dll' (GetLastError=126)
LogWindows: File 'VtuneApi32e.dll' does not exist
LogConsoleResponse: Display: Failed to find resolution value strings in scalability ini. Falling back to default.
LogConsoleResponse: Display: Failed to find resolution value strings in scalability ini. Falling back to default.
LogInit: Display: Running engine for game: FPSDemo
LogPlatformFile: Not using cached read wrapper
LogTaskGraph: Started task graph with 5 named threads and 47 total threads with 3 sets of task threads.
LogStats: Stats thread started at 0.215383
LogICUInternationalization: ICU TimeZone Detection - Raw Offset: -8:00, Platform Override: ''
LogInit: Display: Loading text-based GConfig....
LogPluginManager: Mounting plugin MeshPainting
LogPluginManager: Mounting plugin XGEController
LogPluginManager: Mounting plugin Paper2D
LogPluginManager: Mounting plugin LiveLink
LogPluginManager: Mounting plugin AISupport
LogPluginManager: Mounting plugin EnvironmentQueryEditor
LogPluginManager: Mounting plugin LightPropagationVolume
LogPluginManager: Mounting plugin OodleData
LogPluginManager: Mounting plugin OodleNetwork
LogPluginManager: Mounting plugin CameraShakePreviewer
LogPluginManager: Mounting plugin GameplayCameras
LogPluginManager: Mounting plugin AssetManagerEditor
LogPluginManager: Mounting plugin CryptoKeys
LogPluginManager: Mounting plugin CurveEditorTools
LogPluginManager: Mounting plugin DataValidation
LogPluginManager: Mounting plugin FacialAnimation
LogPluginManager: Mounting plugin MacGraphicsSwitching
LogPluginManager: Mounting plugin GameplayTagsEditor
LogPluginManager: Mounting plugin MaterialAnalyzer
LogPluginManager: Mounting plugin GeometryMode
LogPluginManager: Mounting plugin MobileLauncherProfileWizard
LogPluginManager: Mounting plugin PluginBrowser
LogPluginManager: Mounting plugin SpeedTreeImporter
LogPluginManager: Mounting plugin AnimationSharing
LogPluginManager: Mounting plugin CLionSourceCodeAccess
LogPluginManager: Mounting plugin CodeLiteSourceCodeAccess
LogPluginManager: Mounting plugin KDevelopSourceCodeAccess
LogPluginManager: Mounting plugin GitSourceControl
LogPluginManager: Mounting plugin NullSourceCodeAccess
LogPluginManager: Mounting plugin AlembicImporter
LogPluginManager: Mounting plugin AutomationUtils
LogPluginManager: Mounting plugin PerforceSourceControl
LogPluginManager: Mounting plugin PixWinPlugin
LogPluginManager: Mounting plugin BackChannel
LogPluginManager: Mounting plugin DatasmithContent
LogPluginManager: Mounting plugin ChaosCloth
LogPluginManager: Mounting plugin ChaosEditor
LogPluginManager: Mounting plugin ChaosClothEditor
LogPluginManager: Mounting plugin PluginUtils
LogPluginManager: Mounting plugin PropertyAccessNode
LogPluginManager: Mounting plugin PlasticSourceControl
LogPluginManager: Mounting plugin ChaosNiagara
LogPluginManager: Mounting plugin RiderSourceCodeAccess
LogPluginManager: Mounting plugin ChaosSolverPlugin
LogPluginManager: Mounting plugin TextureFormatOodle
LogPluginManager: Mounting plugin SubversionSourceControl
LogPluginManager: Mounting plugin UObjectPlugin
LogPluginManager: Mounting plugin Niagara
LogPluginManager: Mounting plugin VariantManagerContent
LogPluginManager: Mounting plugin CharacterAI
LogPluginManager: Mounting plugin GeometryCache
LogPluginManager: Mounting plugin GeometryCollectionPlugin
LogPluginManager: Mounting plugin GeometryProcessing
LogPluginManager: Mounting plugin OpenImageDenoise
LogPluginManager: Mounting plugin PlanarCut
LogPluginManager: Mounting plugin MotoSynth
LogPluginManager: Mounting plugin PlatformCrypto
LogPluginManager: Mounting plugin ProxyLODPlugin
LogPluginManager: Mounting plugin PythonScriptPlugin
LogPluginManager: Mounting plugin LuminPlatformFeatures
LogPluginManager: Mounting plugin MagicLeap
LogPluginManager: Mounting plugin MagicLeapLightEstimation
LogPluginManager: Mounting plugin MagicLeapMedia
LogPluginManager: Mounting plugin MLSDK
LogPluginManager: Mounting plugin AndroidMedia
LogPluginManager: Mounting plugin AvfMedia
LogPluginManager: Mounting plugin ImgMedia
LogPluginManager: Mounting plugin MagicLeapPassableWorld
LogPluginManager: Mounting plugin MediaPlayerEditor
LogPluginManager: Mounting plugin WebMMedia
LogPluginManager: Mounting plugin MediaCompositing
LogPluginManager: Mounting plugin TcpMessaging
LogPluginManager: Mounting plugin UdpMessaging
LogPluginManager: Mounting plugin SkeletalReduction
LogPluginManager: Mounting plugin ActorSequence
LogPluginManager: Mounting plugin LauncherChunkInstaller
LogPluginManager: Mounting plugin LevelSequenceEditor
LogPluginManager: Mounting plugin MatineeToLevelSequence
LogPluginManager: Mounting plugin TemplateSequence
LogPluginManager: Mounting plugin OnlineSubsystem
LogPluginManager: Mounting plugin OnlineSubsystemNull
LogPluginManager: Mounting plugin OnlineSubsystemUtils
LogPluginManager: Mounting plugin ActorLayerUtilities
LogPluginManager: Mounting plugin AndroidDeviceProfileSelector
LogPluginManager: Mounting plugin AndroidMoviePlayer
LogPluginManager: Mounting plugin AndroidPermission
LogPluginManager: Mounting plugin AppleImageUtils
LogPluginManager: Mounting plugin ArchVisCharacter
LogPluginManager: Mounting plugin AssetTags
LogPluginManager: Mounting plugin AppleMoviePlayer
LogPluginManager: Mounting plugin AudioCapture
LogPluginManager: Mounting plugin AudioSynesthesia
LogPluginManager: Mounting plugin CableComponent
LogPluginManager: Mounting plugin ChunkDownloader
LogPluginManager: Mounting plugin CustomMeshComponent
LogPluginManager: Mounting plugin ExampleDeviceProfileSelector
LogPluginManager: Mounting plugin WmfMedia
LogPluginManager: Mounting plugin EditableMesh
LogPluginManager: Mounting plugin GoogleCloudMessaging
LogPluginManager: Mounting plugin GooglePAD
LogPluginManager: Mounting plugin IOSDeviceProfileSelector
LogPluginManager: Mounting plugin LinuxDeviceProfileSelector
LogPluginManager: Mounting plugin LocationServicesBPLibrary
LogPluginManager: Mounting plugin MobilePatchingUtils
LogPluginManager: Mounting plugin OpenXREyeTracker
LogPluginManager: Mounting plugin OpenXRHandTracking
LogPluginManager: Mounting plugin PostSplashScreen
LogPluginManager: Mounting plugin ProceduralMeshComponent
LogPluginManager: Mounting plugin PropertyAccessEditor
LogPluginManager: Mounting plugin SignificanceManager
LogPluginManager: Mounting plugin SoundFields
LogPluginManager: Mounting plugin OpenXR
LogPluginManager: Mounting plugin WebMMoviePlayer
LogPluginManager: Mounting plugin WindowsMoviePlayer
LogPluginManager: Mounting plugin ScreenshotTools
LogPluginManager: Mounting plugin Takes
LogPluginManager: Mounting plugin VisualStudioSourceCodeAccess
LogPluginManager: Mounting plugin XCodeSourceCodeAccess
LogPluginManager: Mounting plugin VisualStudioCodeSourceCodeAccess
LogPluginManager: Mounting plugin RuntimePhysXCooking
LogPluginManager: Mounting plugin Synthesis
LogPluginManager: Mounting plugin PhysXVehicles
LogPluginManager: Mounting plugin ContentBrowserAssetDataSource
LogPluginManager: Mounting plugin ContentBrowserClassDataSource
LogPluginManager: Mounting plugin ContentBrowserFileDataSource
LogPluginManager: Mounting plugin OnlineSubsystemGooglePlay
LogPluginManager: Mounting plugin OnlineSubsystemIOS
LogPluginManager: Mounting plugin OculusVR
LogPluginManager: Mounting plugin SteamVR
PixWinPlugin: PIX capture plugin failed to initialize! Check that the process is launched from PIX.
LogInit: Using libcurl 7.55.1-DEV
LogInit:  - built for x86_64-pc-win32
LogInit:  - supports SSL with OpenSSL/1.1.1
LogInit:  - supports HTTP deflate (compression) using libz 1.2.8
LogInit:  - other features:
LogInit:      CURL_VERSION_SSL
LogInit:      CURL_VERSION_LIBZ
LogInit:      CURL_VERSION_IPV6
LogInit:      CURL_VERSION_ASYNCHDNS
LogInit:      CURL_VERSION_LARGEFILE
LogInit:      CURL_VERSION_IDN
LogInit:  CurlRequestOptions (configurable via config and command line):
LogInit:  - bVerifyPeer = true  - Libcurl will verify peer certificate
LogInit:  - bUseHttpProxy = false  - Libcurl will NOT use HTTP proxy
LogInit:  - bDontReuseConnections = false  - Libcurl will reuse connections
LogInit:  - MaxHostConnections = 16  - Libcurl will limit the number of connections to a host
LogInit:  - LocalHostAddr = Default
LogInit:  - BufferSize = 65536
LogOnline: OSS: Creating online subsystem instance for: NULL
LogInit: WinSock: version 1.1 (2.2), MaxSocks=32767, MaxUdp=65467
LogOnline: OSS: TryLoadSubsystemAndSetDefault: Loaded subsystem for module [NULL]
LogOculusPluginWrapper: OculusPlugin initialized successfully
LogHMD: Failed initializing OVRPlugin 1.59.0
LogInit: Build: ++UE4+Release-4.27-CL-18319896
LogInit: Engine Version: 4.27.2-18319896+++UE4+Release-4.27
LogInit: Compatible Engine Version: 4.27.0-17155196+++UE4+Release-4.27
LogInit: Net CL: 17155196
LogInit: OS: Windows 10 (Release 2009) (), CPU: 11th Gen Intel(R) Core(TM) i7-11800H @ 2.30GHz, GPU: Intel(R) UHD Graphics
LogInit: Compiled (64-bit): Nov 30 2021 07:12:08
LogInit: Compiled with Visual C++: 19.24.28315.00
LogInit: Build Configuration: Development
LogInit: Branch Name: ++UE4+Release-4.27
LogInit: Command Line:  -EpicPortal -epicusername=Rivalalalu -epicuserid=f5aa066f82984398b082556ffb8df4ea -epiclocale=en -epicsandboxid=ue
LogInit: Base Directory: D:/Software Downloads/UE_4.27/Engine/Binaries/Win64/
LogInit: Allocator: TBB
LogInit: Installed Engine Build: 1
LogDevObjectVersion: Number of dev versions registered: 29
LogDevObjectVersion:   Dev-Blueprints (B0D832E4-1F89-4F0D-ACCF-7EB736FD4AA2): 10
LogDevObjectVersion:   Dev-Build (E1C64328-A22C-4D53-A36C-8E866417BD8C): 0
LogDevObjectVersion:   Dev-Core (375EC13C-06E4-48FB-B500-84F0262A717E): 4
LogDevObjectVersion:   Dev-Editor (E4B068ED-F494-42E9-A231-DA0B2E46BB41): 40
LogDevObjectVersion:   Dev-Framework (CFFC743F-43B0-4480-9391-14DF171D2073): 37
LogDevObjectVersion:   Dev-Mobile (B02B49B5-BB20-44E9-A304-32B752E40360): 3
LogDevObjectVersion:   Dev-Networking (A4E4105C-59A1-49B5-A7C5-40C4547EDFEE): 0
LogDevObjectVersion:   Dev-Online (39C831C9-5AE6-47DC-9A44-9C173E1C8E7C): 0
LogDevObjectVersion:   Dev-Physics (78F01B33-EBEA-4F98-B9B4-84EACCB95AA2): 14
LogDevObjectVersion:   Dev-Platform (6631380F-2D4D-43E0-8009-CF276956A95A): 0
LogDevObjectVersion:   Dev-Rendering (12F88B9F-8875-4AFC-A67C-D90C383ABD29): 45
LogDevObjectVersion:   Dev-Sequencer (7B5AE74C-D270-4C10-A958-57980B212A5A): 13
LogDevObjectVersion:   Dev-VR (D7296918-1DD6-4BDD-9DE2-64A83CC13884): 3
LogDevObjectVersion:   Dev-LoadTimes (C2A15278-BFE7-4AFE-6C17-90FF531DF755): 1
LogDevObjectVersion:   Private-Geometry (6EACA3D4-40EC-4CC1-B786-8BED09428FC5): 3
LogDevObjectVersion:   Dev-AnimPhys (29E575DD-E0A3-4627-9D10-D276232CDCEA): 17
LogDevObjectVersion:   Dev-Anim (AF43A65D-7FD3-4947-9873-3E8ED9C1BB05): 15
LogDevObjectVersion:   Dev-ReflectionCapture (6B266CEC-1EC7-4B8F-A30B-E4D90942FC07): 1
LogDevObjectVersion:   Dev-Automation (0DF73D61-A23F-47EA-B727-89E90C41499A): 1
LogDevObjectVersion:   FortniteMain (601D1886-AC64-4F84-AA16-D3DE0DEAC7D6): 47
LogDevObjectVersion:   FortniteRelease (E7086368-6B23-4C58-8439-1B7016265E91): 1
LogDevObjectVersion:   Dev-Enterprise (9DFFBCD6-494F-0158-E221-12823C92A888): 10
LogDevObjectVersion:   Dev-Niagara (F2AED0AC-9AFE-416F-8664-AA7FFA26D6FC): 1
LogDevObjectVersion:   Dev-Destruction (174F1F0B-B4C6-45A5-B13F-2EE8D0FB917D): 10
LogDevObjectVersion:   Dev-Physics-Ext (35F94A83-E258-406C-A318-09F59610247C): 41
LogDevObjectVersion:   Dev-PhysicsMaterial-Chaos (B68FC16E-8B1B-42E2-B453-215C058844FE): 1
LogDevObjectVersion:   Dev-CineCamera (B2E18506-4273-CFC2-A54E-F4BB758BBA07): 1
LogDevObjectVersion:   Dev-VirtualProduction (64F58936-FD1B-42BA-BA96-7289D5D0FA4E): 1
LogDevObjectVersion:   Dev-MediaFramework (6F0ED827-A609-4895-9C91-998D90180EA4): 2
LogInit: Presizing for max 25165824 objects, including 0 objects not considered by GC, pre-allocating 0 bytes for permanent pool.
LogConfig: Applying CVar settings from Section [/Script/Engine.StreamingSettings] File [D:/个人游戏/Space FPS/SpaceFPS/FPS/FPSDemo/Saved/Config/Windows/Engine.ini]
LogConfig: Setting CVar [[s.MinBulkDataSizeForAsyncLoading:131072]]
LogConfig: Setting CVar [[s.AsyncLoadingThreadEnabled:0]]
LogConfig: Setting CVar [[s.EventDrivenLoaderEnabled:1]]
LogConfig: Setting CVar [[s.WarnIfTimeLimitExceeded:0]]
LogConfig: Setting CVar [[s.TimeLimitExceededMultiplier:1.5]]
LogConfig: Setting CVar [[s.TimeLimitExceededMinTime:0.005]]
LogConfig: Setting CVar [[s.UseBackgroundLevelStreaming:1]]
LogConfig: Setting CVar [[s.PriorityAsyncLoadingExtraTime:15.0]]
LogConfig: Setting CVar [[s.LevelStreamingActorsUpdateTimeLimit:5.0]]
LogConfig: Setting CVar [[s.PriorityLevelStreamingActorsUpdateExtraTime:5.0]]
LogConfig: Setting CVar [[s.LevelStreamingComponentsRegistrationGranularity:10]]
LogConfig: Setting CVar [[s.UnregisterComponentsTimeLimit:1.0]]
LogConfig: Setting CVar [[s.LevelStreamingComponentsUnregistrationGranularity:5]]
LogConfig: Setting CVar [[s.FlushStreamingOnExit:1]]
LogInit: Object subsystem initialized
LogConfig: Setting CVar [[con.DebugEarlyDefault:1]]
LogConfig: Setting CVar [[r.setres:1280x720]]
[2022.03.01-02.50.35:918][  0]LogConfig: Setting CVar [[r.VSync:0]]
[2022.03.01-02.50.35:918][  0]LogConfig: Setting CVar [[r.RHICmdBypass:0]]
[2022.03.01-02.50.35:918][  0]LogConfig: Applying CVar settings from Section [/Script/Engine.RendererSettings] File [D:/个人游戏/Space FPS/SpaceFPS/FPS/FPSDemo/Saved/Config/Windows/Engine.ini]
[2022.03.01-02.50.35:918][  0]LogConfig: Setting CVar [[r.GPUCrashDebugging:0]]
[2022.03.01-02.50.35:918][  0]LogConfig: Applying CVar settings from Section [/Script/Engine.RendererOverrideSettings] File [D:/个人游戏/Space FPS/SpaceFPS/FPS/FPSDemo/Saved/Config/Windows/Engine.ini]
[2022.03.01-02.50.35:918][  0]LogConfig: Applying CVar settings from Section [/Script/Engine.StreamingSettings] File [D:/个人游戏/Space FPS/SpaceFPS/FPS/FPSDemo/Saved/Config/Windows/Engine.ini]
[2022.03.01-02.50.35:918][  0]LogConfig: Setting CVar [[s.MinBulkDataSizeForAsyncLoading:131072]]
[2022.03.01-02.50.35:918][  0]LogConfig: Setting CVar [[s.AsyncLoadingThreadEnabled:0]]
[2022.03.01-02.50.35:918][  0]LogConfig: Setting CVar [[s.EventDrivenLoaderEnabled:1]]
[2022.03.01-02.50.35:918][  0]LogConfig: Setting CVar [[s.WarnIfTimeLimitExceeded:0]]
[2022.03.01-02.50.35:918][  0]LogConfig: Setting CVar [[s.TimeLimitExceededMultiplier:1.5]]
[2022.03.01-02.50.35:918][  0]LogConfig: Setting CVar [[s.TimeLimitExceededMinTime:0.005]]
[2022.03.01-02.50.35:918][  0]LogConfig: Setting CVar [[s.UseBackgroundLevelStreaming:1]]
[2022.03.01-02.50.35:918][  0]LogConfig: Setting CVar [[s.PriorityAsyncLoadingExtraTime:15.0]]
[2022.03.01-02.50.35:918][  0]LogConfig: Setting CVar [[s.LevelStreamingActorsUpdateTimeLimit:5.0]]
[2022.03.01-02.50.35:918][  0]LogConfig: Setting CVar [[s.PriorityLevelStreamingActorsUpdateExtraTime:5.0]]
[2022.03.01-02.50.35:918][  0]LogConfig: Setting CVar [[s.LevelStreamingComponentsRegistrationGranularity:10]]
[2022.03.01-02.50.35:918][  0]LogConfig: Setting CVar [[s.UnregisterComponentsTimeLimit:1.0]]
[2022.03.01-02.50.35:918][  0]LogConfig: Setting CVar [[s.LevelStreamingComponentsUnregistrationGranularity:5]]
[2022.03.01-02.50.35:918][  0]LogConfig: Setting CVar [[s.FlushStreamingOnExit:1]]
[2022.03.01-02.50.35:918][  0]LogConfig: Applying CVar settings from Section [/Script/Engine.GarbageCollectionSettings] File [D:/个人游戏/Space FPS/SpaceFPS/FPS/FPSDemo/Saved/Config/Windows/Engine.ini]
[2022.03.01-02.50.35:918][  0]LogConfig: Setting CVar [[gc.MaxObjectsNotConsideredByGC:1]]
[2022.03.01-02.50.35:918][  0]LogConfig: Setting CVar [[gc.SizeOfPermanentObjectPool:0]]
[2022.03.01-02.50.35:918][  0]LogConfig: Setting CVar [[gc.FlushStreamingOnGC:0]]
[2022.03.01-02.50.35:918][  0]LogConfig: Setting CVar [[gc.NumRetriesBeforeForcingGC:10]]
[2022.03.01-02.50.35:918][  0]LogConfig: Setting CVar [[gc.AllowParallelGC:1]]
[2022.03.01-02.50.35:918][  0]LogConfig: Setting CVar [[gc.TimeBetweenPurgingPendingKillObjects:61.1]]
[2022.03.01-02.50.35:918][  0]LogConfig: Setting CVar [[gc.MaxObjectsInEditor:25165824]]
[2022.03.01-02.50.35:918][  0]LogConfig: Setting CVar [[gc.IncrementalBeginDestroyEnabled:1]]
[2022.03.01-02.50.35:918][  0]LogConfig: Setting CVar [[gc.CreateGCClusters:1]]
[2022.03.01-02.50.35:918][  0]LogConfig: Setting CVar [[gc.MinGCClusterSize:5]]
[2022.03.01-02.50.35:918][  0]LogConfig: Setting CVar [[gc.ActorClusteringEnabled:0]]
[2022.03.01-02.50.35:918][  0]LogConfig: Setting CVar [[gc.BlueprintClusteringEnabled:0]]
[2022.03.01-02.50.35:918][  0]LogConfig: Setting CVar [[gc.UseDisregardForGCOnDedicatedServers:0]]
[2022.03.01-02.50.35:918][  0]LogConfig: Setting CVar [[gc.MultithreadedDestructionEnabled:1]]
[2022.03.01-02.50.35:918][  0]LogConfig: Applying CVar settings from Section [/Script/Engine.NetworkSettings] File [D:/个人游戏/Space FPS/SpaceFPS/FPS/FPSDemo/Saved/Config/Windows/Engine.ini]
[2022.03.01-02.50.35:918][  0]LogConfig: Applying CVar settings from Section [/Script/UnrealEd.CookerSettings] File [D:/个人游戏/Space FPS/SpaceFPS/FPS/FPSDemo/Saved/Config/Windows/Engine.ini]
[2022.03.01-02.50.35:923][  0]LogConfig: Applying CVar settings from Section [ViewDistanceQuality@3] File [D:/个人游戏/Space FPS/SpaceFPS/FPS/FPSDemo/Saved/Config/Windows/Scalability.ini]
[2022.03.01-02.50.35:923][  0]LogConfig: Setting CVar [[r.SkeletalMeshLODBias:0]]
[2022.03.01-02.50.35:923][  0]LogConfig: Setting CVar [[r.ViewDistanceScale:1.0]]
[2022.03.01-02.50.35:923][  0]LogConfig: Applying CVar settings from Section [AntiAliasingQuality@3] File [D:/个人游戏/Space FPS/SpaceFPS/FPS/FPSDemo/Saved/Config/Windows/Scalability.ini]
[2022.03.01-02.50.35:923][  0]LogConfig: Setting CVar [[r.PostProcessAAQuality:4]]
[2022.03.01-02.50.35:923][  0]LogConfig: Applying CVar settings from Section [ShadowQuality@3] File [D:/个人游戏/Space FPS/SpaceFPS/FPS/FPSDemo/Saved/Config/Windows/Scalability.ini]
[2022.03.01-02.50.35:923][  0]LogConfig: Setting CVar [[r.LightFunctionQuality:1]]
[2022.03.01-02.50.35:923][  0]LogConfig: Setting CVar [[r.ShadowQuality:5]]
[2022.03.01-02.50.35:923][  0]LogConfig: Setting CVar [[r.Shadow.CSM.MaxCascades:10]]
[2022.03.01-02.50.35:923][  0]LogConfig: Setting CVar [[r.Shadow.MaxResolution:2048]]
[2022.03.01-02.50.35:923][  0]LogConfig: Setting CVar [[r.Shadow.MaxCSMResolution:2048]]
[2022.03.01-02.50.35:923][  0]LogConfig: Setting CVar [[r.Shadow.RadiusThreshold:0.01]]
[2022.03.01-02.50.35:923][  0]LogConfig: Setting CVar [[r.Shadow.DistanceScale:1.0]]
[2022.03.01-02.50.35:923][  0]LogConfig: Setting CVar [[r.Shadow.CSM.TransitionScale:1.0]]
[2022.03.01-02.50.35:923][  0]LogConfig: Setting CVar [[r.Shadow.PreShadowResolutionFactor:1.0]]
[2022.03.01-02.50.35:923][  0]LogConfig: Setting CVar [[r.DistanceFieldShadowing:1]]
[2022.03.01-02.50.35:923][  0]LogConfig: Setting CVar [[r.DistanceFieldAO:1]]
[2022.03.01-02.50.35:923][  0]LogConfig: Setting CVar [[r.AOQuality:2]]
[2022.03.01-02.50.35:923][  0]LogConfig: Setting CVar [[r.VolumetricFog:1]]
[2022.03.01-02.50.35:923][  0]LogConfig: Setting CVar [[r.VolumetricFog.GridPixelSize:8]]
[2022.03.01-02.50.35:923][  0]LogConfig: Setting CVar [[r.VolumetricFog.GridSizeZ:128]]
[2022.03.01-02.50.35:923][  0]LogConfig: Setting CVar [[r.VolumetricFog.HistoryMissSupersampleCount:4]]
[2022.03.01-02.50.35:923][  0]LogConfig: Setting CVar [[r.LightMaxDrawDistanceScale:1]]
[2022.03.01-02.50.35:923][  0]LogConfig: Setting CVar [[r.CapsuleShadows:1]]
[2022.03.01-02.50.35:923][  0]LogConfig: Applying CVar settings from Section [PostProcessQuality@3] File [D:/个人游戏/Space FPS/SpaceFPS/FPS/FPSDemo/Saved/Config/Windows/Scalability.ini]
[2022.03.01-02.50.35:923][  0]LogConfig: Setting CVar [[r.MotionBlurQuality:4]]
[2022.03.01-02.50.35:923][  0]LogConfig: Setting CVar [[r.AmbientOcclusionMipLevelFactor:0.4]]
[2022.03.01-02.50.35:923][  0]LogConfig: Setting CVar [[r.AmbientOcclusionMaxQuality:100]]
[2022.03.01-02.50.35:923][  0]LogConfig: Setting CVar [[r.AmbientOcclusionLevels:-1]]
[2022.03.01-02.50.35:923][  0]LogConfig: Setting CVar [[r.AmbientOcclusionRadiusScale:1.0]]
[2022.03.01-02.50.35:923][  0]LogConfig: Setting CVar [[r.DepthOfFieldQuality:2]]
[2022.03.01-02.50.35:923][  0]LogConfig: Setting CVar [[r.RenderTargetPoolMin:400]]
[2022.03.01-02.50.35:923][  0]LogConfig: Setting CVar [[r.LensFlareQuality:2]]
[2022.03.01-02.50.35:923][  0]LogConfig: Setting CVar [[r.SceneColorFringeQuality:1]]
[2022.03.01-02.50.35:923][  0]LogConfig: Setting CVar [[r.EyeAdaptationQuality:2]]
[2022.03.01-02.50.35:923][  0]LogConfig: Setting CVar [[r.BloomQuality:5]]
[2022.03.01-02.50.35:923][  0]LogConfig: Setting CVar [[r.FastBlurThreshold:100]]
[2022.03.01-02.50.35:923][  0]LogConfig: Setting CVar [[r.Upscale.Quality:3]]
[2022.03.01-02.50.35:923][  0]LogConfig: Setting CVar [[r.Tonemapper.GrainQuantization:1]]
[2022.03.01-02.50.35:923][  0]LogConfig: Setting CVar [[r.LightShaftQuality:1]]
[2022.03.01-02.50.35:923][  0]LogConfig: Setting CVar [[r.Filter.SizeScale:1]]
[2022.03.01-02.50.35:923][  0]LogConfig: Setting CVar [[r.Tonemapper.Quality:5]]
[2022.03.01-02.50.35:923][  0]LogConfig: Setting CVar [[r.DOF.Gather.AccumulatorQuality:1        ; higher gathering accumulator quality]]
[2022.03.01-02.50.35:923][  0]LogConfig: Setting CVar [[r.DOF.Gather.PostfilterMethod:1          ; Median3x3 postfilering method]]
[2022.03.01-02.50.35:923][  0]LogConfig: Setting CVar [[r.DOF.Gather.EnableBokehSettings:0       ; no bokeh simulation when gathering]]
[2022.03.01-02.50.35:923][  0]LogConfig: Setting CVar [[r.DOF.Gather.RingCount:4                 ; medium number of samples when gathering]]
[2022.03.01-02.50.35:923][  0]LogConfig: Setting CVar [[r.DOF.Scatter.ForegroundCompositing:1    ; additive foreground scattering]]
[2022.03.01-02.50.35:923][  0]LogConfig: Setting CVar [[r.DOF.Scatter.BackgroundCompositing:2    ; additive background scattering]]
[2022.03.01-02.50.35:923][  0]LogConfig: Setting CVar [[r.DOF.Scatter.EnableBokehSettings:1      ; bokeh simulation when scattering]]
[2022.03.01-02.50.35:923][  0]LogConfig: Setting CVar [[r.DOF.Scatter.MaxSpriteRatio:0.1         ; only a maximum of 10% of scattered bokeh]]
[2022.03.01-02.50.35:923][  0]LogConfig: Setting CVar [[r.DOF.Recombine.Quality:1                ; cheap slight out of focus]]
[2022.03.01-02.50.35:923][  0]LogConfig: Setting CVar [[r.DOF.Recombine.EnableBokehSettings:0    ; no bokeh simulation on slight out of focus]]
[2022.03.01-02.50.35:923][  0]LogConfig: Setting CVar [[r.DOF.TemporalAAQuality:1                ; more stable temporal accumulation]]
[2022.03.01-02.50.35:923][  0]LogConfig: Setting CVar [[r.DOF.Kernel.MaxForegroundRadius:0.025]]
[2022.03.01-02.50.35:923][  0]LogConfig: Setting CVar [[r.DOF.Kernel.MaxBackgroundRadius:0.025]]
[2022.03.01-02.50.35:923][  0]LogConfig: Applying CVar settings from Section [TextureQuality@3] File [D:/个人游戏/Space FPS/SpaceFPS/FPS/FPSDemo/Saved/Config/Windows/Scalability.ini]
[2022.03.01-02.50.35:923][  0]LogConfig: Setting CVar [[r.Streaming.MipBias:0]]
[2022.03.01-02.50.35:923][  0]LogConfig: Setting CVar [[r.Streaming.AmortizeCPUToGPUCopy:0]]
[2022.03.01-02.50.35:923][  0]LogConfig: Setting CVar [[r.Streaming.MaxNumTexturesToStreamPerFrame:0]]
[2022.03.01-02.50.35:924][  0]LogConfig: Setting CVar [[r.Streaming.Boost:1]]
[2022.03.01-02.50.35:924][  0]LogConfig: Setting CVar [[r.MaxAnisotropy:8]]
[2022.03.01-02.50.35:924][  0]LogConfig: Setting CVar [[r.VT.MaxAnisotropy:8]]
[2022.03.01-02.50.35:924][  0]LogConfig: Setting CVar [[r.Streaming.LimitPoolSizeToVRAM:0]]
[2022.03.01-02.50.35:924][  0]LogConfig: Setting CVar [[r.Streaming.PoolSize:1000]]
[2022.03.01-02.50.35:924][  0]LogConfig: Setting CVar [[r.Streaming.MaxEffectiveScreenSize:0]]
[2022.03.01-02.50.35:924][  0]LogConfig: Applying CVar settings from Section [EffectsQuality@3] File [D:/个人游戏/Space FPS/SpaceFPS/FPS/FPSDemo/Saved/Config/Windows/Scalability.ini]
[2022.03.01-02.50.35:924][  0]LogConfig: Setting CVar [[r.TranslucencyLightingVolumeDim:64]]
[2022.03.01-02.50.35:924][  0]LogConfig: Setting CVar [[r.RefractionQuality:2]]
[2022.03.01-02.50.35:924][  0]LogConfig: Setting CVar [[r.SSR.Quality:3]]
[2022.03.01-02.50.35:924][  0]LogConfig: Setting CVar [[r.SSR.HalfResSceneColor:0]]
[2022.03.01-02.50.35:924][  0]LogConfig: Setting CVar [[r.SceneColorFormat:4]]
[2022.03.01-02.50.35:924][  0]LogConfig: Setting CVar [[r.DetailMode:2]]
[2022.03.01-02.50.35:924][  0]LogConfig: Setting CVar [[r.TranslucencyVolumeBlur:1]]
[2022.03.01-02.50.35:924][  0]LogConfig: Setting CVar [[r.MaterialQualityLevel:1 ; High quality]]
[2022.03.01-02.50.35:924][  0]LogConfig: Setting CVar [[r.AnisotropicMaterials:1]]
[2022.03.01-02.50.35:924][  0]LogConfig: Setting CVar [[r.SSS.Scale:1]]
[2022.03.01-02.50.35:924][  0]LogConfig: Setting CVar [[r.SSS.SampleSet:2]]
[2022.03.01-02.50.35:924][  0]LogConfig: Setting CVar [[r.SSS.Quality:1]]
[2022.03.01-02.50.35:924][  0]LogConfig: Setting CVar [[r.SSS.HalfRes:0]]
[2022.03.01-02.50.35:924][  0]LogConfig: Setting CVar [[r.SSGI.Quality:3]]
[2022.03.01-02.50.35:924][  0]LogConfig: Setting CVar [[r.EmitterSpawnRateScale:1.0]]
[2022.03.01-02.50.35:924][  0]LogConfig: Setting CVar [[r.ParticleLightQuality:2]]
[2022.03.01-02.50.35:924][  0]LogConfig: Setting CVar [[r.SkyAtmosphere.AerialPerspectiveLUT.FastApplyOnOpaque:1 ; Always have FastSkyLUT 1 in this case to avoid wrong sky]]
[2022.03.01-02.50.35:924][  0]LogConfig: Setting CVar [[r.SkyAtmosphere.AerialPerspectiveLUT.SampleCountMaxPerSlice:4]]
[2022.03.01-02.50.35:924][  0]LogConfig: Setting CVar [[r.SkyAtmosphere.AerialPerspectiveLUT.DepthResolution:16.0]]
[2022.03.01-02.50.35:924][  0]LogConfig: Setting CVar [[r.SkyAtmosphere.FastSkyLUT:1]]
[2022.03.01-02.50.35:924][  0]LogConfig: Setting CVar [[r.SkyAtmosphere.FastSkyLUT.SampleCountMin:4.0]]
[2022.03.01-02.50.35:924][  0]LogConfig: Setting CVar [[r.SkyAtmosphere.FastSkyLUT.SampleCountMax:128.0]]
[2022.03.01-02.50.35:924][  0]LogConfig: Setting CVar [[r.SkyAtmosphere.SampleCountMin:4.0]]
[2022.03.01-02.50.35:924][  0]LogConfig: Setting CVar [[r.SkyAtmosphere.SampleCountMax:128.0]]
[2022.03.01-02.50.35:924][  0]LogConfig: Setting CVar [[r.SkyAtmosphere.TransmittanceLUT.UseSmallFormat:0]]
[2022.03.01-02.50.35:924][  0]LogConfig: Setting CVar [[r.SkyAtmosphere.TransmittanceLUT.SampleCount:10.0]]
[2022.03.01-02.50.35:924][  0]LogConfig: Setting CVar [[r.SkyAtmosphere.MultiScatteringLUT.SampleCount:15.0]]
[2022.03.01-02.50.35:924][  0]LogConfig: Setting CVar [[r.SkyLight.RealTimeReflectionCapture:1]]
[2022.03.01-02.50.35:924][  0]LogConfig: Applying CVar settings from Section [FoliageQuality@3] File [D:/个人游戏/Space FPS/SpaceFPS/FPS/FPSDemo/Saved/Config/Windows/Scalability.ini]
[2022.03.01-02.50.35:924][  0]LogConfig: Setting CVar [[foliage.DensityScale:1.0]]
[2022.03.01-02.50.35:924][  0]LogConfig: Setting CVar [[grass.DensityScale:1.0]]
[2022.03.01-02.50.35:924][  0]LogConfig: Applying CVar settings from Section [ShadingQuality@3] File [D:/个人游戏/Space FPS/SpaceFPS/FPS/FPSDemo/Saved/Config/Windows/Scalability.ini]
[2022.03.01-02.50.35:924][  0]LogConfig: Setting CVar [[r.HairStrands.SkyLighting.IntegrationType:2]]
[2022.03.01-02.50.35:924][  0]LogConfig: Setting CVar [[r.HairStrands.SkyAO.SampleCount:4]]
[2022.03.01-02.50.35:924][  0]LogConfig: Setting CVar [[r.HairStrands.Visibility.MSAA.SamplePerPixel:4]]
[2022.03.01-02.50.35:924][  0]LogInit: Selected Device Profile: [Windows]
[2022.03.01-02.50.35:924][  0]LogInit: Applying CVar settings loaded from the selected device profile: [Windows]
[2022.03.01-02.50.35:924][  0]LogHAL: Display: Platform has ~ 16 GB [16866873344 / 17179869184 / 16], which maps to Larger [LargestMinGB=32, LargerMinGB=12, DefaultMinGB=8, SmallerMinGB=6, SmallestMinGB=0)
[2022.03.01-02.50.35:924][  0]LogInit: Going up to parent DeviceProfile []
[2022.03.01-02.50.35:924][  0]LogConfig: Applying CVar settings from Section [ViewDistanceQuality@3] File [D:/个人游戏/Space FPS/SpaceFPS/FPS/FPSDemo/Saved/Config/Windows/Scalability.ini]
[2022.03.01-02.50.35:924][  0]LogConfig: Setting CVar [[r.SkeletalMeshLODBias:0]]
[2022.03.01-02.50.35:924][  0]LogConfig: Setting CVar [[r.ViewDistanceScale:1.0]]
[2022.03.01-02.50.35:924][  0]LogConfig: Applying CVar settings from Section [AntiAliasingQuality@3] File [D:/个人游戏/Space FPS/SpaceFPS/FPS/FPSDemo/Saved/Config/Windows/Scalability.ini]
[2022.03.01-02.50.35:924][  0]LogConfig: Setting CVar [[r.PostProcessAAQuality:4]]
[2022.03.01-02.50.35:924][  0]LogConfig: Applying CVar settings from Section [ShadowQuality@3] File [D:/个人游戏/Space FPS/SpaceFPS/FPS/FPSDemo/Saved/Config/Windows/Scalability.ini]
[2022.03.01-02.50.35:924][  0]LogConfig: Setting CVar [[r.LightFunctionQuality:1]]
[2022.03.01-02.50.35:924][  0]LogConfig: Setting CVar [[r.ShadowQuality:5]]
[2022.03.01-02.50.35:924][  0]LogConfig: Setting CVar [[r.Shadow.CSM.MaxCascades:10]]
[2022.03.01-02.50.35:924][  0]LogConfig: Setting CVar [[r.Shadow.MaxResolution:2048]]
[2022.03.01-02.50.35:924][  0]LogConfig: Setting CVar [[r.Shadow.MaxCSMResolution:2048]]
[2022.03.01-02.50.35:924][  0]LogConfig: Setting CVar [[r.Shadow.RadiusThreshold:0.01]]
[2022.03.01-02.50.35:924][  0]LogConfig: Setting CVar [[r.Shadow.DistanceScale:1.0]]
[2022.03.01-02.50.35:924][  0]LogConfig: Setting CVar [[r.Shadow.CSM.TransitionScale:1.0]]
[2022.03.01-02.50.35:924][  0]LogConfig: Setting CVar [[r.Shadow.PreShadowResolutionFactor:1.0]]
[2022.03.01-02.50.35:924][  0]LogConfig: Setting CVar [[r.DistanceFieldShadowing:1]]
[2022.03.01-02.50.35:924][  0]LogConfig: Setting CVar [[r.DistanceFieldAO:1]]
[2022.03.01-02.50.35:924][  0]LogConfig: Setting CVar [[r.AOQuality:2]]
[2022.03.01-02.50.35:924][  0]LogConfig: Setting CVar [[r.VolumetricFog:1]]
[2022.03.01-02.50.35:924][  0]LogConfig: Setting CVar [[r.VolumetricFog.GridPixelSize:8]]
[2022.03.01-02.50.35:924][  0]LogConfig: Setting CVar [[r.VolumetricFog.GridSizeZ:128]]
[2022.03.01-02.50.35:924][  0]LogConfig: Setting CVar [[r.VolumetricFog.HistoryMissSupersampleCount:4]]
[2022.03.01-02.50.35:924][  0]LogConfig: Setting CVar [[r.LightMaxDrawDistanceScale:1]]
[2022.03.01-02.50.35:924][  0]LogConfig: Setting CVar [[r.CapsuleShadows:1]]
[2022.03.01-02.50.35:924][  0]LogConfig: Applying CVar settings from Section [PostProcessQuality@3] File [D:/个人游戏/Space FPS/SpaceFPS/FPS/FPSDemo/Saved/Config/Windows/Scalability.ini]
[2022.03.01-02.50.35:924][  0]LogConfig: Setting CVar [[r.MotionBlurQuality:4]]
[2022.03.01-02.50.35:924][  0]LogConfig: Setting CVar [[r.AmbientOcclusionMipLevelFactor:0.4]]
[2022.03.01-02.50.35:924][  0]LogConfig: Setting CVar [[r.AmbientOcclusionMaxQuality:100]]
[2022.03.01-02.50.35:924][  0]LogConfig: Setting CVar [[r.AmbientOcclusionLevels:-1]]
[2022.03.01-02.50.35:924][  0]LogConfig: Setting CVar [[r.AmbientOcclusionRadiusScale:1.0]]
[2022.03.01-02.50.35:924][  0]LogConfig: Setting CVar [[r.DepthOfFieldQuality:2]]
[2022.03.01-02.50.35:924][  0]LogConfig: Setting CVar [[r.RenderTargetPoolMin:400]]
[2022.03.01-02.50.35:924][  0]LogConfig: Setting CVar [[r.LensFlareQuality:2]]
[2022.03.01-02.50.35:924][  0]LogConfig: Setting CVar [[r.SceneColorFringeQuality:1]]
[2022.03.01-02.50.35:924][  0]LogConfig: Setting CVar [[r.EyeAdaptationQuality:2]]
[2022.03.01-02.50.35:924][  0]LogConfig: Setting CVar [[r.BloomQuality:5]]
[2022.03.01-02.50.35:924][  0]LogConfig: Setting CVar [[r.FastBlurThreshold:100]]
[2022.03.01-02.50.35:924][  0]LogConfig: Setting CVar [[r.Upscale.Quality:3]]
[2022.03.01-02.50.35:924][  0]LogConfig: Setting CVar [[r.Tonemapper.GrainQuantization:1]]
[2022.03.01-02.50.35:924][  0]LogConfig: Setting CVar [[r.LightShaftQuality:1]]
[2022.03.01-02.50.35:924][  0]LogConfig: Setting CVar [[r.Filter.SizeScale:1]]
[2022.03.01-02.50.35:924][  0]LogConfig: Setting CVar [[r.Tonemapper.Quality:5]]
[2022.03.01-02.50.35:924][  0]LogConfig: Setting CVar [[r.DOF.Gather.AccumulatorQuality:1        ; higher gathering accumulator quality]]
[2022.03.01-02.50.35:924][  0]LogConfig: Setting CVar [[r.DOF.Gather.PostfilterMethod:1          ; Median3x3 postfilering method]]
[2022.03.01-02.50.35:925][  0]LogConfig: Setting CVar [[r.DOF.Gather.EnableBokehSettings:0       ; no bokeh simulation when gathering]]
[2022.03.01-02.50.35:925][  0]LogConfig: Setting CVar [[r.DOF.Gather.RingCount:4                 ; medium number of samples when gathering]]
[2022.03.01-02.50.35:925][  0]LogConfig: Setting CVar [[r.DOF.Scatter.ForegroundCompositing:1    ; additive foreground scattering]]
[2022.03.01-02.50.35:925][  0]LogConfig: Setting CVar [[r.DOF.Scatter.BackgroundCompositing:2    ; additive background scattering]]
[2022.03.01-02.50.35:925][  0]LogConfig: Setting CVar [[r.DOF.Scatter.EnableBokehSettings:1      ; bokeh simulation when scattering]]
[2022.03.01-02.50.35:925][  0]LogConfig: Setting CVar [[r.DOF.Scatter.MaxSpriteRatio:0.1         ; only a maximum of 10% of scattered bokeh]]
[2022.03.01-02.50.35:925][  0]LogConfig: Setting CVar [[r.DOF.Recombine.Quality:1                ; cheap slight out of focus]]
[2022.03.01-02.50.35:925][  0]LogConfig: Setting CVar [[r.DOF.Recombine.EnableBokehSettings:0    ; no bokeh simulation on slight out of focus]]
[2022.03.01-02.50.35:925][  0]LogConfig: Setting CVar [[r.DOF.TemporalAAQuality:1                ; more stable temporal accumulation]]
[2022.03.01-02.50.35:925][  0]LogConfig: Setting CVar [[r.DOF.Kernel.MaxForegroundRadius:0.025]]
[2022.03.01-02.50.35:925][  0]LogConfig: Setting CVar [[r.DOF.Kernel.MaxBackgroundRadius:0.025]]
[2022.03.01-02.50.35:925][  0]LogConfig: Applying CVar settings from Section [TextureQuality@3] File [D:/个人游戏/Space FPS/SpaceFPS/FPS/FPSDemo/Saved/Config/Windows/Scalability.ini]
[2022.03.01-02.50.35:925][  0]LogConfig: Setting CVar [[r.Streaming.MipBias:0]]
[2022.03.01-02.50.35:925][  0]LogConfig: Setting CVar [[r.Streaming.AmortizeCPUToGPUCopy:0]]
[2022.03.01-02.50.35:925][  0]LogConfig: Setting CVar [[r.Streaming.MaxNumTexturesToStreamPerFrame:0]]
[2022.03.01-02.50.35:925][  0]LogConfig: Setting CVar [[r.Streaming.Boost:1]]
[2022.03.01-02.50.35:925][  0]LogConfig: Setting CVar [[r.MaxAnisotropy:8]]
[2022.03.01-02.50.35:925][  0]LogConfig: Setting CVar [[r.VT.MaxAnisotropy:8]]
[2022.03.01-02.50.35:925][  0]LogConfig: Setting CVar [[r.Streaming.LimitPoolSizeToVRAM:0]]
[2022.03.01-02.50.35:925][  0]LogConfig: Setting CVar [[r.Streaming.PoolSize:1000]]
[2022.03.01-02.50.35:925][  0]LogConfig: Setting CVar [[r.Streaming.MaxEffectiveScreenSize:0]]
[2022.03.01-02.50.35:925][  0]LogConfig: Applying CVar settings from Section [EffectsQuality@3] File [D:/个人游戏/Space FPS/SpaceFPS/FPS/FPSDemo/Saved/Config/Windows/Scalability.ini]
[2022.03.01-02.50.35:925][  0]LogConfig: Setting CVar [[r.TranslucencyLightingVolumeDim:64]]
[2022.03.01-02.50.35:925][  0]LogConfig: Setting CVar [[r.RefractionQuality:2]]
[2022.03.01-02.50.35:925][  0]LogConfig: Setting CVar [[r.SSR.Quality:3]]
[2022.03.01-02.50.35:925][  0]LogConfig: Setting CVar [[r.SSR.HalfResSceneColor:0]]
[2022.03.01-02.50.35:925][  0]LogConfig: Setting CVar [[r.SceneColorFormat:4]]
[2022.03.01-02.50.35:925][  0]LogConfig: Setting CVar [[r.DetailMode:2]]
[2022.03.01-02.50.35:925][  0]LogConfig: Setting CVar [[r.TranslucencyVolumeBlur:1]]
[2022.03.01-02.50.35:925][  0]LogConfig: Setting CVar [[r.MaterialQualityLevel:1 ; High quality]]
[2022.03.01-02.50.35:925][  0]LogConfig: Setting CVar [[r.AnisotropicMaterials:1]]
[2022.03.01-02.50.35:925][  0]LogConfig: Setting CVar [[r.SSS.Scale:1]]
[2022.03.01-02.50.35:925][  0]LogConfig: Setting CVar [[r.SSS.SampleSet:2]]
[2022.03.01-02.50.35:925][  0]LogConfig: Setting CVar [[r.SSS.Quality:1]]
[2022.03.01-02.50.35:925][  0]LogConfig: Setting CVar [[r.SSS.HalfRes:0]]
[2022.03.01-02.50.35:925][  0]LogConfig: Setting CVar [[r.SSGI.Quality:3]]
[2022.03.01-02.50.35:925][  0]LogConfig: Setting CVar [[r.EmitterSpawnRateScale:1.0]]
[2022.03.01-02.50.35:925][  0]LogConfig: Setting CVar [[r.ParticleLightQuality:2]]
[2022.03.01-02.50.35:925][  0]LogConfig: Setting CVar [[r.SkyAtmosphere.AerialPerspectiveLUT.FastApplyOnOpaque:1 ; Always have FastSkyLUT 1 in this case to avoid wrong sky]]
[2022.03.01-02.50.35:925][  0]LogConfig: Setting CVar [[r.SkyAtmosphere.AerialPerspectiveLUT.SampleCountMaxPerSlice:4]]
[2022.03.01-02.50.35:925][  0]LogConfig: Setting CVar [[r.SkyAtmosphere.AerialPerspectiveLUT.DepthResolution:16.0]]
[2022.03.01-02.50.35:925][  0]LogConfig: Setting CVar [[r.SkyAtmosphere.FastSkyLUT:1]]
[2022.03.01-02.50.35:925][  0]LogConfig: Setting CVar [[r.SkyAtmosphere.FastSkyLUT.SampleCountMin:4.0]]
[2022.03.01-02.50.35:925][  0]LogConfig: Setting CVar [[r.SkyAtmosphere.FastSkyLUT.SampleCountMax:128.0]]
[2022.03.01-02.50.35:925][  0]LogConfig: Setting CVar [[r.SkyAtmosphere.SampleCountMin:4.0]]
[2022.03.01-02.50.35:925][  0]LogConfig: Setting CVar [[r.SkyAtmosphere.SampleCountMax:128.0]]
[2022.03.01-02.50.35:925][  0]LogConfig: Setting CVar [[r.SkyAtmosphere.TransmittanceLUT.UseSmallFormat:0]]
[2022.03.01-02.50.35:925][  0]LogConfig: Setting CVar [[r.SkyAtmosphere.TransmittanceLUT.SampleCount:10.0]]
[2022.03.01-02.50.35:925][  0]LogConfig: Setting CVar [[r.SkyAtmosphere.MultiScatteringLUT.SampleCount:15.0]]
[2022.03.01-02.50.35:925][  0]LogConfig: Setting CVar [[r.SkyLight.RealTimeReflectionCapture:1]]
[2022.03.01-02.50.35:925][  0]LogConfig: Applying CVar settings from Section [FoliageQuality@3] File [D:/个人游戏/Space FPS/SpaceFPS/FPS/FPSDemo/Saved/Config/Windows/Scalability.ini]
[2022.03.01-02.50.35:925][  0]LogConfig: Setting CVar [[foliage.DensityScale:1.0]]
[2022.03.01-02.50.35:925][  0]LogConfig: Setting CVar [[grass.DensityScale:1.0]]
[2022.03.01-02.50.35:925][  0]LogConfig: Applying CVar settings from Section [ShadingQuality@3] File [D:/个人游戏/Space FPS/SpaceFPS/FPS/FPSDemo/Saved/Config/Windows/Scalability.ini]
[2022.03.01-02.50.35:925][  0]LogConfig: Setting CVar [[r.HairStrands.SkyLighting.IntegrationType:2]]
[2022.03.01-02.50.35:925][  0]LogConfig: Setting CVar [[r.HairStrands.SkyAO.SampleCount:4]]
[2022.03.01-02.50.35:925][  0]LogConfig: Setting CVar [[r.HairStrands.Visibility.MSAA.SamplePerPixel:4]]
[2022.03.01-02.50.35:925][  0]LogConfig: Applying CVar settings from Section [Startup] File [../../../Engine/Config/ConsoleVariables.ini]
[2022.03.01-02.50.35:926][  0]LogConfig: Setting CVar [[net.UseAdaptiveNetUpdateFrequency:0]]
[2022.03.01-02.50.35:926][  0]LogConfig: Setting CVar [[p.chaos.AllowCreatePhysxBodies:1]]
[2022.03.01-02.50.35:926][  0]LogConfig: Setting CVar [[fx.SkipVectorVMBackendOptimizations:1]]
[2022.03.01-02.50.35:926][  0]LogConfig: Applying CVar settings from Section [ConsoleVariables] File [D:/个人游戏/Space FPS/SpaceFPS/FPS/FPSDemo/Saved/Config/Windows/Engine.ini]
[2022.03.01-02.50.35:926][  0]LogConfig: Applying CVar settings from Section [ConsoleVariables] File [D:/个人游戏/Space FPS/SpaceFPS/FPS/FPSDemo/Saved/Config/Windows/Editor.ini]
[2022.03.01-02.50.35:926][  0]LogInit: Computer: MSI
[2022.03.01-02.50.35:926][  0]LogInit: User: w1y2f
[2022.03.01-02.50.35:926][  0]LogInit: CPU Page size=4096, Cores=8
[2022.03.01-02.50.35:926][  0]LogInit: High frequency timer resolution =10.000000 MHz
[2022.03.01-02.50.35:926][  0]LogMemory: Memory total: Physical=15.7GB (16GB approx)
[2022.03.01-02.50.35:926][  0]LogMemory: Platform Memory Stats for Windows
[2022.03.01-02.50.35:926][  0]LogMemory: Process Physical Memory: 149.36 MB used, 149.37 MB peak
[2022.03.01-02.50.35:926][  0]LogMemory: Process Virtual Memory: 133.12 MB used, 133.12 MB peak
[2022.03.01-02.50.35:926][  0]LogMemory: Physical Memory: 13590.90 MB used,  2494.61 MB free, 16085.50 MB total
[2022.03.01-02.50.35:926][  0]LogMemory: Virtual Memory: 134185904.00 MB used,  31823.82 MB free, 134217728.00 MB total
[2022.03.01-02.50.35:963][  0]LogWindows: WindowsPlatformFeatures enabled
[2022.03.01-02.50.35:996][  0]LogInit: Physics initialised using underlying interface: PhysX
[2022.03.01-02.50.35:997][  0]LogInit: Using OS detected language (en-US).
[2022.03.01-02.50.35:997][  0]LogInit: Using OS detected locale (en-US).
[2022.03.01-02.50.35:999][  0]LogTextLocalizationManager: No specific localization for 'en-US' exists, so the 'en' localization will be used.
[2022.03.01-02.50.36:202][  0]LogInit: Setting process to per monitor DPI aware
[2022.03.01-02.50.36:219][  0]LogWindowsTextInputMethodSystem: Display: IME system deactivated.
[2022.03.01-02.50.36:231][  0]LogSlate: New Slate User Created.  User Index 0, Is Virtual User: 0
[2022.03.01-02.50.36:231][  0]LogSlate: Slate User Registered.  User Index 0, Is Virtual User: 0
[2022.03.01-02.50.36:323][  0]LogD3D11RHI: Loaded GFSDK_Aftermath_Lib.x64.dll
[2022.03.01-02.50.36:336][  0]LogHMD: Failed to initialize OpenVR with code 110
[2022.03.01-02.50.36:336][  0]LogD3D11RHI: D3D11 min allowed feature level: 11_0
[2022.03.01-02.50.36:336][  0]LogD3D11RHI: D3D11 max allowed feature level: 11_0
[2022.03.01-02.50.36:336][  0]LogD3D11RHI: D3D11 adapters:
[2022.03.01-02.50.36:426][  0]LogD3D11RHI:    0. 'NVIDIA GeForce RTX 3080 Laptop GPU' (Feature Level 11_0)
[2022.03.01-02.50.36:426][  0]LogD3D11RHI:       8041/0/8042 MB DedicatedVideo/DedicatedSystem/SharedSystem, Outputs:1, VendorId:0x10de
[2022.03.01-02.50.36:489][  0]LogD3D11RHI:    1. 'Intel(R) UHD Graphics' (Feature Level 11_0)
[2022.03.01-02.50.36:489][  0]LogD3D11RHI:       128/0/8042 MB DedicatedVideo/DedicatedSystem/SharedSystem, Outputs:0, VendorId:0x8086
[2022.03.01-02.50.36:491][  0]LogD3D11RHI:    2. 'Microsoft Basic Render Driver' (Feature Level 11_0)
[2022.03.01-02.50.36:491][  0]LogD3D11RHI:       0/0/8042 MB DedicatedVideo/DedicatedSystem/SharedSystem, Outputs:0, VendorId:0x1414
[2022.03.01-02.50.36:491][  0]LogD3D11RHI: Chosen D3D11 Adapter:
[2022.03.01-02.50.36:491][  0]LogD3D11RHI:     Description : NVIDIA GeForce RTX 3080 Laptop GPU
[2022.03.01-02.50.36:491][  0]LogD3D11RHI:     VendorId    : 10de
[2022.03.01-02.50.36:491][  0]LogD3D11RHI:     DeviceId    : 249c
[2022.03.01-02.50.36:491][  0]LogD3D11RHI:     SubSysId    : 12fb1462
[2022.03.01-02.50.36:491][  0]LogD3D11RHI:     Revision    : 00a1
[2022.03.01-02.50.36:491][  0]LogD3D11RHI:     DedicatedVideoMemory : 8431599616 bytes
[2022.03.01-02.50.36:491][  0]LogD3D11RHI:     DedicatedSystemMemory : 0 bytes
[2022.03.01-02.50.36:491][  0]LogD3D11RHI:     SharedSystemMemory : 8433436672 bytes
[2022.03.01-02.50.36:491][  0]LogD3D11RHI:     AdapterLuid : 0 60116
[2022.03.01-02.50.36:498][  0]LogD3D11RHI: Creating new Direct3DDevice
[2022.03.01-02.50.36:498][  0]LogD3D11RHI:     GPU DeviceId: 0x249c (for the marketing name, search the web for "GPU Device Id")
[2022.03.01-02.50.36:498][  0]LogWindows: EnumDisplayDevices:
[2022.03.01-02.50.36:498][  0]LogWindows:    0. 'Intel(R) UHD Graphics' (P:1 D:1)
[2022.03.01-02.50.36:498][  0]LogWindows:    1. 'Intel(R) UHD Graphics' (P:0 D:0)
[2022.03.01-02.50.36:499][  0]LogWindows:    2. 'Intel(R) UHD Graphics' (P:0 D:0)
[2022.03.01-02.50.36:499][  0]LogWindows:    3. 'NVIDIA GeForce RTX 3080 Laptop GPU' (P:0 D:0)
[2022.03.01-02.50.36:499][  0]LogWindows:    4. 'NVIDIA GeForce RTX 3080 Laptop GPU' (P:0 D:0)
[2022.03.01-02.50.36:499][  0]LogWindows:    5. 'NVIDIA GeForce RTX 3080 Laptop GPU' (P:0 D:0)
[2022.03.01-02.50.36:499][  0]LogWindows:    6. 'NVIDIA GeForce RTX 3080 Laptop GPU' (P:0 D:0)
[2022.03.01-02.50.36:499][  0]LogWindows: DebugString: PrimaryIsNotTheChoosenAdapter PrimaryIsNotTheChoosenAdapter PrimaryIsNotTheChoosenAdapter FoundDriverCount:4 
[2022.03.01-02.50.36:499][  0]LogD3D11RHI:     Adapter Name: NVIDIA GeForce RTX 3080 Laptop GPU
[2022.03.01-02.50.36:499][  0]LogD3D11RHI:   Driver Version: 471.41 (internal:30.0.14.7141, unified:471.41)
[2022.03.01-02.50.36:499][  0]LogD3D11RHI:      Driver Date: 7-12-2021
[2022.03.01-02.50.36:499][  0]LogRHI: Texture pool is 5628 MB (70% of 8041 MB)
[2022.03.01-02.50.36:499][  0]LogD3D11RHI: Creating D3DDevice using adapter:
[2022.03.01-02.50.36:499][  0]LogD3D11RHI:     Description : NVIDIA GeForce RTX 3080 Laptop GPU
[2022.03.01-02.50.36:499][  0]LogD3D11RHI:     VendorId    : 10de
[2022.03.01-02.50.36:499][  0]LogD3D11RHI:     DeviceId    : 249c
[2022.03.01-02.50.36:499][  0]LogD3D11RHI:     SubSysId    : 12fb1462
[2022.03.01-02.50.36:499][  0]LogD3D11RHI:     Revision    : 00a1
[2022.03.01-02.50.36:499][  0]LogD3D11RHI:     DedicatedVideoMemory : 8431599616 bytes
[2022.03.01-02.50.36:499][  0]LogD3D11RHI:     DedicatedSystemMemory : 0 bytes
[2022.03.01-02.50.36:499][  0]LogD3D11RHI:     SharedSystemMemory : 8433436672 bytes
[2022.03.01-02.50.36:499][  0]LogD3D11RHI:     AdapterLuid : 0 60116
[2022.03.01-02.50.36:563][  0]LogD3D11RHI: RHI has support for 64 bit atomics
[2022.03.01-02.50.36:563][  0]LogD3D11RHI: Async texture creation enabled
[2022.03.01-02.50.36:563][  0]LogD3D11RHI: Array index from any shader is supported
[2022.03.01-02.50.36:580][  0]LogD3D11RHI: GPU Timing Frequency: 1000.000000 (Debug: 2 1)
[2022.03.01-02.50.36:596][  0]LogRHI: GeForceNow SDK initialized: 1
[2022.03.01-02.50.36:849][  0]LogTargetPlatformManager: Display: Loaded TargetPlatform 'AllDesktop'
[2022.03.01-02.50.36:872][  0]LogTargetPlatformManager: Display: Loaded TargetPlatform 'Android'
[2022.03.01-02.50.36:872][  0]LogTargetPlatformManager: Display: Loaded TargetPlatform 'Android_ASTC'
[2022.03.01-02.50.36:872][  0]LogTargetPlatformManager: Display: Loaded TargetPlatform 'Android_DXT'
[2022.03.01-02.50.36:872][  0]LogTargetPlatformManager: Display: Loaded TargetPlatform 'Android_ETC2'
[2022.03.01-02.50.36:872][  0]LogTargetPlatformManager: Display: Loaded TargetPlatform 'AndroidClient'
[2022.03.01-02.50.36:872][  0]LogTargetPlatformManager: Display: Loaded TargetPlatform 'Android_ASTCClient'
[2022.03.01-02.50.36:872][  0]LogTargetPlatformManager: Display: Loaded TargetPlatform 'Android_DXTClient'
[2022.03.01-02.50.36:872][  0]LogTargetPlatformManager: Display: Loaded TargetPlatform 'Android_ETC2Client'
[2022.03.01-02.50.36:872][  0]LogTargetPlatformManager: Display: Loaded TargetPlatform 'Android_Multi'
[2022.03.01-02.50.36:872][  0]LogTargetPlatformManager: Display: Loaded TargetPlatform 'Android_MultiClient'
[2022.03.01-02.50.36:885][  0]LogTargetPlatformManager: Display: Loaded TargetPlatform 'IOSClient'
[2022.03.01-02.50.36:885][  0]LogTargetPlatformManager: Display: Loaded TargetPlatform 'IOS'
[2022.03.01-02.50.36:900][  0]LogTargetPlatformManager: Display: Loaded TargetPlatform 'Linux'
[2022.03.01-02.50.36:912][  0]LogTargetPlatformManager: Display: Loaded TargetPlatform 'LinuxNoEditor'
[2022.03.01-02.50.36:916][  0]LogTargetPlatformManager: Display: Loaded TargetPlatform 'LinuxClient'
[2022.03.01-02.50.36:920][  0]LogTargetPlatformManager: Display: Loaded TargetPlatform 'LinuxServer'
[2022.03.01-02.50.36:927][  0]LogTargetPlatformManager: Display: Loaded TargetPlatform 'LinuxAArch64NoEditor'
[2022.03.01-02.50.36:930][  0]LogTargetPlatformManager: Display: Loaded TargetPlatform 'LinuxAArch64Client'
[2022.03.01-02.50.36:934][  0]LogTargetPlatformManager: Display: Loaded TargetPlatform 'LinuxAArch64Server'
[2022.03.01-02.50.36:954][  0]LogTargetPlatformManager: Display: Loaded TargetPlatform 'Lumin'
[2022.03.01-02.50.36:954][  0]LogTargetPlatformManager: Display: Loaded TargetPlatform 'LuminClient'
[2022.03.01-02.50.36:962][  0]LogTargetPlatformManager: Display: Loaded TargetPlatform 'MacNoEditor'
[2022.03.01-02.50.36:969][  0]LogTargetPlatformManager: Display: Loaded TargetPlatform 'Mac'
[2022.03.01-02.50.36:975][  0]LogTargetPlatformManager: Display: Loaded TargetPlatform 'MacClient'
[2022.03.01-02.50.36:980][  0]LogTargetPlatformManager: Display: Loaded TargetPlatform 'MacServer'
[2022.03.01-02.50.36:991][  0]LogTargetPlatformManager: Display: Loaded TargetPlatform 'TVOSClient'
[2022.03.01-02.50.36:991][  0]LogTargetPlatformManager: Display: Loaded TargetPlatform 'TVOS'
[2022.03.01-02.50.37:000][  0]LogTargetPlatformManager: Display: Loaded TargetPlatform 'WindowsNoEditor'
[2022.03.01-02.50.37:008][  0]LogTargetPlatformManager: Display: Loaded TargetPlatform 'Windows'
[2022.03.01-02.50.37:014][  0]LogTargetPlatformManager: Display: Loaded TargetPlatform 'WindowsClient'
[2022.03.01-02.50.37:018][  0]LogTargetPlatformManager: Display: Loaded TargetPlatform 'WindowsServer'
[2022.03.01-02.50.37:018][  0]LogTargetPlatformManager: Display: Building Assets For Windows
[2022.03.01-02.50.37:023][  0]LogAudioDebug: Display: Lib vorbis DLL was dynamically loaded.
[2022.03.01-02.50.37:052][  0]LogTextureFormatOodle: Display: Oodle Texture 2.9.0 init RDO Off
[2022.03.01-02.50.37:088][  0]LogRendererCore: Ray tracing is disabled. Reason: r.RayTracing=0.
[2022.03.01-02.50.37:088][  0]LogShaderCompilers: Guid format shader working directory is -5 characters bigger than the processId version (../../../../../个人游戏/Space FPS/SpaceFPS/FPS/FPSDemo/Intermediate/Shaders/WorkingDirectory/25732/).
[2022.03.01-02.50.37:088][  0]LogShaderCompilers: Cleaned the shader compiler working directory 'C:/Users/w1y2f/AppData/Local/Temp/UnrealShaderWorkingDir/535DEEDC4F7EEB006AFAEC8A7025DDF2/'.
[2022.03.01-02.50.37:088][  0]LogXGEController: Cannot use XGE Controller as Incredibuild is not installed on this machine.
[2022.03.01-02.50.37:089][  0]LogShaderCompilers: Cannot use XGE Shader Compiler as Incredibuild is not installed on this machine.
[2022.03.01-02.50.37:089][  0]LogShaderCompilers: Display: Using Local Shader Compiler.
[2022.03.01-02.50.37:736][  0]LogDerivedDataCache: Display: Max Cache Size: 512 MB
[2022.03.01-02.50.37:803][  0]LogDerivedDataCache: Loaded boot cache 0.07s 94MB C:/Users/w1y2f/AppData/Local/UnrealEngine/4.27/DerivedDataCache/Boot.ddc.
[2022.03.01-02.50.37:803][  0]LogDerivedDataCache: Display: Loaded Boot cache: C:/Users/w1y2f/AppData/Local/UnrealEngine/4.27/DerivedDataCache/Boot.ddc
[2022.03.01-02.50.37:803][  0]LogDerivedDataCache: FDerivedDataBackendGraph:  Pak pak cache file ../../../../../个人游戏/Space FPS/SpaceFPS/FPS/FPSDemo/DerivedDataCache/DDC.ddp not found, will not use a pak cache.
[2022.03.01-02.50.37:803][  0]LogDerivedDataCache: Unable to find inner node Pak for hierarchical cache Hierarchy.
[2022.03.01-02.50.37:803][  0]LogDerivedDataCache: FDerivedDataBackendGraph:  CompressedPak pak cache file ../../../../../个人游戏/Space FPS/SpaceFPS/FPS/FPSDemo/DerivedDataCache/Compressed.ddp not found, will not use a pak cache.
[2022.03.01-02.50.37:803][  0]LogDerivedDataCache: Unable to find inner node CompressedPak for hierarchical cache Hierarchy.
[2022.03.01-02.50.37:818][  0]LogDerivedDataCache: Display: Pak cache opened for reading ../../../Engine/DerivedDataCache/Compressed.ddp.
[2022.03.01-02.50.37:818][  0]LogDerivedDataCache: FDerivedDataBackendGraph:  EnterprisePak pak cache file ../../../Enterprise/DerivedDataCache/Compressed.ddp not found, will not use a pak cache.
[2022.03.01-02.50.37:818][  0]LogDerivedDataCache: Unable to find inner node EnterprisePak for hierarchical cache Hierarchy.
[2022.03.01-02.50.37:829][  0]LogDerivedDataCache: Speed tests for C:/Users/w1y2f/AppData/Local/UnrealEngine/Common/DerivedDataCache took 0.01 seconds
[2022.03.01-02.50.37:829][  0]LogDerivedDataCache: Display: Performance to C:/Users/w1y2f/AppData/Local/UnrealEngine/Common/DerivedDataCache: Latency=0.04ms. RandomReadSpeed=268.24MBs, RandomWriteSpeed=142.36MBs. Assigned SpeedClass 'Local'
[2022.03.01-02.50.37:830][  0]LogDerivedDataCache: Using Local data cache path C:/Users/w1y2f/AppData/Local/UnrealEngine/Common/DerivedDataCache: Writable
[2022.03.01-02.50.37:830][  0]LogDerivedDataCache: Shared data cache path not found in *engine.ini, will not use an Shared cache.
[2022.03.01-02.50.37:830][  0]LogDerivedDataCache: Unable to find inner node Shared for hierarchical cache Hierarchy.
[2022.03.01-02.50.37:868][  0]LogSlate: Using FreeType 2.10.0
[2022.03.01-02.50.37:868][  0]LogSlate: SlateFontServices - WITH_FREETYPE: 1, WITH_HARFBUZZ: 1
[2022.03.01-02.50.37:890][  0]LogAssetRegistry: FAssetRegistry took 0.0022 seconds to start up
[2022.03.01-02.50.38:149][  0]LogInit: Selected Device Profile: [Windows]
[2022.03.01-02.50.38:149][  0]LogInit: Active device profile: [0000026DEE041400][0000026DED293B40 49] Windows
[2022.03.01-02.50.38:149][  0]LogInit: Profiles: [0000026DEE041400][0000026DED293B40 49] Windows, [0000026DEDF93F00][0000026DED2A0140 49] WindowsNoEditor, [0000026DEDF9F500][0000026DED2A42C0 49] WindowsServer, [0000026DEDF92F00][0000026DED2A8440 49] WindowsClient, [0000026DEDF9CA00][0000026DED296580 49] IOS, [0000026DEDF92200][0000026DED3646C0 49] iPadAir, [0000026DEDF9E000][0000026DED368800 49] iPadAir2, [0000026DEDEAC600][0000026DED37AA80 49] IPadPro, [0000026DEDEAC700][0000026DED36CAC0 49] iPadAir3, [0000026DEDF91300][0000026DED384C40 49] iPadAir4, [0000026DEDEAD400][0000026DED388DC0 49] iPadMini2, [0000026DEDF93300][0000026DED38CF40 49] iPadMini3, [0000026DEDEADF00][0000026DED3910C0 49] iPadMini4, [0000026DEDF91B00][0000026DED395240 49] iPadMini5, [0000026DEDE4FE00][0000026DED39D500 49] iPhone6, [0000026DEDE4FF00][0000026DED399540 49] iPodTouch6, [0000026DEDF9E600][0000026DED3A5800 49] iPhone7, [0000026DEDF9F600][0000026DED3A1840 49] iPodTouch7, [0000026DEDEAF900][0000026DED3A99C0 49] iPhone5S, [0000026DEDF9FF00][0000026DED3B1B40 49] iPhone6Plus, [0000026DEDEAE400][0000026DED3B4140 49] iPhone6S, [0000026DEDE4C100][0000026DED3B82C0 49] iPhone6SPlus, [0000026DEDF9DD00][0000026DED3BC440 49] iPhone7Plus, [0000026DEDE4FA00][0000026DED3C05C0 49] iPhoneSE, [0000026DEDF9E900][0000026DED3C4740 49] iPhone8, [0000026DEDEAEF00][0000026DED376880 49] iPhone8Plus, [0000026DEDE4DC00][0000026DED3C89C0 49] iPhoneX, [0000026DEDEAFA00][0000026DED3D4B00 49] iPhoneXS, [0000026DEDE4DB00][0000026DED3DCC80 49] iPhoneXSMax, [0000026DEDF9D400][0000026DED3E0E00 49] iPhoneXR, [0000026DEDE4D400][0000026DED3E4F80 49] iPhone11, [0000026DEDF9E800][0000026DED3E9100 49] iPhone11Pro, [0000026DEDE4E900][0000026DED3ED280 49] iPhone11ProMax, [0000026DEDF9EE00][0000026DED3F1400 49] iPhoneSE2, [0000026DEDE4F600][0000026DED3F5580 49] iPhone12Mini, [0000026DEDF9FC00][0000026DED4CB700 49] iPhone12, [0000026DEDE4CE00][0000026DED4CF880 49] iPhone12Pro, [0000026DEDF9C600][0000026DED4D3A00 49] iPhone12ProMax, [0000026DEDE4E800][0000026DED4D7B80 49] iPadPro105, [0000026DEDF9E200][0000026DED4DA180 49] iPadPro129, [0000026DEDE4D700][0000026DED4DE300 49] iPadPro97, [0000026DEDF9D900][0000026DED4E2480 49] iPadPro2_129, [0000026DEDE4DE00][0000026DED4E6600 49] iPad5, [0000026DEDF9C200][0000026DED4EA780 49] iPad6, [0000026DEDE4C900][0000026DED4EE900 49] iPad7, [0000026DEDF9CE00][0000026DED3D8A40 49] iPad8, [0000026DEDE4D800][0000026DED4F2B80 49] iPadPro11, [0000026DEDF9F700][0000026DED51ECC0 49] iPadPro2_11, [0000026DEDE4F100][0000026DED52AE40 49] iPadPro3_129, [0000026DEDF9E100][0000026DED52EFC0 49] iPadPro4_129, [0000026DEDE4C500][0000026DED533140 49] AppleTV, [0000026DEDF9CD00][0000026DED5372C0 49] AppleTV4K, [0000026DEDE4CA00][0000026DED53B440 49] TVOS, [0000026DEDF9F400][0000026DED5735C0 49] Mac, [0000026DEDE4C600][0000026DED587740 49] MacClient, [0000026DEDF9DB00][0000026DED58B8C0 49] MacNoEditor, [0000026DEDE4FC00][0000026DECBADA40 49] MacServer, [0000026DEDF9F000][0000026DECBB1BC0 49] Linux, [0000026DEDE4E100][0000026DECBB41C0 49] LinuxAArch64, [0000026DEDF9E400][0000026DECBB8340 49] LinuxNoEditor, [0000026DEDE4C200][0000026DECBBC4C0 49] LinuxAArch64NoEditor, [0000026DEDF9F300][0000026DECBC0640 49] LinuxClient, [0000026DEDE4D900][0000026DECBC47C0 49] LinuxAArch64Client, [0000026DEDF9FE00][0000026DECBC8940 49] LinuxServer, [0000026DEDE4EF00][0000026DECBCCAC0 49] LinuxAArch64Server, [0000026DEDF9F800][0000026DED526C00 49] Android, [0000026DEDE4DA00][0000026DECBD0D40 49] Android_Low, [0000026DEDF9D800][0000026DECBD4E80 49] Android_Mid, [0000026DEDE4CB00][0000026DECBD8FC0 49] Android_High, [0000026DEDF9CF00][0000026DECBE1140 49] Android_Default, [0000026DEDE4E300][0000026DECBE52C0 49] Android_Adreno4xx, [0000026DEDF9F100][0000026DECBE9440 49] Android_Adreno5xx_Low, [0000026DEDE4C700][0000026DECBED5C0 49] Android_Adreno5xx, [0000026DEDF9E500][0000026DECBF1740 49] Android_Adreno6xx, [0000026DEDE4F300][0000026DECBF58C0 49] Android_Adreno6xx_Vulkan, [0000026DEE042D00][0000026DECBF9A40 49] Android_Mali_T6xx, [0000026DEDEAEE00][0000026DECBFDBC0 49] Android_Mali_T7xx, [0000026DEE041200][0000026DECC001C0 49] Android_Mali_T8xx, [0000026DEDEACF00][0000026DECC04340 49] Android_Mali_G71, [0000026DEE040C00][0000026DECC084C0 49] Android_Mali_G72, [0000026DEDEAC800][0000026DECC0C640 49] Android_Mali_G72_Vulkan, [0000026DEE041900][0000026DECC107C0 49] Android_Mali_G76, [0000026DEDEAEB00][0000026DECC14940 49] Android_Mali_G76_Vulkan, [0000026DEE042C00][0000026DECC18AC0 49] Android_Mali_G77, [0000026DEDEAFE00][0000026DECC1CC40 49] Android_Mali_G77_Vulkan, [0000026DEE040D00][0000026DECBDCD80 49] Android_Mali_G78, [0000026DEDEADC00][0000026DDF95AEC0 49] Android_Mali_G78_Vulkan, [0000026DEE042E00][0000026DDF95F000 49] Android_Mali_G710, [0000026DEDEAFB00][0000026DDF963140 49] Android_Mali_G710_Vulkan, [0000026DEE043100][0000026DDF96B2C0 49] Android_Vulkan_SM5, [0000026DEDEAE900][0000026DDF96F440 49] Android_PowerVR_G6xxx, [0000026DEE042400][0000026DDF9735C0 49] Android_PowerVR_GT7xxx, [0000026DEDEAC200][0000026DDF977740 49] Android_PowerVR_GE8xxx, [0000026DEE040400][0000026DDF97B8C0 49] Android_PowerVR_GM9xxx, [0000026DEDEAC300][0000026DDF97FA40 49] Android_PowerVR_GM9xxx_Vulkan, [0000026DEE042F00][0000026DDF983BC0 49] Android_TegraK1, [0000026DEDEAD000][0000026DDF9861C0 49] Android_Unknown_Vulkan, [0000026DEDE4DD00][0000026DDF98A340 49] Lumin, [0000026DEDEACC00][0000026DDF98E4C0 49] Lumin_Desktop, [0000026DEDE4D000][0000026DDF992640 49] HoloLens, 
[2022.03.01-02.50.38:252][  0]LogMeshReduction: Using QuadricMeshReduction for automatic static mesh reduction
[2022.03.01-02.50.38:252][  0]LogMeshReduction: Using SimplygonMeshReduction for automatic skeletal mesh reduction
[2022.03.01-02.50.38:252][  0]LogMeshReduction: Using ProxyLODMeshReduction for automatic mesh merging
[2022.03.01-02.50.38:252][  0]LogMeshReduction: No distributed automatic mesh merging module available
[2022.03.01-02.50.38:252][  0]LogMeshMerging: No distributed automatic mesh merging module available
[2022.03.01-02.50.38:270][  0]LogNetVersion: FPSDemo 1.0.0, NetCL: 17155196, EngineNetVer: 17, GameNetVer: 0 (Checksum: 2141405530)
[2022.03.01-02.50.38:619][  0]LogTexture: Default maximum texture size for cubemaps generated from long-lat sources has been changed from 512 to unlimited. In order to preserve old behaiour for '/Engine/MapTemplates/Sky/DaylightAmbientCubemap.DaylightAmbientCubemap', its maximum texture size has been explicitly set to 512.
[2022.03.01-02.50.38:679][  0]LogHMD: PokeAHoleMaterial loaded successfully
[2022.03.01-02.50.38:685][  0]LogUObjectArray: 17178 objects as part of root set at end of initial load.
[2022.03.01-02.50.38:685][  0]LogUObjectAllocator: 4302048 out of 0 bytes used by permanent object pool.
[2022.03.01-02.50.38:685][  0]LogUObjectArray: CloseDisregardForGC: 0/0 objects in disregard for GC pool
[2022.03.01-02.50.38:958][  0]LogNiagaraDebuggerClient: Niagara Debugger Client Initialized | Session: FB721AC946FDB4D3835A34806FDDA187 | Instance: 92335F8B4E428992C20B01BCBB674666 (MSI-25732).
[2022.03.01-02.50.38:994][  0]LogPython: Using Python 3.7.7
[2022.03.01-02.50.39:583][  0]LogTcpMessaging: Initializing TcpMessaging bridge
[2022.03.01-02.50.39:587][  0]LogUdpMessaging: Initializing bridge on interface 0.0.0.0:0 to multicast group 230.0.0.1:6666.
[2022.03.01-02.50.39:755][  0]SourceControl: Source control is disabled
[2022.03.01-02.50.39:755][  0]SourceControl: Source control is disabled
[2022.03.01-02.50.39:778][  0]SourceControl: Source control is disabled
[2022.03.01-02.50.39:829][  0]SourceControl: Source control is disabled
[2022.03.01-02.50.39:843][  0]SourceControl: Source control is disabled
[2022.03.01-02.50.39:870][  0]LogOpenImageDenoise: OIDN starting up
[2022.03.01-02.50.39:915][  0]LogAndroidPermission: UAndroidPermissionCallbackProxy::GetInstance
[2022.03.01-02.50.39:953][  0]LogAudioCaptureCore: Display: No Audio Capture implementations found. Audio input will be silent.
[2022.03.01-02.50.39:953][  0]LogAudioCaptureCore: Display: No Audio Capture implementations found. Audio input will be silent.
[2022.03.01-02.50.40:065][  0]LogUProjectInfo: Found projects:
[2022.03.01-02.50.40:069][  0]LogVSAccessor: Display: Unable to create Visual Studio setup instance: 80040154
[2022.03.01-02.50.40:070][  0]LogVSAccessor: Display: Unable to create Visual Studio setup instance: 80040154
[2022.03.01-02.50.40:071][  0]LogVSAccessor: Display: Unable to create Visual Studio setup instance: 80040154
[2022.03.01-02.50.40:112][  0]LogCollectionManager: Loaded 0 collections in 0.000545 seconds
[2022.03.01-02.50.40:147][  0]LogFileCache: Scanning file cache for directory 'D:/个人游戏/Space FPS/SpaceFPS/FPS/FPSDemo/Saved/Collections/' took 0.00s
[2022.03.01-02.50.40:147][  0]LogFileCache: Scanning file cache for directory 'D:/个人游戏/Space FPS/SpaceFPS/FPS/FPSDemo/Content/Developers/w1y2f/Collections/' took 0.00s
[2022.03.01-02.50.40:147][  0]LogFileCache: Scanning file cache for directory 'D:/个人游戏/Space FPS/SpaceFPS/FPS/FPSDemo/Content/Collections/' took 0.00s
[2022.03.01-02.50.40:147][  0]LogOcInput: OculusInput pre-init called
[2022.03.01-02.50.40:414][  0]LogEngine: Initializing Engine...
[2022.03.01-02.50.40:453][  0]LogHMD: Optional extension XR_VARJO_quad_views is not available
[2022.03.01-02.50.40:453][  0]LogHMD: Warning: Required extension XR_EXT_eye_gaze_interaction is not available
[2022.03.01-02.50.40:453][  0]LogHMD: Could not enable all required OpenXR extensions for OpenXREyeTracker on current system. This plugin will be loaded but ignored, but will be enabled on a target platform that supports the required extension.
[2022.03.01-02.50.40:956][  0]LogHMD: Failed to get an OpenXR system, result is XR_ERROR_FORM_FACTOR_UNAVAILABLE. Please check that your runtime supports VR headsets.
[2022.03.01-02.50.40:956][  0]LogHMD: Failed to initialize OpenVR with code 110
[2022.03.01-02.50.40:956][  0]LogMagicLeap: Warning: VR disabled because ZI is not enabled.  To enable, in the editor, Edit -> Project Settings -> Plugins -> Magic Leap Plugin -> Enable Zero Iteration
[2022.03.01-02.50.40:957][  0]LogStats: UGameplayTagsManager::InitializeManager -  0.000 s
[2022.03.01-02.50.41:136][  0]LogInit: Initializing FReadOnlyCVARCache
[2022.03.01-02.50.41:147][  0]LogAIModule: Creating AISystem for world Untitled
[2022.03.01-02.50.41:150][  0]LogAudio: Display: Initializing Audio Device Manager...
[2022.03.01-02.50.41:153][  0]LogAudio: Display: Loading Default Audio Settings Objects...
[2022.03.01-02.50.41:153][  0]LogAudio: Display: No default SoundConcurrencyObject specified (or failed to load).
[2022.03.01-02.50.41:154][  0]LogAudio: Display: Audio Device Manager Initialized
[2022.03.01-02.50.41:154][  0]LogAudio: Display: Creating Audio Device:                 Id: 1, Scope: Shared, Realtime: True
[2022.03.01-02.50.41:154][  0]LogAudioMixer: Display: Audio Mixer Platform Settings:
[2022.03.01-02.50.41:154][  0]LogAudioMixer: Display: 	Sample Rate:						  48000
[2022.03.01-02.50.41:154][  0]LogAudioMixer: Display: 	Callback Buffer Frame Size Requested: 1024
[2022.03.01-02.50.41:154][  0]LogAudioMixer: Display: 	Callback Buffer Frame Size To Use:	  1024
[2022.03.01-02.50.41:154][  0]LogAudioMixer: Display: 	Number of buffers to queue:			  2
[2022.03.01-02.50.41:154][  0]LogAudioMixer: Display: 	Max Channels (voices):				  32
[2022.03.01-02.50.41:154][  0]LogAudioMixer: Display: 	Number of Async Source Workers:		  0
[2022.03.01-02.50.41:154][  0]LogAudio: Display: AudioDevice MaxSources: 32
[2022.03.01-02.50.41:154][  0]LogAudio: Display: Audio Spatialization Plugin: None (built-in).
[2022.03.01-02.50.41:154][  0]LogAudio: Display: Audio Reverb Plugin: None (built-in).
[2022.03.01-02.50.41:154][  0]LogAudio: Display: Audio Occlusion Plugin: None (built-in).
[2022.03.01-02.50.41:154][  0]LogAudioMixer: Display: Initializing audio mixer.
[2022.03.01-02.50.41:212][  0]LogAudioMixer: Warning: Did not find the channel type flags for audio device 'Headset (WH-1000XM4 Hands-Free AG Audio)'. Reverting to a default channel ordering.
[2022.03.01-02.50.41:212][  0]LogAudioMixer: Display: 0: FrontLeft
[2022.03.01-02.50.41:212][  0]LogAudioMixer: Display: 1: FrontRight
[2022.03.01-02.50.41:225][  0]LogAudioMixer: Display: Using Audio Device Headset (WH-1000XM4 Hands-Free AG Audio)
[2022.03.01-02.50.41:229][  0]LogAudioMixer: Display: Initializing Sound Submixes...
[2022.03.01-02.50.41:231][  0]LogAudioMixer: Display: Creating Master Submix 'MasterSubmixDefault'
[2022.03.01-02.50.41:231][  0]LogAudioMixer: Display: Creating Master Submix 'MasterReverbSubmixDefault'
[2022.03.01-02.50.41:232][  0]LogAudioMixer: Display: Creating Master Submix 'MasterEQSubmixDefault'
[2022.03.01-02.50.41:232][  0]LogAudioMixer: FMixerPlatformXAudio2::StartAudioStream() called
[2022.03.01-02.50.41:232][  0]LogAudioMixer: Display: Output buffers initialized: Frames=1024, Channels=2, Samples=2048
[2022.03.01-02.50.41:234][  0]LogAudioMixer: Display: Starting AudioMixerPlatformInterface::RunInternal()
[2022.03.01-02.50.41:234][  0]LogAudioMixer: Display: FMixerPlatformXAudio2::SubmitBuffer() called for the first time
[2022.03.01-02.50.41:234][  0]LogInit: FAudioDevice initialized.
[2022.03.01-02.50.41:234][  0]LogAudio: Display: Audio Device (ID: 1) registered with world 'Untitled'.
[2022.03.01-02.50.41:234][  0]LogNetVersion: Set ProjectVersion to 1.0.0.0. Version Checksum will be recalculated on next use.
[2022.03.01-02.50.41:303][  0]LogDerivedDataCache: Saved boot cache 0.07s 94MB C:/Users/w1y2f/AppData/Local/UnrealEngine/4.27/DerivedDataCache/Boot.ddc.
[2022.03.01-02.50.41:303][  0]LogInit: Texture streaming: Enabled
[2022.03.01-02.50.41:315][  0]LogAnalytics: Display: [UEEditor.Rocket.Release] APIServer = https://datarouter.ol.epicgames.com/. AppVersion = 4.27.2-18319896+++UE4+Release-4.27
[2022.03.01-02.50.41:317][  0]LogEngineSessionManager: EngineSessionManager initialized
[2022.03.01-02.50.41:317][  0]LogEditorSessionSummary: Verbose: Initializing EditorSessionSummaryWriter for editor session tracking
[2022.03.01-02.50.41:320][  0]LogEditorSessionSummary: EditorSessionSummaryWriter initialized
[2022.03.01-02.50.41:366][  0]LogInit: Transaction tracking system initialized
[2022.03.01-02.50.41:383][  0]BlueprintLog: New page: Editor Load
[2022.03.01-02.50.41:433][  0]LocalizationService: Localization service is disabled
[2022.03.01-02.50.41:453][  0]TimingProfiler: Initialize
[2022.03.01-02.50.41:453][  0]TimingProfiler: OnSessionChanged
[2022.03.01-02.50.41:453][  0]LoadingProfiler: Initialize
[2022.03.01-02.50.41:453][  0]LoadingProfiler: OnSessionChanged
[2022.03.01-02.50.41:453][  0]NetworkingProfiler: Initialize
[2022.03.01-02.50.41:453][  0]NetworkingProfiler: OnSessionChanged
[2022.03.01-02.50.41:453][  0]MemoryProfiler: Initialize
[2022.03.01-02.50.41:453][  0]MemoryProfiler: OnSessionChanged
[2022.03.01-02.50.41:504][  0]LogVSAccessor: Display: Unable to create Visual Studio setup instance: 80040154
[2022.03.01-02.50.41:504][  0]LogVSAccessor: Display: Unable to create Visual Studio setup instance: 80040154
[2022.03.01-02.50.41:505][  0]LogVSAccessor: Display: Unable to create Visual Studio setup instance: 80040154
[2022.03.01-02.50.41:593][  0]LogCook: Display: CookSettings for Memory: MemoryMaxUsedVirtual 0MiB, MemoryMaxUsedPhysical 16384MiB, MemoryMinFreeVirtual 0MiB, MemoryMinFreePhysical 1024MiB
[2022.03.01-02.50.41:594][  0]LogCook: Display: Mobile HDR setting 1
[2022.03.01-02.50.41:748][  0]LogFileCache: Scanning file cache for directory 'D:/个人游戏/Space FPS/SpaceFPS/FPS/FPSDemo/Content/' took 0.00s
[2022.03.01-02.50.41:914][  0]LogInit: Display: Engine is initialized. Leaving FEngineLoop::Init()
[2022.03.01-02.50.41:917][  0]SourceControl: Source control is disabled
[2022.03.01-02.50.41:917][  0]LogUnrealEdMisc: Loading editor; pre map load, took 7.347
[2022.03.01-02.50.41:917][  0]Cmd: MAP LOAD FILE="../../../../../个人游戏/Space FPS/SpaceFPS/FPS/FPSDemo/Content/FirstPersonBP/Maps/FirstPersonExampleMap.umap" TEMPLATE=0 SHOWPROGRESS=1 FEATURELEVEL=3
[2022.03.01-02.50.41:918][  0]LightingResults: New page: Lighting Build
[2022.03.01-02.50.41:919][  0]LogWorld: UWorld::CleanupWorld for Untitled, bSessionEnded=true, bCleanupResources=true
[2022.03.01-02.50.41:919][  0]LogSlate: InvalidateAllWidgets triggered.  All widgets were invalidated
[2022.03.01-02.50.41:919][  0]MapCheck: New page: Map Check
[2022.03.01-02.50.41:919][  0]LightingResults: New page: Lighting Build
[2022.03.01-02.50.41:924][  0]LogAudio: Display: Audio Device unregistered from world 'None'.
[2022.03.01-02.50.41:927][  0]LogUObjectHash: Compacting FUObjectHashTables data took   0.61ms
[2022.03.01-02.50.42:044][  0]LogLinker: Warning: [AssetLog] D:\个人游戏\Space FPS\SpaceFPS\FPS\FPSDemo\Content\FirstPersonBP\Maps\FirstPersonExampleMap.umap: Failed to load '/Game/FirstPersonBP/Maps/FirstPersonExampleMap_BuiltData': Can't find file.
[2022.03.01-02.50.42:045][  0]LogLinker: Warning: [AssetLog] D:\个人游戏\Space FPS\SpaceFPS\FPS\FPSDemo\Content\FirstPersonBP\Maps\FirstPersonExampleMap.umap: Failed to load '/Game/FirstPersonBP/Maps/FirstPersonExampleMap_BuiltData': Can't find file.
[2022.03.01-02.50.42:046][  0]LogLinker: Warning: [AssetLog] D:\个人游戏\Space FPS\SpaceFPS\FPS\FPSDemo\Content\FirstPersonBP\Maps\FirstPersonExampleMap.umap: Failed to load '/Game/FirstPersonBP/Maps/FirstPersonExampleMap_BuiltData': Can't find file.
[2022.03.01-02.50.42:048][  0]LogLinker: Warning: Failed to load '/Game/FirstPersonBP/Maps/FirstPersonExampleMap_BuiltData': Can't find file.
[2022.03.01-02.50.42:048][  0]LogLinker: Warning: Failed to load '/Game/FirstPersonBP/Maps/FirstPersonExampleMap_BuiltData': Can't find file.
[2022.03.01-02.50.42:096][  0]LogLinker: Warning: [AssetLog] D:\个人游戏\Space FPS\SpaceFPS\FPS\FPSDemo\Content\FirstPersonBP\Maps\FirstPersonExampleMap.umap: Failed to load '/Game/FirstPersonBP/Maps/FirstPersonExampleMap_BuiltData': Can't find file.
[2022.03.01-02.50.42:096][  0]LoadErrors: Failed to load /Game/FirstPersonBP/Maps/FirstPersonExampleMap_BuiltData.FirstPersonExampleMap_BuiltData Referenced by PersistentLevel
[2022.03.01-02.50.42:189][  0]LogAudio: Display: Audio Device (ID: 1) registered with world 'FirstPersonExampleMap'.
[2022.03.01-02.50.42:190][  0]LogAIModule: Creating AISystem for world FirstPersonExampleMap
[2022.03.01-02.50.42:207][  0]LogEditorServer: Finished looking for orphan Actors (0.000 secs)
[2022.03.01-02.50.42:217][  0]LogUObjectHash: Compacting FUObjectHashTables data took   1.90ms
[2022.03.01-02.50.42:218][  0]Cmd: MAP CHECKDEP NOCLEARLOG
[2022.03.01-02.50.42:218][  0]MapCheck: Map check complete: 0 Error(s), 0 Warning(s), took 0.196ms to complete.
[2022.03.01-02.50.42:218][  0]LogFileHelpers: Loading map 'FirstPersonExampleMap' took 0.301
[2022.03.01-02.50.42:222][  0]LogUnrealEdMisc: Total Editor Startup Time, took 7.652
[2022.03.01-02.50.42:290][  0]LogWindowsTextInputMethodSystem: Display: IME system activated using TSF (Microsoft Pinyin).
[2022.03.01-02.50.42:324][  0]LogSlate: Updating window title bar state: overlay mode, drag disabled, window buttons hidden, title bar hidden
[2022.03.01-02.50.42:330][  0]LogSlate: Updating window title bar state: overlay mode, drag disabled, window buttons hidden, title bar hidden
[2022.03.01-02.50.42:335][  0]LogSlate: Updating window title bar state: overlay mode, drag disabled, window buttons hidden, title bar hidden
[2022.03.01-02.50.42:345][  0]LogSlate: Updating window title bar state: overlay mode, drag disabled, window buttons hidden, title bar hidden
[2022.03.01-02.50.42:359][  0]LogNativeClassHierarchy: Verbose: Native class hierarchy populated in 0.0097 seconds. Added 3822 classes and 928 folders.
[2022.03.01-02.50.42:361][  0]LogNativeClassHierarchy: Verbose: Native class hierarchy updated for 'WidgetCarousel' in 0.0002 seconds. Added 0 classes and 0 folders.
[2022.03.01-02.50.42:361][  0]LogPakFile: PakFile PrimaryIndexSize=187
[2022.03.01-02.50.42:361][  0]LogPakFile: PakFile PathHashIndexSize=101
[2022.03.01-02.50.42:361][  0]LogPakFile: PakFile FullDirectoryIndexSize=148
[2022.03.01-02.50.42:361][  0]LogShaderLibrary: Display: ShaderCodeLibraryPakFileMountedCallback: PakFile 'D:/Software Downloads/UE_4.27/FeaturePacks/FP_FirstPerson.upack' (chunk index -1, root 'root:/') mounted
[2022.03.01-02.50.42:361][  0]LogShaderLibrary: Display: ShaderCodeLibraryPakFileMountedCallback: pending pak file info (ChunkID:-1 Root:root:/ File:D:/Software Downloads/UE_4.27/FeaturePacks/FP_FirstPerson.upack)
[2022.03.01-02.50.42:361][  0]LogPakFile: OnPakFileMounted2Time == 0.000040
[2022.03.01-02.50.42:362][  0]LogPakFile: PakFile PrimaryIndexSize=189
[2022.03.01-02.50.42:362][  0]LogPakFile: PakFile PathHashIndexSize=101
[2022.03.01-02.50.42:362][  0]LogPakFile: PakFile FullDirectoryIndexSize=152
[2022.03.01-02.50.42:362][  0]LogShaderLibrary: Display: ShaderCodeLibraryPakFileMountedCallback: PakFile 'D:/Software Downloads/UE_4.27/FeaturePacks/FP_FirstPersonBP.upack' (chunk index -1, root 'root:/') mounted
[2022.03.01-02.50.42:362][  0]LogShaderLibrary: Display: ShaderCodeLibraryPakFileMountedCallback: pending pak file info (ChunkID:-1 Root:root:/ File:D:/Software Downloads/UE_4.27/FeaturePacks/FP_FirstPersonBP.upack)
[2022.03.01-02.50.42:362][  0]LogPakFile: OnPakFileMounted2Time == 0.000028
[2022.03.01-02.50.42:363][  0]LogPakFile: PakFile PrimaryIndexSize=191
[2022.03.01-02.50.42:363][  0]LogPakFile: PakFile PathHashIndexSize=101
[2022.03.01-02.50.42:363][  0]LogPakFile: PakFile FullDirectoryIndexSize=160
[2022.03.01-02.50.42:363][  0]LogShaderLibrary: Display: ShaderCodeLibraryPakFileMountedCallback: PakFile 'D:/Software Downloads/UE_4.27/FeaturePacks/MobileStarterContent.upack' (chunk index -1, root 'root:/') mounted
[2022.03.01-02.50.42:363][  0]LogShaderLibrary: Display: ShaderCodeLibraryPakFileMountedCallback: pending pak file info (ChunkID:-1 Root:root:/ File:D:/Software Downloads/UE_4.27/FeaturePacks/MobileStarterContent.upack)
[2022.03.01-02.50.42:363][  0]LogPakFile: OnPakFileMounted2Time == 0.000044
[2022.03.01-02.50.42:363][  0]LogPakFile: PakFile PrimaryIndexSize=185
[2022.03.01-02.50.42:363][  0]LogPakFile: PakFile PathHashIndexSize=101
[2022.03.01-02.50.42:363][  0]LogPakFile: PakFile FullDirectoryIndexSize=148
[2022.03.01-02.50.42:363][  0]LogShaderLibrary: Display: ShaderCodeLibraryPakFileMountedCallback: PakFile 'D:/Software Downloads/UE_4.27/FeaturePacks/StarterContent.upack' (chunk index -1, root 'root:/') mounted
[2022.03.01-02.50.42:363][  0]LogShaderLibrary: Display: ShaderCodeLibraryPakFileMountedCallback: pending pak file info (ChunkID:-1 Root:root:/ File:D:/Software Downloads/UE_4.27/FeaturePacks/StarterContent.upack)
[2022.03.01-02.50.42:363][  0]LogPakFile: OnPakFileMounted2Time == 0.000103
[2022.03.01-02.50.42:363][  0]LogPakFile: PakFile PrimaryIndexSize=190
[2022.03.01-02.50.42:363][  0]LogPakFile: PakFile PathHashIndexSize=101
[2022.03.01-02.50.42:363][  0]LogPakFile: PakFile FullDirectoryIndexSize=154
[2022.03.01-02.50.42:363][  0]LogShaderLibrary: Display: ShaderCodeLibraryPakFileMountedCallback: PakFile 'D:/Software Downloads/UE_4.27/FeaturePacks/TP_2DSideScroller.upack' (chunk index -1, root 'root:/') mounted
[2022.03.01-02.50.42:363][  0]LogShaderLibrary: Display: ShaderCodeLibraryPakFileMountedCallback: pending pak file info (ChunkID:-1 Root:root:/ File:D:/Software Downloads/UE_4.27/FeaturePacks/TP_2DSideScroller.upack)
[2022.03.01-02.50.42:363][  0]LogPakFile: OnPakFileMounted2Time == 0.000025
[2022.03.01-02.50.42:364][  0]LogPakFile: PakFile PrimaryIndexSize=192
[2022.03.01-02.50.42:364][  0]LogPakFile: PakFile PathHashIndexSize=101
[2022.03.01-02.50.42:364][  0]LogPakFile: PakFile FullDirectoryIndexSize=158
[2022.03.01-02.50.42:364][  0]LogShaderLibrary: Display: ShaderCodeLibraryPakFileMountedCallback: PakFile 'D:/Software Downloads/UE_4.27/FeaturePacks/TP_2DSideScrollerBP.upack' (chunk index -1, root 'root:/') mounted
[2022.03.01-02.50.42:364][  0]LogShaderLibrary: Display: ShaderCodeLibraryPakFileMountedCallback: pending pak file info (ChunkID:-1 Root:root:/ File:D:/Software Downloads/UE_4.27/FeaturePacks/TP_2DSideScrollerBP.upack)
[2022.03.01-02.50.42:364][  0]LogPakFile: OnPakFileMounted2Time == 0.000022
[2022.03.01-02.50.42:364][  0]LogPakFile: PakFile PrimaryIndexSize=182
[2022.03.01-02.50.42:364][  0]LogPakFile: PakFile PathHashIndexSize=101
[2022.03.01-02.50.42:364][  0]LogPakFile: PakFile FullDirectoryIndexSize=138
[2022.03.01-02.50.42:364][  0]LogShaderLibrary: Display: ShaderCodeLibraryPakFileMountedCallback: PakFile 'D:/Software Downloads/UE_4.27/FeaturePacks/TP_Flying.upack' (chunk index -1, root 'root:/') mounted
[2022.03.01-02.50.42:364][  0]LogShaderLibrary: Display: ShaderCodeLibraryPakFileMountedCallback: pending pak file info (ChunkID:-1 Root:root:/ File:D:/Software Downloads/UE_4.27/FeaturePacks/TP_Flying.upack)
[2022.03.01-02.50.42:364][  0]LogPakFile: OnPakFileMounted2Time == 0.000022
[2022.03.01-02.50.42:364][  0]LogPakFile: PakFile PrimaryIndexSize=184
[2022.03.01-02.50.42:364][  0]LogPakFile: PakFile PathHashIndexSize=101
[2022.03.01-02.50.42:364][  0]LogPakFile: PakFile FullDirectoryIndexSize=142
[2022.03.01-02.50.42:364][  0]LogShaderLibrary: Display: ShaderCodeLibraryPakFileMountedCallback: PakFile 'D:/Software Downloads/UE_4.27/FeaturePacks/TP_FlyingBP.upack' (chunk index -1, root 'root:/') mounted
[2022.03.01-02.50.42:364][  0]LogShaderLibrary: Display: ShaderCodeLibraryPakFileMountedCallback: pending pak file info (ChunkID:-1 Root:root:/ File:D:/Software Downloads/UE_4.27/FeaturePacks/TP_FlyingBP.upack)
[2022.03.01-02.50.42:364][  0]LogPakFile: OnPakFileMounted2Time == 0.000021
[2022.03.01-02.50.42:365][  0]LogPakFile: PakFile PrimaryIndexSize=188
[2022.03.01-02.50.42:365][  0]LogPakFile: PakFile PathHashIndexSize=101
[2022.03.01-02.50.42:365][  0]LogPakFile: PakFile FullDirectoryIndexSize=150
[2022.03.01-02.50.42:365][  0]LogShaderLibrary: Display: ShaderCodeLibraryPakFileMountedCallback: PakFile 'D:/Software Downloads/UE_4.27/FeaturePacks/TP_HandheldARBP.upack' (chunk index -1, root 'root:/') mounted
[2022.03.01-02.50.42:365][  0]LogShaderLibrary: Display: ShaderCodeLibraryPakFileMountedCallback: pending pak file info (ChunkID:-1 Root:root:/ File:D:/Software Downloads/UE_4.27/FeaturePacks/TP_HandheldARBP.upack)
[2022.03.01-02.50.42:365][  0]LogPakFile: OnPakFileMounted2Time == 0.000022
[2022.03.01-02.50.42:365][  0]LogPakFile: PakFile PrimaryIndexSize=182
[2022.03.01-02.50.42:365][  0]LogPakFile: PakFile PathHashIndexSize=101
[2022.03.01-02.50.42:365][  0]LogPakFile: PakFile FullDirectoryIndexSize=138
[2022.03.01-02.50.42:365][  0]LogShaderLibrary: Display: ShaderCodeLibraryPakFileMountedCallback: PakFile 'D:/Software Downloads/UE_4.27/FeaturePacks/TP_Puzzle.upack' (chunk index -1, root 'root:/') mounted
[2022.03.01-02.50.42:365][  0]LogShaderLibrary: Display: ShaderCodeLibraryPakFileMountedCallback: pending pak file info (ChunkID:-1 Root:root:/ File:D:/Software Downloads/UE_4.27/FeaturePacks/TP_Puzzle.upack)
[2022.03.01-02.50.42:365][  0]LogPakFile: OnPakFileMounted2Time == 0.000021
[2022.03.01-02.50.42:365][  0]LogPakFile: PakFile PrimaryIndexSize=184
[2022.03.01-02.50.42:366][  0]LogPakFile: PakFile PathHashIndexSize=101
[2022.03.01-02.50.42:366][  0]LogPakFile: PakFile FullDirectoryIndexSize=142
[2022.03.01-02.50.42:366][  0]LogShaderLibrary: Display: ShaderCodeLibraryPakFileMountedCallback: PakFile 'D:/Software Downloads/UE_4.27/FeaturePacks/TP_PuzzleBP.upack' (chunk index -1, root 'root:/') mounted
[2022.03.01-02.50.42:366][  0]LogShaderLibrary: Display: ShaderCodeLibraryPakFileMountedCallback: pending pak file info (ChunkID:-1 Root:root:/ File:D:/Software Downloads/UE_4.27/FeaturePacks/TP_PuzzleBP.upack)
[2022.03.01-02.50.42:366][  0]LogPakFile: OnPakFileMounted2Time == 0.000021
[2022.03.01-02.50.42:366][  0]LogPakFile: PakFile PrimaryIndexSize=183
[2022.03.01-02.50.42:366][  0]LogPakFile: PakFile PathHashIndexSize=101
[2022.03.01-02.50.42:366][  0]LogPakFile: PakFile FullDirectoryIndexSize=140
[2022.03.01-02.50.42:366][  0]LogShaderLibrary: Display: ShaderCodeLibraryPakFileMountedCallback: PakFile 'D:/Software Downloads/UE_4.27/FeaturePacks/TP_Rolling.upack' (chunk index -1, root 'root:/') mounted
[2022.03.01-02.50.42:366][  0]LogShaderLibrary: Display: ShaderCodeLibraryPakFileMountedCallback: pending pak file info (ChunkID:-1 Root:root:/ File:D:/Software Downloads/UE_4.27/FeaturePacks/TP_Rolling.upack)
[2022.03.01-02.50.42:366][  0]LogPakFile: OnPakFileMounted2Time == 0.000046
[2022.03.01-02.50.42:366][  0]LogPakFile: PakFile PrimaryIndexSize=185
[2022.03.01-02.50.42:366][  0]LogPakFile: PakFile PathHashIndexSize=101
[2022.03.01-02.50.42:366][  0]LogPakFile: PakFile FullDirectoryIndexSize=144
[2022.03.01-02.50.42:366][  0]LogShaderLibrary: Display: ShaderCodeLibraryPakFileMountedCallback: PakFile 'D:/Software Downloads/UE_4.27/FeaturePacks/TP_RollingBP.upack' (chunk index -1, root 'root:/') mounted
[2022.03.01-02.50.42:366][  0]LogShaderLibrary: Display: ShaderCodeLibraryPakFileMountedCallback: pending pak file info (ChunkID:-1 Root:root:/ File:D:/Software Downloads/UE_4.27/FeaturePacks/TP_RollingBP.upack)
[2022.03.01-02.50.42:366][  0]LogPakFile: OnPakFileMounted2Time == 0.000021
[2022.03.01-02.50.42:367][  0]LogPakFile: PakFile PrimaryIndexSize=188
[2022.03.01-02.50.42:367][  0]LogPakFile: PakFile PathHashIndexSize=101
[2022.03.01-02.50.42:367][  0]LogPakFile: PakFile FullDirectoryIndexSize=150
[2022.03.01-02.50.42:367][  0]LogShaderLibrary: Display: ShaderCodeLibraryPakFileMountedCallback: PakFile 'D:/Software Downloads/UE_4.27/FeaturePacks/TP_SideScroller.upack' (chunk index -1, root 'root:/') mounted
[2022.03.01-02.50.42:367][  0]LogShaderLibrary: Display: ShaderCodeLibraryPakFileMountedCallback: pending pak file info (ChunkID:-1 Root:root:/ File:D:/Software Downloads/UE_4.27/FeaturePacks/TP_SideScroller.upack)
[2022.03.01-02.50.42:367][  0]LogPakFile: OnPakFileMounted2Time == 0.000022
[2022.03.01-02.50.42:367][  0]LogPakFile: PakFile PrimaryIndexSize=190
[2022.03.01-02.50.42:367][  0]LogPakFile: PakFile PathHashIndexSize=101
[2022.03.01-02.50.42:367][  0]LogPakFile: PakFile FullDirectoryIndexSize=154
[2022.03.01-02.50.42:367][  0]LogShaderLibrary: Display: ShaderCodeLibraryPakFileMountedCallback: PakFile 'D:/Software Downloads/UE_4.27/FeaturePacks/TP_SideScrollerBP.upack' (chunk index -1, root 'root:/') mounted
[2022.03.01-02.50.42:367][  0]LogShaderLibrary: Display: ShaderCodeLibraryPakFileMountedCallback: pending pak file info (ChunkID:-1 Root:root:/ File:D:/Software Downloads/UE_4.27/FeaturePacks/TP_SideScrollerBP.upack)
[2022.03.01-02.50.42:367][  0]LogPakFile: OnPakFileMounted2Time == 0.000026
[2022.03.01-02.50.42:367][  0]LogPakFile: PakFile PrimaryIndexSize=187
[2022.03.01-02.50.42:367][  0]LogPakFile: PakFile PathHashIndexSize=101
[2022.03.01-02.50.42:367][  0]LogPakFile: PakFile FullDirectoryIndexSize=148
[2022.03.01-02.50.42:367][  0]LogShaderLibrary: Display: ShaderCodeLibraryPakFileMountedCallback: PakFile 'D:/Software Downloads/UE_4.27/FeaturePacks/TP_ThirdPerson.upack' (chunk index -1, root 'root:/') mounted
[2022.03.01-02.50.42:367][  0]LogShaderLibrary: Display: ShaderCodeLibraryPakFileMountedCallback: pending pak file info (ChunkID:-1 Root:root:/ File:D:/Software Downloads/UE_4.27/FeaturePacks/TP_ThirdPerson.upack)
[2022.03.01-02.50.42:367][  0]LogPakFile: OnPakFileMounted2Time == 0.000021
[2022.03.01-02.50.42:367][  0]LogPakFile: PakFile PrimaryIndexSize=189
[2022.03.01-02.50.42:367][  0]LogPakFile: PakFile PathHashIndexSize=101
[2022.03.01-02.50.42:367][  0]LogPakFile: PakFile FullDirectoryIndexSize=152
[2022.03.01-02.50.42:367][  0]LogShaderLibrary: Display: ShaderCodeLibraryPakFileMountedCallback: PakFile 'D:/Software Downloads/UE_4.27/FeaturePacks/TP_ThirdPersonBP.upack' (chunk index -1, root 'root:/') mounted
[2022.03.01-02.50.42:368][  0]LogShaderLibrary: Display: ShaderCodeLibraryPakFileMountedCallback: pending pak file info (ChunkID:-1 Root:root:/ File:D:/Software Downloads/UE_4.27/FeaturePacks/TP_ThirdPersonBP.upack)
[2022.03.01-02.50.42:368][  0]LogPakFile: OnPakFileMounted2Time == 0.000023
[2022.03.01-02.50.42:368][  0]LogPakFile: PakFile PrimaryIndexSize=183
[2022.03.01-02.50.42:368][  0]LogPakFile: PakFile PathHashIndexSize=101
[2022.03.01-02.50.42:368][  0]LogPakFile: PakFile FullDirectoryIndexSize=140
[2022.03.01-02.50.42:368][  0]LogShaderLibrary: Display: ShaderCodeLibraryPakFileMountedCallback: PakFile 'D:/Software Downloads/UE_4.27/FeaturePacks/TP_TopDown.upack' (chunk index -1, root 'root:/') mounted
[2022.03.01-02.50.42:368][  0]LogShaderLibrary: Display: ShaderCodeLibraryPakFileMountedCallback: pending pak file info (ChunkID:-1 Root:root:/ File:D:/Software Downloads/UE_4.27/FeaturePacks/TP_TopDown.upack)
[2022.03.01-02.50.42:368][  0]LogPakFile: OnPakFileMounted2Time == 0.000025
[2022.03.01-02.50.42:368][  0]LogPakFile: PakFile PrimaryIndexSize=185
[2022.03.01-02.50.42:368][  0]LogPakFile: PakFile PathHashIndexSize=101
[2022.03.01-02.50.42:368][  0]LogPakFile: PakFile FullDirectoryIndexSize=144
[2022.03.01-02.50.42:368][  0]LogShaderLibrary: Display: ShaderCodeLibraryPakFileMountedCallback: PakFile 'D:/Software Downloads/UE_4.27/FeaturePacks/TP_TopDownBP.upack' (chunk index -1, root 'root:/') mounted
[2022.03.01-02.50.42:368][  0]LogShaderLibrary: Display: ShaderCodeLibraryPakFileMountedCallback: pending pak file info (ChunkID:-1 Root:root:/ File:D:/Software Downloads/UE_4.27/FeaturePacks/TP_TopDownBP.upack)
[2022.03.01-02.50.42:368][  0]LogPakFile: OnPakFileMounted2Time == 0.000025
[2022.03.01-02.50.42:369][  0]LogPakFile: PakFile PrimaryIndexSize=185
[2022.03.01-02.50.42:369][  0]LogPakFile: PakFile PathHashIndexSize=101
[2022.03.01-02.50.42:369][  0]LogPakFile: PakFile FullDirectoryIndexSize=144
[2022.03.01-02.50.42:369][  0]LogShaderLibrary: Display: ShaderCodeLibraryPakFileMountedCallback: PakFile 'D:/Software Downloads/UE_4.27/FeaturePacks/TP_TwinStick.upack' (chunk index -1, root 'root:/') mounted
[2022.03.01-02.50.42:369][  0]LogShaderLibrary: Display: ShaderCodeLibraryPakFileMountedCallback: pending pak file info (ChunkID:-1 Root:root:/ File:D:/Software Downloads/UE_4.27/FeaturePacks/TP_TwinStick.upack)
[2022.03.01-02.50.42:369][  0]LogPakFile: OnPakFileMounted2Time == 0.000034
[2022.03.01-02.50.42:369][  0]LogPakFile: PakFile PrimaryIndexSize=187
[2022.03.01-02.50.42:369][  0]LogPakFile: PakFile PathHashIndexSize=101
[2022.03.01-02.50.42:369][  0]LogPakFile: PakFile FullDirectoryIndexSize=148
[2022.03.01-02.50.42:369][  0]LogShaderLibrary: Display: ShaderCodeLibraryPakFileMountedCallback: PakFile 'D:/Software Downloads/UE_4.27/FeaturePacks/TP_TwinStickBP.upack' (chunk index -1, root 'root:/') mounted
[2022.03.01-02.50.42:369][  0]LogShaderLibrary: Display: ShaderCodeLibraryPakFileMountedCallback: pending pak file info (ChunkID:-1 Root:root:/ File:D:/Software Downloads/UE_4.27/FeaturePacks/TP_TwinStickBP.upack)
[2022.03.01-02.50.42:369][  0]LogPakFile: OnPakFileMounted2Time == 0.000023
[2022.03.01-02.50.42:370][  0]LogPakFile: PakFile PrimaryIndexSize=183
[2022.03.01-02.50.42:370][  0]LogPakFile: PakFile PathHashIndexSize=101
[2022.03.01-02.50.42:370][  0]LogPakFile: PakFile FullDirectoryIndexSize=140
[2022.03.01-02.50.42:370][  0]LogShaderLibrary: Display: ShaderCodeLibraryPakFileMountedCallback: PakFile 'D:/Software Downloads/UE_4.27/FeaturePacks/TP_Vehicle.upack' (chunk index -1, root 'root:/') mounted
[2022.03.01-02.50.42:370][  0]LogShaderLibrary: Display: ShaderCodeLibraryPakFileMountedCallback: pending pak file info (ChunkID:-1 Root:root:/ File:D:/Software Downloads/UE_4.27/FeaturePacks/TP_Vehicle.upack)
[2022.03.01-02.50.42:370][  0]LogPakFile: OnPakFileMounted2Time == 0.000022
[2022.03.01-02.50.42:370][  0]LogPakFile: PakFile PrimaryIndexSize=186
[2022.03.01-02.50.42:370][  0]LogPakFile: PakFile PathHashIndexSize=101
[2022.03.01-02.50.42:370][  0]LogPakFile: PakFile FullDirectoryIndexSize=146
[2022.03.01-02.50.42:370][  0]LogShaderLibrary: Display: ShaderCodeLibraryPakFileMountedCallback: PakFile 'D:/Software Downloads/UE_4.27/FeaturePacks/TP_VehicleAdv.upack' (chunk index -1, root 'root:/') mounted
[2022.03.01-02.50.42:370][  0]LogShaderLibrary: Display: ShaderCodeLibraryPakFileMountedCallback: pending pak file info (ChunkID:-1 Root:root:/ File:D:/Software Downloads/UE_4.27/FeaturePacks/TP_VehicleAdv.upack)
[2022.03.01-02.50.42:370][  0]LogPakFile: OnPakFileMounted2Time == 0.000050
[2022.03.01-02.50.42:370][  0]LogPakFile: PakFile PrimaryIndexSize=188
[2022.03.01-02.50.42:370][  0]LogPakFile: PakFile PathHashIndexSize=101
[2022.03.01-02.50.42:370][  0]LogPakFile: PakFile FullDirectoryIndexSize=150
[2022.03.01-02.50.42:370][  0]LogShaderLibrary: Display: ShaderCodeLibraryPakFileMountedCallback: PakFile 'D:/Software Downloads/UE_4.27/FeaturePacks/TP_VehicleAdvBP.upack' (chunk index -1, root 'root:/') mounted
[2022.03.01-02.50.42:370][  0]LogShaderLibrary: Display: ShaderCodeLibraryPakFileMountedCallback: pending pak file info (ChunkID:-1 Root:root:/ File:D:/Software Downloads/UE_4.27/FeaturePacks/TP_VehicleAdvBP.upack)
[2022.03.01-02.50.42:370][  0]LogPakFile: OnPakFileMounted2Time == 0.000029
[2022.03.01-02.50.42:371][  0]LogPakFile: PakFile PrimaryIndexSize=185
[2022.03.01-02.50.42:371][  0]LogPakFile: PakFile PathHashIndexSize=101
[2022.03.01-02.50.42:371][  0]LogPakFile: PakFile FullDirectoryIndexSize=144
[2022.03.01-02.50.42:371][  0]LogShaderLibrary: Display: ShaderCodeLibraryPakFileMountedCallback: PakFile 'D:/Software Downloads/UE_4.27/FeaturePacks/TP_VehicleBP.upack' (chunk index -1, root 'root:/') mounted
[2022.03.01-02.50.42:371][  0]LogShaderLibrary: Display: ShaderCodeLibraryPakFileMountedCallback: pending pak file info (ChunkID:-1 Root:root:/ File:D:/Software Downloads/UE_4.27/FeaturePacks/TP_VehicleBP.upack)
[2022.03.01-02.50.42:371][  0]LogPakFile: OnPakFileMounted2Time == 0.000022
[2022.03.01-02.50.42:371][  0]LogPakFile: PakFile PrimaryIndexSize=192
[2022.03.01-02.50.42:371][  0]LogPakFile: PakFile PathHashIndexSize=101
[2022.03.01-02.50.42:371][  0]LogPakFile: PakFile FullDirectoryIndexSize=158
[2022.03.01-02.50.42:371][  0]LogShaderLibrary: Display: ShaderCodeLibraryPakFileMountedCallback: PakFile 'D:/Software Downloads/UE_4.27/FeaturePacks/TP_VirtualRealityBP.upack' (chunk index -1, root 'root:/') mounted
[2022.03.01-02.50.42:371][  0]LogShaderLibrary: Display: ShaderCodeLibraryPakFileMountedCallback: pending pak file info (ChunkID:-1 Root:root:/ File:D:/Software Downloads/UE_4.27/FeaturePacks/TP_VirtualRealityBP.upack)
[2022.03.01-02.50.42:371][  0]LogPakFile: OnPakFileMounted2Time == 0.000044
[2022.03.01-02.50.42:401][  0]LogNativeClassHierarchy: Verbose: Native class hierarchy updated for 'AddContentDialog' in 0.0003 seconds. Added 0 classes and 0 folders.
[2022.03.01-02.50.42:403][  0]LogNativeClassHierarchy: Verbose: Native class hierarchy updated for 'SceneOutliner' in 0.0004 seconds. Added 2 classes and 0 folders.
[2022.03.01-02.50.42:490][  0]LogSlate: Took 0.000210 seconds to synchronously load lazily loaded font '../../../Engine/Content/Slate/Fonts/Roboto-Regular.ttf' (155K)
[2022.03.01-02.50.42:491][  0]LogSlate: Took 0.000085 seconds to synchronously load lazily loaded font '../../../Engine/Content/Editor/Slate/Fonts/FontAwesome.ttf' (139K)
[2022.03.01-02.50.42:492][  0]LogSlate: Took 0.000092 seconds to synchronously load lazily loaded font '../../../Engine/Content/Slate/Fonts/Roboto-Bold.ttf' (160K)
[2022.03.01-02.50.42:559][  0]LogRenderer: Reallocating scene render targets to support 964x432 Format 10 NumSamples 1 (Frame:1).
[2022.03.01-02.50.42:710][  0]LogNativeClassHierarchy: Verbose: Native class hierarchy updated for 'HierarchicalLODOutliner' in 0.0003 seconds. Added 0 classes and 0 folders.
[2022.03.01-02.50.42:710][  0]LogLoad: (Engine Initialization) Total time: 8.14 seconds
[2022.03.01-02.50.42:710][  0]LogLoad: (Engine Initialization) Total Blueprint compile time: 0.00 seconds
[2022.03.01-02.50.42:762][  0]LogAssetRegistry: Asset discovery search completed in 4.8735 seconds
[2022.03.01-02.50.42:772][  0]LogCollectionManager: Fixed up redirectors for 0 collections in 0.000004 seconds (updated 0 objects)
[2022.03.01-02.50.42:774][  0]LogContentStreaming: Texture pool size now 1000 MB
[2022.03.01-02.50.42:829][  0]LogSlate: Took 0.007287 seconds to synchronously load lazily loaded font '../../../Engine/Content/Slate/Fonts/DroidSansMono.ttf' (77K)
[2022.03.01-02.50.42:916][  2]LogSlate: Took 0.000422 seconds to synchronously load lazily loaded font '../../../Engine/Content/Slate/Fonts/Roboto-Light.ttf' (167K)
[2022.03.01-02.50.53:164][ 78]LogSlate: Window 'Message Log' being destroyed
[2022.03.01-02.50.53:174][ 78]LogSlate: Window 'Message Log' being destroyed
[2022.03.01-02.50.55:594][363]LogRenderer: Reallocating scene render targets to support 964x436 Format 10 NumSamples 1 (Frame:1341).
[2022.03.01-02.50.55:624][364]LogRenderer: Reallocating scene render targets to support 964x476 Format 10 NumSamples 1 (Frame:1343).
[2022.03.01-02.50.55:667][365]LogRenderer: Reallocating scene render targets to support 964x548 Format 10 NumSamples 1 (Frame:1345).
[2022.03.01-02.50.55:696][366]LogRenderer: Reallocating scene render targets to support 964x644 Format 10 NumSamples 1 (Frame:1347).
[2022.03.01-02.50.55:723][367]LogRenderer: Reallocating scene render targets to support 964x680 Format 10 NumSamples 1 (Frame:1349).
[2022.03.01-02.51.37:190][123]Cmd: BRUSH ADD SELECTNEWBRUSH
[2022.03.01-02.51.57:941][443]LogSlate: Took 0.000195 seconds to synchronously load lazily loaded font '../../../Engine/Content/Slate/Fonts/Roboto-Light.ttf' (167K)
[2022.03.01-02.52.11:491][912]LogEditorViewport: Clicking Background
[2022.03.01-02.52.15:299][360]LogEditorViewport: Clicking on Actor (LMB): Brush (Cylinder Brush)
[2022.03.01-02.52.19:088][775]LogEditorViewport: Clicking Background
[2022.03.01-02.52.19:961][874]LogEditorViewport: Clicking Background
[2022.03.01-02.52.26:937][706]LogEditorViewport: Clicking on Actor (LMB): Brush (Cylinder Brush)
[2022.03.01-02.52.31:778][263]LogEditorViewport: Clicking on Actor (LMB): Brush (Cylinder Brush)
[2022.03.01-02.52.44:170][702]LogEditorViewport: Clicking Background
[2022.03.01-02.52.45:220][826]LogEditorViewport: Clicking on Actor (LMB): Brush (Cylinder Brush)
[2022.03.01-02.54.08:223][945]LogEditorViewport: Clicking Background
[2022.03.01-02.54.11:917][386]LogEditorViewport: Clicking on Actor (LMB): Brush (Cylinder Brush)
[2022.03.01-02.56.27:389][311]LogSlate: Window 'Merge Actors' being destroyed
[2022.03.01-02.56.27:404][311]LogSlate: Window 'Merge Actors' being destroyed
[2022.03.01-02.56.48:460][676]LogSlate: Took 0.001639 seconds to synchronously load lazily loaded font '../../../Engine/Content/Slate/Fonts/Roboto-Italic.ttf' (157K)
[2022.03.01-02.57.28:715][ 86]LogEditorClassViewer: Warning: Class /Engine/Tutorial/InWorldBlueprintEditing/TutorialAssets/IWBE_Blutility.IWBE_Blutility_C has parent /Script/Blutility.PlacedEditorUtilityBase, but this parent is not found. The Class will not be shown in ClassViewer.
[2022.03.01-02.57.57:808][424]LogEditor: Converting brush from Brush /Game/FirstPersonBP/Maps/FirstPersonExampleMap.FirstPersonExampleMap:PersistentLevel.CylinderBrush to PhysicsVolume
[2022.03.01-02.57.57:825][424]LogEditor: Converted: Cylinder Brush to Cylinder Brush
[2022.03.01-02.57.57:825][424]EditorErrors: New page: Actor Reattachment
[2022.03.01-02.57.57:837][424]LogUObjectHash: Compacting FUObjectHashTables data took   1.13ms
[2022.03.01-02.58.06:172][374]Cmd: TRANSACTION UNDO
[2022.03.01-02.58.06:172][374]LogEditorTransaction: Undo Convert Actors
[2022.03.01-02.59.10:823][909]Cmd: TRANSACTION UNDO
[2022.03.01-02.59.10:823][909]LogEditorTransaction: Undo Move Actors
[2022.03.01-03.00.45:768][390]LogSlate: Window 'Select Path' being destroyed
[2022.03.01-03.01.20:545][229]Cmd: TRANSACTION UNDO
[2022.03.01-03.01.20:545][229]LogEditorTransaction: Undo Move Actors
[2022.03.01-03.01.35:883][942]Cmd: TRANSACTION UNDO
[2022.03.01-03.01.35:883][942]LogEditorTransaction: Undo Move Actors
[2022.03.01-03.01.44:245][832]Cmd: TRANSACTION UNDO
[2022.03.01-03.01.44:245][832]LogEditorTransaction: Undo Scale Actors
[2022.03.01-03.02.06:574][312]LogEditorViewport: Clicking on Actor (LMB): StaticMeshActor (Floor)
[2022.03.01-03.02.40:870][194]Cmd: TRANSACTION UNDO
[2022.03.01-03.02.40:870][194]LogEditorTransaction: Undo Scale Actors
[2022.03.01-03.03.06:479][ 46]Cmd: TRANSACTION UNDO
[2022.03.01-03.03.06:479][ 46]LogEditorTransaction: Undo Scale Actors
[2022.03.01-03.03.07:913][165]Cmd: TRANSACTION UNDO
[2022.03.01-03.03.07:913][165]LogEditorTransaction: Undo Scale Actors
[2022.03.01-03.03.11:823][599]Cmd: TRANSACTION UNDO
[2022.03.01-03.03.11:824][599]LogEditorTransaction: Undo Scale Actors
[2022.03.01-03.03.33:433][926]Cmd: TRANSACTION UNDO
[2022.03.01-03.03.33:434][926]LogEditorTransaction: Undo Move Actors
[2022.03.01-03.03.46:656][358]Cmd: BRUSH SEPARATEPOLYS
[2022.03.01-03.03.50:606][769]LogEditorViewport: Clicking on Actor (LMB): StaticMeshActor (Floor)
[2022.03.01-03.04.22:634][246]Cmd: TRANSACTION UNDO
[2022.03.01-03.04.22:634][246]LogEditorTransaction: Undo Move Actors
[2022.03.01-03.04.24:726][443]Cmd: TRANSACTION UNDO
[2022.03.01-03.04.24:726][443]LogEditorTransaction: Undo Move Actors
[2022.03.01-03.04.26:705][651]Cmd: TRANSACTION UNDO
[2022.03.01-03.04.26:705][651]LogEditorTransaction: Undo Move Actors
[2022.03.01-03.04.28:265][809]Cmd: TRANSACTION UNDO
[2022.03.01-03.04.28:265][809]LogEditorTransaction: Undo Move Actors
[2022.03.01-03.04.30:453][ 43]Cmd: TRANSACTION UNDO
[2022.03.01-03.04.30:453][ 43]LogEditorTransaction: Undo Move Actors
[2022.03.01-03.04.32:140][215]Cmd: TRANSACTION UNDO
[2022.03.01-03.04.32:140][215]LogEditorTransaction: Undo Move Actors
[2022.03.01-03.04.33:573][352]Cmd: TRANSACTION UNDO
[2022.03.01-03.04.33:574][352]LogEditorTransaction: Undo Move Actors
[2022.03.01-03.04.35:309][526]Cmd: TRANSACTION UNDO
[2022.03.01-03.04.35:309][526]LogEditorTransaction: Undo Move Actors
[2022.03.01-03.04.36:884][691]Cmd: TRANSACTION UNDO
[2022.03.01-03.04.36:884][691]LogEditorTransaction: Undo Move Actors
[2022.03.01-03.04.38:391][847]Cmd: TRANSACTION UNDO
[2022.03.01-03.04.38:391][847]LogEditorTransaction: Undo Move Actors
[2022.03.01-03.04.39:912][  1]Cmd: TRANSACTION UNDO
[2022.03.01-03.04.39:912][  1]LogEditorTransaction: Undo Move Actors
[2022.03.01-03.05.34:842][ 67]LogUObjectHash: Compacting FUObjectHashTables data took   0.68ms
[2022.03.01-03.05.34:878][ 67]LogSavePackage: Moving '../../../../../个人游戏/Space FPS/SpaceFPS/FPS/FPSDemo/Saved/FirstPersonExampleMap_Auto1387EC7594AFC22E4146396AC94222A82.tmp' to '../../../../../个人游戏/Space FPS/SpaceFPS/FPS/FPSDemo/Saved/Autosaves/Game/FirstPersonBP/Maps/FirstPersonExampleMap_Auto1.umap'
[2022.03.01-03.05.34:885][ 67]LogFileHelpers: Editor autosave (incl. external actors) for '/Game/FirstPersonBP/Maps/FirstPersonExampleMap' took 0.050
[2022.03.01-03.05.34:885][ 67]LogFileHelpers: Editor autosave (incl. sublevels & external actors) for all levels took 0.050
[2022.03.01-03.12.48:565][165]LogEditorViewport: Clicking on Actor (context menu): LightmassImportanceVolume (LightmassImportanceVolume)
[2022.03.01-03.12.50:206][348]LogEditorViewport: Clicking on Actor (LMB): StaticMeshActor (Wall4)
