Log file open, 03/05/22 10:07:28
LogWindows: Failed to load 'aqProf.dll' (GetLastError=126)
LogWindows: File 'aqProf.dll' does not exist
LogWindows: Failed to load 'VtuneApi.dll' (GetLastError=126)
LogWindows: File 'VtuneApi.dll' does not exist
LogWindows: Failed to load 'VtuneApi32e.dll' (GetLastError=126)
LogWindows: File 'VtuneApi32e.dll' does not exist
LogConsoleResponse: Display: Failed to find resolution value strings in scalability ini. Falling back to default.
LogConsoleResponse: Display: Failed to find resolution value strings in scalability ini. Falling back to default.
LogInit: Display: Running engine for game: FPSDemo
LogPlatformFile: Not using cached read wrapper
LogTaskGraph: Started task graph with 5 named threads and 47 total threads with 3 sets of task threads.
LogStats: Stats thread started at 0.183262
LogICUInternationalization: ICU TimeZone Detection - Raw Offset: -8:00, Platform Override: ''
LogInit: Display: Loading text-based GConfig....
LogPluginManager: Mounting plugin MeshPainting
LogPluginManager: Mounting plugin XGEController
LogPluginManager: Mounting plugin Paper2D
LogPluginManager: Mounting plugin AISupport
LogPluginManager: Mounting plugin LiveLink
LogPluginManager: Mounting plugin LightPropagationVolume
LogPluginManager: Mounting plugin OodleData
LogPluginManager: Mounting plugin EnvironmentQueryEditor
LogPluginManager: Mounting plugin GameplayCameras
LogPluginManager: Mounting plugin OodleNetwork
LogPluginManager: Mounting plugin AssetManagerEditor
LogPluginManager: Mounting plugin AnimationSharing
LogPluginManager: Mounting plugin CameraShakePreviewer
LogPluginManager: Mounting plugin CryptoKeys
LogPluginManager: Mounting plugin CurveEditorTools
LogPluginManager: Mounting plugin CLionSourceCodeAccess
LogPluginManager: Mounting plugin DataValidation
LogPluginManager: Mounting plugin DatasmithContent
LogPluginManager: Mounting plugin FacialAnimation
LogPluginManager: Mounting plugin GameplayTagsEditor
LogPluginManager: Mounting plugin GeometryMode
LogPluginManager: Mounting plugin MacGraphicsSwitching
LogPluginManager: Mounting plugin MaterialAnalyzer
LogPluginManager: Mounting plugin MobileLauncherProfileWizard
LogPluginManager: Mounting plugin PluginBrowser
LogPluginManager: Mounting plugin SpeedTreeImporter
LogPluginManager: Mounting plugin AlembicImporter
LogPluginManager: Mounting plugin CodeLiteSourceCodeAccess
LogPluginManager: Mounting plugin Niagara
LogPluginManager: Mounting plugin GitSourceControl
LogPluginManager: Mounting plugin KDevelopSourceCodeAccess
LogPluginManager: Mounting plugin NullSourceCodeAccess
LogPluginManager: Mounting plugin PerforceSourceControl
LogPluginManager: Mounting plugin PixWinPlugin
LogPluginManager: Mounting plugin PluginUtils
LogPluginManager: Mounting plugin PlasticSourceControl
LogPluginManager: Mounting plugin PropertyAccessNode
LogPluginManager: Mounting plugin RiderSourceCodeAccess
LogPluginManager: Mounting plugin TextureFormatOodle
LogPluginManager: Mounting plugin SubversionSourceControl
LogPluginManager: Mounting plugin UObjectPlugin
LogPluginManager: Mounting plugin VisualStudioCodeSourceCodeAccess
LogPluginManager: Mounting plugin VisualStudioSourceCodeAccess
LogPluginManager: Mounting plugin XCodeSourceCodeAccess
LogPluginManager: Mounting plugin TcpMessaging
LogPluginManager: Mounting plugin UdpMessaging
LogPluginManager: Mounting plugin ActorSequence
LogPluginManager: Mounting plugin AvfMedia
LogPluginManager: Mounting plugin LevelSequenceEditor
LogPluginManager: Mounting plugin AndroidMedia
LogPluginManager: Mounting plugin MatineeToLevelSequence
LogPluginManager: Mounting plugin MagicLeapLightEstimation
LogPluginManager: Mounting plugin MagicLeapMedia
LogPluginManager: Mounting plugin ImgMedia
LogPluginManager: Mounting plugin VariantManagerContent
LogPluginManager: Mounting plugin MagicLeapPassableWorld
LogPluginManager: Mounting plugin MLSDK
LogPluginManager: Mounting plugin TemplateSequence
LogPluginManager: Mounting plugin LuminPlatformFeatures
LogPluginManager: Mounting plugin AutomationUtils
LogPluginManager: Mounting plugin BackChannel
LogPluginManager: Mounting plugin ChaosCloth
LogPluginManager: Mounting plugin ChaosClothEditor
LogPluginManager: Mounting plugin ChaosEditor
LogPluginManager: Mounting plugin ChaosSolverPlugin
LogPluginManager: Mounting plugin ChaosNiagara
LogPluginManager: Mounting plugin OnlineSubsystemNull
LogPluginManager: Mounting plugin OnlineSubsystemUtils
LogPluginManager: Mounting plugin LauncherChunkInstaller
LogPluginManager: Mounting plugin CharacterAI
LogPluginManager: Mounting plugin MagicLeap
LogPluginManager: Mounting plugin OnlineSubsystem
LogPluginManager: Mounting plugin GeometryCache
LogPluginManager: Mounting plugin GeometryCollectionPlugin
LogPluginManager: Mounting plugin GeometryProcessing
LogPluginManager: Mounting plugin AndroidDeviceProfileSelector
LogPluginManager: Mounting plugin AndroidMoviePlayer
LogPluginManager: Mounting plugin ScreenshotTools
LogPluginManager: Mounting plugin AndroidPermission
LogPluginManager: Mounting plugin AppleImageUtils
LogPluginManager: Mounting plugin AppleMoviePlayer
LogPluginManager: Mounting plugin MotoSynth
LogPluginManager: Mounting plugin OpenImageDenoise
LogPluginManager: Mounting plugin ArchVisCharacter
LogPluginManager: Mounting plugin AssetTags
LogPluginManager: Mounting plugin PlanarCut
LogPluginManager: Mounting plugin AudioCapture
LogPluginManager: Mounting plugin PlatformCrypto
LogPluginManager: Mounting plugin AudioSynesthesia
LogPluginManager: Mounting plugin ProxyLODPlugin
LogPluginManager: Mounting plugin ChunkDownloader
LogPluginManager: Mounting plugin CableComponent
LogPluginManager: Mounting plugin CustomMeshComponent
LogPluginManager: Mounting plugin EditableMesh
LogPluginManager: Mounting plugin ActorLayerUtilities
LogPluginManager: Mounting plugin GoogleCloudMessaging
LogPluginManager: Mounting plugin GooglePAD
LogPluginManager: Mounting plugin ExampleDeviceProfileSelector
LogPluginManager: Mounting plugin PythonScriptPlugin
LogPluginManager: Mounting plugin SkeletalReduction
LogPluginManager: Mounting plugin MediaCompositing
LogPluginManager: Mounting plugin MediaPlayerEditor
LogPluginManager: Mounting plugin WebMMedia
LogPluginManager: Mounting plugin WmfMedia
LogPluginManager: Mounting plugin IOSDeviceProfileSelector
LogPluginManager: Mounting plugin LinuxDeviceProfileSelector
LogPluginManager: Mounting plugin LocationServicesBPLibrary
LogPluginManager: Mounting plugin Takes
LogPluginManager: Mounting plugin MobilePatchingUtils
LogPluginManager: Mounting plugin OpenXR
LogPluginManager: Mounting plugin OpenXREyeTracker
LogPluginManager: Mounting plugin OpenXRHandTracking
LogPluginManager: Mounting plugin PhysXVehicles
LogPluginManager: Mounting plugin PostSplashScreen
LogPluginManager: Mounting plugin PropertyAccessEditor
LogPluginManager: Mounting plugin ProceduralMeshComponent
LogPluginManager: Mounting plugin RuntimePhysXCooking
LogPluginManager: Mounting plugin SignificanceManager
LogPluginManager: Mounting plugin SoundFields
LogPluginManager: Mounting plugin Synthesis
LogPluginManager: Mounting plugin WebMMoviePlayer
LogPluginManager: Mounting plugin WindowsMoviePlayer
LogPluginManager: Mounting plugin ContentBrowserClassDataSource
LogPluginManager: Mounting plugin ContentBrowserAssetDataSource
LogPluginManager: Mounting plugin ContentBrowserFileDataSource
LogPluginManager: Mounting plugin OnlineSubsystemGooglePlay
LogPluginManager: Mounting plugin OnlineSubsystemIOS
LogPluginManager: Mounting plugin OculusVR
LogPluginManager: Mounting plugin SteamVR
PixWinPlugin: PIX capture plugin failed to initialize! Check that the process is launched from PIX.
LogInit: Using libcurl 7.55.1-DEV
LogInit:  - built for x86_64-pc-win32
LogInit:  - supports SSL with OpenSSL/1.1.1
LogInit:  - supports HTTP deflate (compression) using libz 1.2.8
LogInit:  - other features:
LogInit:      CURL_VERSION_SSL
LogInit:      CURL_VERSION_LIBZ
LogInit:      CURL_VERSION_IPV6
LogInit:      CURL_VERSION_ASYNCHDNS
LogInit:      CURL_VERSION_LARGEFILE
LogInit:      CURL_VERSION_IDN
LogInit:  CurlRequestOptions (configurable via config and command line):
LogInit:  - bVerifyPeer = true  - Libcurl will verify peer certificate
LogInit:  - bUseHttpProxy = false  - Libcurl will NOT use HTTP proxy
LogInit:  - bDontReuseConnections = false  - Libcurl will reuse connections
LogInit:  - MaxHostConnections = 16  - Libcurl will limit the number of connections to a host
LogInit:  - LocalHostAddr = Default
LogInit:  - BufferSize = 65536
LogOnline: OSS: Creating online subsystem instance for: NULL
LogInit: WinSock: version 1.1 (2.2), MaxSocks=32767, MaxUdp=65467
LogOnline: OSS: TryLoadSubsystemAndSetDefault: Loaded subsystem for module [NULL]
LogOculusPluginWrapper: OculusPlugin initialized successfully
LogHMD: Failed initializing OVRPlugin 1.59.0
LogInit: Build: ++UE4+Release-4.27-CL-18319896
LogInit: Engine Version: 4.27.2-18319896+++UE4+Release-4.27
LogInit: Compatible Engine Version: 4.27.0-17155196+++UE4+Release-4.27
LogInit: Net CL: 17155196
LogInit: OS: Windows 10 (Release 2009) (), CPU: 11th Gen Intel(R) Core(TM) i7-11800H @ 2.30GHz, GPU: Intel(R) UHD Graphics
LogInit: Compiled (64-bit): Nov 30 2021 07:12:08
LogInit: Compiled with Visual C++: 19.24.28315.00
LogInit: Build Configuration: Development
LogInit: Branch Name: ++UE4+Release-4.27
LogInit: Command Line: 
LogInit: Base Directory: D:/Software Downloads/UE_4.27/Engine/Binaries/Win64/
LogInit: Allocator: TBB
LogInit: Installed Engine Build: 1
LogDevObjectVersion: Number of dev versions registered: 29
LogDevObjectVersion:   Dev-Blueprints (B0D832E4-1F89-4F0D-ACCF-7EB736FD4AA2): 10
LogDevObjectVersion:   Dev-Build (E1C64328-A22C-4D53-A36C-8E866417BD8C): 0
LogDevObjectVersion:   Dev-Core (375EC13C-06E4-48FB-B500-84F0262A717E): 4
LogDevObjectVersion:   Dev-Editor (E4B068ED-F494-42E9-A231-DA0B2E46BB41): 40
LogDevObjectVersion:   Dev-Framework (CFFC743F-43B0-4480-9391-14DF171D2073): 37
LogDevObjectVersion:   Dev-Mobile (B02B49B5-BB20-44E9-A304-32B752E40360): 3
LogDevObjectVersion:   Dev-Networking (A4E4105C-59A1-49B5-A7C5-40C4547EDFEE): 0
LogDevObjectVersion:   Dev-Online (39C831C9-5AE6-47DC-9A44-9C173E1C8E7C): 0
LogDevObjectVersion:   Dev-Physics (78F01B33-EBEA-4F98-B9B4-84EACCB95AA2): 14
LogDevObjectVersion:   Dev-Platform (6631380F-2D4D-43E0-8009-CF276956A95A): 0
LogDevObjectVersion:   Dev-Rendering (12F88B9F-8875-4AFC-A67C-D90C383ABD29): 45
LogDevObjectVersion:   Dev-Sequencer (7B5AE74C-D270-4C10-A958-57980B212A5A): 13
LogDevObjectVersion:   Dev-VR (D7296918-1DD6-4BDD-9DE2-64A83CC13884): 3
LogDevObjectVersion:   Dev-LoadTimes (C2A15278-BFE7-4AFE-6C17-90FF531DF755): 1
LogDevObjectVersion:   Private-Geometry (6EACA3D4-40EC-4CC1-B786-8BED09428FC5): 3
LogDevObjectVersion:   Dev-AnimPhys (29E575DD-E0A3-4627-9D10-D276232CDCEA): 17
LogDevObjectVersion:   Dev-Anim (AF43A65D-7FD3-4947-9873-3E8ED9C1BB05): 15
LogDevObjectVersion:   Dev-ReflectionCapture (6B266CEC-1EC7-4B8F-A30B-E4D90942FC07): 1
LogDevObjectVersion:   Dev-Automation (0DF73D61-A23F-47EA-B727-89E90C41499A): 1
LogDevObjectVersion:   FortniteMain (601D1886-AC64-4F84-AA16-D3DE0DEAC7D6): 47
LogDevObjectVersion:   FortniteRelease (E7086368-6B23-4C58-8439-1B7016265E91): 1
LogDevObjectVersion:   Dev-Enterprise (9DFFBCD6-494F-0158-E221-12823C92A888): 10
LogDevObjectVersion:   Dev-Niagara (F2AED0AC-9AFE-416F-8664-AA7FFA26D6FC): 1
LogDevObjectVersion:   Dev-Destruction (174F1F0B-B4C6-45A5-B13F-2EE8D0FB917D): 10
LogDevObjectVersion:   Dev-Physics-Ext (35F94A83-E258-406C-A318-09F59610247C): 41
LogDevObjectVersion:   Dev-PhysicsMaterial-Chaos (B68FC16E-8B1B-42E2-B453-215C058844FE): 1
LogDevObjectVersion:   Dev-CineCamera (B2E18506-4273-CFC2-A54E-F4BB758BBA07): 1
LogDevObjectVersion:   Dev-VirtualProduction (64F58936-FD1B-42BA-BA96-7289D5D0FA4E): 1
LogDevObjectVersion:   Dev-MediaFramework (6F0ED827-A609-4895-9C91-998D90180EA4): 2
LogInit: Presizing for max 25165824 objects, including 0 objects not considered by GC, pre-allocating 0 bytes for permanent pool.
LogConfig: Applying CVar settings from Section [/Script/Engine.StreamingSettings] File [D:/个人游戏/Space FPS/SpaceFPS/FPS/FPSDemo/Saved/Config/Windows/Engine.ini]
LogConfig: Setting CVar [[s.MinBulkDataSizeForAsyncLoading:131072]]
LogConfig: Setting CVar [[s.AsyncLoadingThreadEnabled:0]]
LogConfig: Setting CVar [[s.EventDrivenLoaderEnabled:1]]
LogConfig: Setting CVar [[s.WarnIfTimeLimitExceeded:0]]
LogConfig: Setting CVar [[s.TimeLimitExceededMultiplier:1.5]]
LogConfig: Setting CVar [[s.TimeLimitExceededMinTime:0.005]]
LogConfig: Setting CVar [[s.UseBackgroundLevelStreaming:1]]
LogConfig: Setting CVar [[s.PriorityAsyncLoadingExtraTime:15.0]]
LogConfig: Setting CVar [[s.LevelStreamingActorsUpdateTimeLimit:5.0]]
LogConfig: Setting CVar [[s.PriorityLevelStreamingActorsUpdateExtraTime:5.0]]
LogConfig: Setting CVar [[s.LevelStreamingComponentsRegistrationGranularity:10]]
LogConfig: Setting CVar [[s.UnregisterComponentsTimeLimit:1.0]]
LogConfig: Setting CVar [[s.LevelStreamingComponentsUnregistrationGranularity:5]]
LogConfig: Setting CVar [[s.FlushStreamingOnExit:1]]
LogInit: Object subsystem initialized
LogConfig: Setting CVar [[con.DebugEarlyDefault:1]]
LogConfig: Setting CVar [[r.setres:1280x720]]
[2022.03.05-18.07.29:104][  0]LogConfig: Setting CVar [[r.VSync:0]]
[2022.03.05-18.07.29:104][  0]LogConfig: Setting CVar [[r.RHICmdBypass:0]]
[2022.03.05-18.07.29:104][  0]LogConfig: Applying CVar settings from Section [/Script/Engine.RendererSettings] File [D:/个人游戏/Space FPS/SpaceFPS/FPS/FPSDemo/Saved/Config/Windows/Engine.ini]
[2022.03.05-18.07.29:104][  0]LogConfig: Setting CVar [[r.GPUCrashDebugging:0]]
[2022.03.05-18.07.29:104][  0]LogConfig: Applying CVar settings from Section [/Script/Engine.RendererOverrideSettings] File [D:/个人游戏/Space FPS/SpaceFPS/FPS/FPSDemo/Saved/Config/Windows/Engine.ini]
[2022.03.05-18.07.29:104][  0]LogConfig: Applying CVar settings from Section [/Script/Engine.StreamingSettings] File [D:/个人游戏/Space FPS/SpaceFPS/FPS/FPSDemo/Saved/Config/Windows/Engine.ini]
[2022.03.05-18.07.29:104][  0]LogConfig: Setting CVar [[s.MinBulkDataSizeForAsyncLoading:131072]]
[2022.03.05-18.07.29:104][  0]LogConfig: Setting CVar [[s.AsyncLoadingThreadEnabled:0]]
[2022.03.05-18.07.29:104][  0]LogConfig: Setting CVar [[s.EventDrivenLoaderEnabled:1]]
[2022.03.05-18.07.29:104][  0]LogConfig: Setting CVar [[s.WarnIfTimeLimitExceeded:0]]
[2022.03.05-18.07.29:104][  0]LogConfig: Setting CVar [[s.TimeLimitExceededMultiplier:1.5]]
[2022.03.05-18.07.29:104][  0]LogConfig: Setting CVar [[s.TimeLimitExceededMinTime:0.005]]
[2022.03.05-18.07.29:104][  0]LogConfig: Setting CVar [[s.UseBackgroundLevelStreaming:1]]
[2022.03.05-18.07.29:104][  0]LogConfig: Setting CVar [[s.PriorityAsyncLoadingExtraTime:15.0]]
[2022.03.05-18.07.29:104][  0]LogConfig: Setting CVar [[s.LevelStreamingActorsUpdateTimeLimit:5.0]]
[2022.03.05-18.07.29:104][  0]LogConfig: Setting CVar [[s.PriorityLevelStreamingActorsUpdateExtraTime:5.0]]
[2022.03.05-18.07.29:104][  0]LogConfig: Setting CVar [[s.LevelStreamingComponentsRegistrationGranularity:10]]
[2022.03.05-18.07.29:104][  0]LogConfig: Setting CVar [[s.UnregisterComponentsTimeLimit:1.0]]
[2022.03.05-18.07.29:104][  0]LogConfig: Setting CVar [[s.LevelStreamingComponentsUnregistrationGranularity:5]]
[2022.03.05-18.07.29:104][  0]LogConfig: Setting CVar [[s.FlushStreamingOnExit:1]]
[2022.03.05-18.07.29:104][  0]LogConfig: Applying CVar settings from Section [/Script/Engine.GarbageCollectionSettings] File [D:/个人游戏/Space FPS/SpaceFPS/FPS/FPSDemo/Saved/Config/Windows/Engine.ini]
[2022.03.05-18.07.29:104][  0]LogConfig: Setting CVar [[gc.MaxObjectsNotConsideredByGC:1]]
[2022.03.05-18.07.29:104][  0]LogConfig: Setting CVar [[gc.SizeOfPermanentObjectPool:0]]
[2022.03.05-18.07.29:104][  0]LogConfig: Setting CVar [[gc.FlushStreamingOnGC:0]]
[2022.03.05-18.07.29:104][  0]LogConfig: Setting CVar [[gc.NumRetriesBeforeForcingGC:10]]
[2022.03.05-18.07.29:104][  0]LogConfig: Setting CVar [[gc.AllowParallelGC:1]]
[2022.03.05-18.07.29:104][  0]LogConfig: Setting CVar [[gc.TimeBetweenPurgingPendingKillObjects:61.1]]
[2022.03.05-18.07.29:104][  0]LogConfig: Setting CVar [[gc.MaxObjectsInEditor:25165824]]
[2022.03.05-18.07.29:104][  0]LogConfig: Setting CVar [[gc.IncrementalBeginDestroyEnabled:1]]
[2022.03.05-18.07.29:104][  0]LogConfig: Setting CVar [[gc.CreateGCClusters:1]]
[2022.03.05-18.07.29:104][  0]LogConfig: Setting CVar [[gc.MinGCClusterSize:5]]
[2022.03.05-18.07.29:104][  0]LogConfig: Setting CVar [[gc.ActorClusteringEnabled:0]]
[2022.03.05-18.07.29:104][  0]LogConfig: Setting CVar [[gc.BlueprintClusteringEnabled:0]]
[2022.03.05-18.07.29:104][  0]LogConfig: Setting CVar [[gc.UseDisregardForGCOnDedicatedServers:0]]
[2022.03.05-18.07.29:104][  0]LogConfig: Setting CVar [[gc.MultithreadedDestructionEnabled:1]]
[2022.03.05-18.07.29:104][  0]LogConfig: Applying CVar settings from Section [/Script/Engine.NetworkSettings] File [D:/个人游戏/Space FPS/SpaceFPS/FPS/FPSDemo/Saved/Config/Windows/Engine.ini]
[2022.03.05-18.07.29:104][  0]LogConfig: Applying CVar settings from Section [/Script/UnrealEd.CookerSettings] File [D:/个人游戏/Space FPS/SpaceFPS/FPS/FPSDemo/Saved/Config/Windows/Engine.ini]
[2022.03.05-18.07.29:108][  0]LogConfig: Applying CVar settings from Section [ViewDistanceQuality@3] File [D:/个人游戏/Space FPS/SpaceFPS/FPS/FPSDemo/Saved/Config/Windows/Scalability.ini]
[2022.03.05-18.07.29:108][  0]LogConfig: Setting CVar [[r.SkeletalMeshLODBias:0]]
[2022.03.05-18.07.29:108][  0]LogConfig: Setting CVar [[r.ViewDistanceScale:1.0]]
[2022.03.05-18.07.29:108][  0]LogConfig: Applying CVar settings from Section [AntiAliasingQuality@3] File [D:/个人游戏/Space FPS/SpaceFPS/FPS/FPSDemo/Saved/Config/Windows/Scalability.ini]
[2022.03.05-18.07.29:108][  0]LogConfig: Setting CVar [[r.PostProcessAAQuality:4]]
[2022.03.05-18.07.29:108][  0]LogConfig: Applying CVar settings from Section [ShadowQuality@3] File [D:/个人游戏/Space FPS/SpaceFPS/FPS/FPSDemo/Saved/Config/Windows/Scalability.ini]
[2022.03.05-18.07.29:108][  0]LogConfig: Setting CVar [[r.LightFunctionQuality:1]]
[2022.03.05-18.07.29:108][  0]LogConfig: Setting CVar [[r.ShadowQuality:5]]
[2022.03.05-18.07.29:108][  0]LogConfig: Setting CVar [[r.Shadow.CSM.MaxCascades:10]]
[2022.03.05-18.07.29:108][  0]LogConfig: Setting CVar [[r.Shadow.MaxResolution:2048]]
[2022.03.05-18.07.29:108][  0]LogConfig: Setting CVar [[r.Shadow.MaxCSMResolution:2048]]
[2022.03.05-18.07.29:108][  0]LogConfig: Setting CVar [[r.Shadow.RadiusThreshold:0.01]]
[2022.03.05-18.07.29:108][  0]LogConfig: Setting CVar [[r.Shadow.DistanceScale:1.0]]
[2022.03.05-18.07.29:108][  0]LogConfig: Setting CVar [[r.Shadow.CSM.TransitionScale:1.0]]
[2022.03.05-18.07.29:108][  0]LogConfig: Setting CVar [[r.Shadow.PreShadowResolutionFactor:1.0]]
[2022.03.05-18.07.29:108][  0]LogConfig: Setting CVar [[r.DistanceFieldShadowing:1]]
[2022.03.05-18.07.29:108][  0]LogConfig: Setting CVar [[r.DistanceFieldAO:1]]
[2022.03.05-18.07.29:108][  0]LogConfig: Setting CVar [[r.AOQuality:2]]
[2022.03.05-18.07.29:108][  0]LogConfig: Setting CVar [[r.VolumetricFog:1]]
[2022.03.05-18.07.29:108][  0]LogConfig: Setting CVar [[r.VolumetricFog.GridPixelSize:8]]
[2022.03.05-18.07.29:108][  0]LogConfig: Setting CVar [[r.VolumetricFog.GridSizeZ:128]]
[2022.03.05-18.07.29:108][  0]LogConfig: Setting CVar [[r.VolumetricFog.HistoryMissSupersampleCount:4]]
[2022.03.05-18.07.29:108][  0]LogConfig: Setting CVar [[r.LightMaxDrawDistanceScale:1]]
[2022.03.05-18.07.29:108][  0]LogConfig: Setting CVar [[r.CapsuleShadows:1]]
[2022.03.05-18.07.29:108][  0]LogConfig: Applying CVar settings from Section [PostProcessQuality@3] File [D:/个人游戏/Space FPS/SpaceFPS/FPS/FPSDemo/Saved/Config/Windows/Scalability.ini]
[2022.03.05-18.07.29:109][  0]LogConfig: Setting CVar [[r.MotionBlurQuality:4]]
[2022.03.05-18.07.29:109][  0]LogConfig: Setting CVar [[r.AmbientOcclusionMipLevelFactor:0.4]]
[2022.03.05-18.07.29:109][  0]LogConfig: Setting CVar [[r.AmbientOcclusionMaxQuality:100]]
[2022.03.05-18.07.29:109][  0]LogConfig: Setting CVar [[r.AmbientOcclusionLevels:-1]]
[2022.03.05-18.07.29:109][  0]LogConfig: Setting CVar [[r.AmbientOcclusionRadiusScale:1.0]]
[2022.03.05-18.07.29:109][  0]LogConfig: Setting CVar [[r.DepthOfFieldQuality:2]]
[2022.03.05-18.07.29:109][  0]LogConfig: Setting CVar [[r.RenderTargetPoolMin:400]]
[2022.03.05-18.07.29:109][  0]LogConfig: Setting CVar [[r.LensFlareQuality:2]]
[2022.03.05-18.07.29:109][  0]LogConfig: Setting CVar [[r.SceneColorFringeQuality:1]]
[2022.03.05-18.07.29:109][  0]LogConfig: Setting CVar [[r.EyeAdaptationQuality:2]]
[2022.03.05-18.07.29:109][  0]LogConfig: Setting CVar [[r.BloomQuality:5]]
[2022.03.05-18.07.29:109][  0]LogConfig: Setting CVar [[r.FastBlurThreshold:100]]
[2022.03.05-18.07.29:109][  0]LogConfig: Setting CVar [[r.Upscale.Quality:3]]
[2022.03.05-18.07.29:109][  0]LogConfig: Setting CVar [[r.Tonemapper.GrainQuantization:1]]
[2022.03.05-18.07.29:109][  0]LogConfig: Setting CVar [[r.LightShaftQuality:1]]
[2022.03.05-18.07.29:109][  0]LogConfig: Setting CVar [[r.Filter.SizeScale:1]]
[2022.03.05-18.07.29:109][  0]LogConfig: Setting CVar [[r.Tonemapper.Quality:5]]
[2022.03.05-18.07.29:109][  0]LogConfig: Setting CVar [[r.DOF.Gather.AccumulatorQuality:1        ; higher gathering accumulator quality]]
[2022.03.05-18.07.29:109][  0]LogConfig: Setting CVar [[r.DOF.Gather.PostfilterMethod:1          ; Median3x3 postfilering method]]
[2022.03.05-18.07.29:109][  0]LogConfig: Setting CVar [[r.DOF.Gather.EnableBokehSettings:0       ; no bokeh simulation when gathering]]
[2022.03.05-18.07.29:109][  0]LogConfig: Setting CVar [[r.DOF.Gather.RingCount:4                 ; medium number of samples when gathering]]
[2022.03.05-18.07.29:109][  0]LogConfig: Setting CVar [[r.DOF.Scatter.ForegroundCompositing:1    ; additive foreground scattering]]
[2022.03.05-18.07.29:109][  0]LogConfig: Setting CVar [[r.DOF.Scatter.BackgroundCompositing:2    ; additive background scattering]]
[2022.03.05-18.07.29:109][  0]LogConfig: Setting CVar [[r.DOF.Scatter.EnableBokehSettings:1      ; bokeh simulation when scattering]]
[2022.03.05-18.07.29:109][  0]LogConfig: Setting CVar [[r.DOF.Scatter.MaxSpriteRatio:0.1         ; only a maximum of 10% of scattered bokeh]]
[2022.03.05-18.07.29:109][  0]LogConfig: Setting CVar [[r.DOF.Recombine.Quality:1                ; cheap slight out of focus]]
[2022.03.05-18.07.29:109][  0]LogConfig: Setting CVar [[r.DOF.Recombine.EnableBokehSettings:0    ; no bokeh simulation on slight out of focus]]
[2022.03.05-18.07.29:109][  0]LogConfig: Setting CVar [[r.DOF.TemporalAAQuality:1                ; more stable temporal accumulation]]
[2022.03.05-18.07.29:109][  0]LogConfig: Setting CVar [[r.DOF.Kernel.MaxForegroundRadius:0.025]]
[2022.03.05-18.07.29:109][  0]LogConfig: Setting CVar [[r.DOF.Kernel.MaxBackgroundRadius:0.025]]
[2022.03.05-18.07.29:109][  0]LogConfig: Applying CVar settings from Section [TextureQuality@3] File [D:/个人游戏/Space FPS/SpaceFPS/FPS/FPSDemo/Saved/Config/Windows/Scalability.ini]
[2022.03.05-18.07.29:109][  0]LogConfig: Setting CVar [[r.Streaming.MipBias:0]]
[2022.03.05-18.07.29:109][  0]LogConfig: Setting CVar [[r.Streaming.AmortizeCPUToGPUCopy:0]]
[2022.03.05-18.07.29:109][  0]LogConfig: Setting CVar [[r.Streaming.MaxNumTexturesToStreamPerFrame:0]]
[2022.03.05-18.07.29:109][  0]LogConfig: Setting CVar [[r.Streaming.Boost:1]]
[2022.03.05-18.07.29:109][  0]LogConfig: Setting CVar [[r.MaxAnisotropy:8]]
[2022.03.05-18.07.29:109][  0]LogConfig: Setting CVar [[r.VT.MaxAnisotropy:8]]
[2022.03.05-18.07.29:109][  0]LogConfig: Setting CVar [[r.Streaming.LimitPoolSizeToVRAM:0]]
[2022.03.05-18.07.29:109][  0]LogConfig: Setting CVar [[r.Streaming.PoolSize:1000]]
[2022.03.05-18.07.29:109][  0]LogConfig: Setting CVar [[r.Streaming.MaxEffectiveScreenSize:0]]
[2022.03.05-18.07.29:109][  0]LogConfig: Applying CVar settings from Section [EffectsQuality@3] File [D:/个人游戏/Space FPS/SpaceFPS/FPS/FPSDemo/Saved/Config/Windows/Scalability.ini]
[2022.03.05-18.07.29:109][  0]LogConfig: Setting CVar [[r.TranslucencyLightingVolumeDim:64]]
[2022.03.05-18.07.29:109][  0]LogConfig: Setting CVar [[r.RefractionQuality:2]]
[2022.03.05-18.07.29:109][  0]LogConfig: Setting CVar [[r.SSR.Quality:3]]
[2022.03.05-18.07.29:109][  0]LogConfig: Setting CVar [[r.SSR.HalfResSceneColor:0]]
[2022.03.05-18.07.29:109][  0]LogConfig: Setting CVar [[r.SceneColorFormat:4]]
[2022.03.05-18.07.29:109][  0]LogConfig: Setting CVar [[r.DetailMode:2]]
[2022.03.05-18.07.29:109][  0]LogConfig: Setting CVar [[r.TranslucencyVolumeBlur:1]]
[2022.03.05-18.07.29:109][  0]LogConfig: Setting CVar [[r.MaterialQualityLevel:1 ; High quality]]
[2022.03.05-18.07.29:109][  0]LogConfig: Setting CVar [[r.AnisotropicMaterials:1]]
[2022.03.05-18.07.29:109][  0]LogConfig: Setting CVar [[r.SSS.Scale:1]]
[2022.03.05-18.07.29:109][  0]LogConfig: Setting CVar [[r.SSS.SampleSet:2]]
[2022.03.05-18.07.29:109][  0]LogConfig: Setting CVar [[r.SSS.Quality:1]]
[2022.03.05-18.07.29:109][  0]LogConfig: Setting CVar [[r.SSS.HalfRes:0]]
[2022.03.05-18.07.29:109][  0]LogConfig: Setting CVar [[r.SSGI.Quality:3]]
[2022.03.05-18.07.29:109][  0]LogConfig: Setting CVar [[r.EmitterSpawnRateScale:1.0]]
[2022.03.05-18.07.29:109][  0]LogConfig: Setting CVar [[r.ParticleLightQuality:2]]
[2022.03.05-18.07.29:109][  0]LogConfig: Setting CVar [[r.SkyAtmosphere.AerialPerspectiveLUT.FastApplyOnOpaque:1 ; Always have FastSkyLUT 1 in this case to avoid wrong sky]]
[2022.03.05-18.07.29:109][  0]LogConfig: Setting CVar [[r.SkyAtmosphere.AerialPerspectiveLUT.SampleCountMaxPerSlice:4]]
[2022.03.05-18.07.29:109][  0]LogConfig: Setting CVar [[r.SkyAtmosphere.AerialPerspectiveLUT.DepthResolution:16.0]]
[2022.03.05-18.07.29:109][  0]LogConfig: Setting CVar [[r.SkyAtmosphere.FastSkyLUT:1]]
[2022.03.05-18.07.29:109][  0]LogConfig: Setting CVar [[r.SkyAtmosphere.FastSkyLUT.SampleCountMin:4.0]]
[2022.03.05-18.07.29:109][  0]LogConfig: Setting CVar [[r.SkyAtmosphere.FastSkyLUT.SampleCountMax:128.0]]
[2022.03.05-18.07.29:109][  0]LogConfig: Setting CVar [[r.SkyAtmosphere.SampleCountMin:4.0]]
[2022.03.05-18.07.29:109][  0]LogConfig: Setting CVar [[r.SkyAtmosphere.SampleCountMax:128.0]]
[2022.03.05-18.07.29:109][  0]LogConfig: Setting CVar [[r.SkyAtmosphere.TransmittanceLUT.UseSmallFormat:0]]
[2022.03.05-18.07.29:109][  0]LogConfig: Setting CVar [[r.SkyAtmosphere.TransmittanceLUT.SampleCount:10.0]]
[2022.03.05-18.07.29:109][  0]LogConfig: Setting CVar [[r.SkyAtmosphere.MultiScatteringLUT.SampleCount:15.0]]
[2022.03.05-18.07.29:109][  0]LogConfig: Setting CVar [[r.SkyLight.RealTimeReflectionCapture:1]]
[2022.03.05-18.07.29:109][  0]LogConfig: Applying CVar settings from Section [FoliageQuality@3] File [D:/个人游戏/Space FPS/SpaceFPS/FPS/FPSDemo/Saved/Config/Windows/Scalability.ini]
[2022.03.05-18.07.29:109][  0]LogConfig: Setting CVar [[foliage.DensityScale:1.0]]
[2022.03.05-18.07.29:109][  0]LogConfig: Setting CVar [[grass.DensityScale:1.0]]
[2022.03.05-18.07.29:109][  0]LogConfig: Applying CVar settings from Section [ShadingQuality@3] File [D:/个人游戏/Space FPS/SpaceFPS/FPS/FPSDemo/Saved/Config/Windows/Scalability.ini]
[2022.03.05-18.07.29:109][  0]LogConfig: Setting CVar [[r.HairStrands.SkyLighting.IntegrationType:2]]
[2022.03.05-18.07.29:109][  0]LogConfig: Setting CVar [[r.HairStrands.SkyAO.SampleCount:4]]
[2022.03.05-18.07.29:109][  0]LogConfig: Setting CVar [[r.HairStrands.Visibility.MSAA.SamplePerPixel:4]]
[2022.03.05-18.07.29:109][  0]LogInit: Selected Device Profile: [Windows]
[2022.03.05-18.07.29:109][  0]LogInit: Applying CVar settings loaded from the selected device profile: [Windows]
[2022.03.05-18.07.29:109][  0]LogHAL: Display: Platform has ~ 16 GB [16866873344 / 17179869184 / 16], which maps to Larger [LargestMinGB=32, LargerMinGB=12, DefaultMinGB=8, SmallerMinGB=6, SmallestMinGB=0)
[2022.03.05-18.07.29:109][  0]LogInit: Going up to parent DeviceProfile []
[2022.03.05-18.07.29:109][  0]LogConfig: Applying CVar settings from Section [ViewDistanceQuality@3] File [D:/个人游戏/Space FPS/SpaceFPS/FPS/FPSDemo/Saved/Config/Windows/Scalability.ini]
[2022.03.05-18.07.29:109][  0]LogConfig: Setting CVar [[r.SkeletalMeshLODBias:0]]
[2022.03.05-18.07.29:109][  0]LogConfig: Setting CVar [[r.ViewDistanceScale:1.0]]
[2022.03.05-18.07.29:109][  0]LogConfig: Applying CVar settings from Section [AntiAliasingQuality@3] File [D:/个人游戏/Space FPS/SpaceFPS/FPS/FPSDemo/Saved/Config/Windows/Scalability.ini]
[2022.03.05-18.07.29:109][  0]LogConfig: Setting CVar [[r.PostProcessAAQuality:4]]
[2022.03.05-18.07.29:109][  0]LogConfig: Applying CVar settings from Section [ShadowQuality@3] File [D:/个人游戏/Space FPS/SpaceFPS/FPS/FPSDemo/Saved/Config/Windows/Scalability.ini]
[2022.03.05-18.07.29:109][  0]LogConfig: Setting CVar [[r.LightFunctionQuality:1]]
[2022.03.05-18.07.29:109][  0]LogConfig: Setting CVar [[r.ShadowQuality:5]]
[2022.03.05-18.07.29:109][  0]LogConfig: Setting CVar [[r.Shadow.CSM.MaxCascades:10]]
[2022.03.05-18.07.29:109][  0]LogConfig: Setting CVar [[r.Shadow.MaxResolution:2048]]
[2022.03.05-18.07.29:109][  0]LogConfig: Setting CVar [[r.Shadow.MaxCSMResolution:2048]]
[2022.03.05-18.07.29:109][  0]LogConfig: Setting CVar [[r.Shadow.RadiusThreshold:0.01]]
[2022.03.05-18.07.29:109][  0]LogConfig: Setting CVar [[r.Shadow.DistanceScale:1.0]]
[2022.03.05-18.07.29:109][  0]LogConfig: Setting CVar [[r.Shadow.CSM.TransitionScale:1.0]]
[2022.03.05-18.07.29:109][  0]LogConfig: Setting CVar [[r.Shadow.PreShadowResolutionFactor:1.0]]
[2022.03.05-18.07.29:109][  0]LogConfig: Setting CVar [[r.DistanceFieldShadowing:1]]
[2022.03.05-18.07.29:109][  0]LogConfig: Setting CVar [[r.DistanceFieldAO:1]]
[2022.03.05-18.07.29:109][  0]LogConfig: Setting CVar [[r.AOQuality:2]]
[2022.03.05-18.07.29:109][  0]LogConfig: Setting CVar [[r.VolumetricFog:1]]
[2022.03.05-18.07.29:109][  0]LogConfig: Setting CVar [[r.VolumetricFog.GridPixelSize:8]]
[2022.03.05-18.07.29:109][  0]LogConfig: Setting CVar [[r.VolumetricFog.GridSizeZ:128]]
[2022.03.05-18.07.29:109][  0]LogConfig: Setting CVar [[r.VolumetricFog.HistoryMissSupersampleCount:4]]
[2022.03.05-18.07.29:109][  0]LogConfig: Setting CVar [[r.LightMaxDrawDistanceScale:1]]
[2022.03.05-18.07.29:109][  0]LogConfig: Setting CVar [[r.CapsuleShadows:1]]
[2022.03.05-18.07.29:109][  0]LogConfig: Applying CVar settings from Section [PostProcessQuality@3] File [D:/个人游戏/Space FPS/SpaceFPS/FPS/FPSDemo/Saved/Config/Windows/Scalability.ini]
[2022.03.05-18.07.29:109][  0]LogConfig: Setting CVar [[r.MotionBlurQuality:4]]
[2022.03.05-18.07.29:109][  0]LogConfig: Setting CVar [[r.AmbientOcclusionMipLevelFactor:0.4]]
[2022.03.05-18.07.29:109][  0]LogConfig: Setting CVar [[r.AmbientOcclusionMaxQuality:100]]
[2022.03.05-18.07.29:109][  0]LogConfig: Setting CVar [[r.AmbientOcclusionLevels:-1]]
[2022.03.05-18.07.29:109][  0]LogConfig: Setting CVar [[r.AmbientOcclusionRadiusScale:1.0]]
[2022.03.05-18.07.29:109][  0]LogConfig: Setting CVar [[r.DepthOfFieldQuality:2]]
[2022.03.05-18.07.29:109][  0]LogConfig: Setting CVar [[r.RenderTargetPoolMin:400]]
[2022.03.05-18.07.29:109][  0]LogConfig: Setting CVar [[r.LensFlareQuality:2]]
[2022.03.05-18.07.29:109][  0]LogConfig: Setting CVar [[r.SceneColorFringeQuality:1]]
[2022.03.05-18.07.29:109][  0]LogConfig: Setting CVar [[r.EyeAdaptationQuality:2]]
[2022.03.05-18.07.29:109][  0]LogConfig: Setting CVar [[r.BloomQuality:5]]
[2022.03.05-18.07.29:109][  0]LogConfig: Setting CVar [[r.FastBlurThreshold:100]]
[2022.03.05-18.07.29:109][  0]LogConfig: Setting CVar [[r.Upscale.Quality:3]]
[2022.03.05-18.07.29:109][  0]LogConfig: Setting CVar [[r.Tonemapper.GrainQuantization:1]]
[2022.03.05-18.07.29:109][  0]LogConfig: Setting CVar [[r.LightShaftQuality:1]]
[2022.03.05-18.07.29:109][  0]LogConfig: Setting CVar [[r.Filter.SizeScale:1]]
[2022.03.05-18.07.29:109][  0]LogConfig: Setting CVar [[r.Tonemapper.Quality:5]]
[2022.03.05-18.07.29:109][  0]LogConfig: Setting CVar [[r.DOF.Gather.AccumulatorQuality:1        ; higher gathering accumulator quality]]
[2022.03.05-18.07.29:109][  0]LogConfig: Setting CVar [[r.DOF.Gather.PostfilterMethod:1          ; Median3x3 postfilering method]]
[2022.03.05-18.07.29:110][  0]LogConfig: Setting CVar [[r.DOF.Gather.EnableBokehSettings:0       ; no bokeh simulation when gathering]]
[2022.03.05-18.07.29:110][  0]LogConfig: Setting CVar [[r.DOF.Gather.RingCount:4                 ; medium number of samples when gathering]]
[2022.03.05-18.07.29:110][  0]LogConfig: Setting CVar [[r.DOF.Scatter.ForegroundCompositing:1    ; additive foreground scattering]]
[2022.03.05-18.07.29:110][  0]LogConfig: Setting CVar [[r.DOF.Scatter.BackgroundCompositing:2    ; additive background scattering]]
[2022.03.05-18.07.29:110][  0]LogConfig: Setting CVar [[r.DOF.Scatter.EnableBokehSettings:1      ; bokeh simulation when scattering]]
[2022.03.05-18.07.29:110][  0]LogConfig: Setting CVar [[r.DOF.Scatter.MaxSpriteRatio:0.1         ; only a maximum of 10% of scattered bokeh]]
[2022.03.05-18.07.29:110][  0]LogConfig: Setting CVar [[r.DOF.Recombine.Quality:1                ; cheap slight out of focus]]
[2022.03.05-18.07.29:110][  0]LogConfig: Setting CVar [[r.DOF.Recombine.EnableBokehSettings:0    ; no bokeh simulation on slight out of focus]]
[2022.03.05-18.07.29:110][  0]LogConfig: Setting CVar [[r.DOF.TemporalAAQuality:1                ; more stable temporal accumulation]]
[2022.03.05-18.07.29:110][  0]LogConfig: Setting CVar [[r.DOF.Kernel.MaxForegroundRadius:0.025]]
[2022.03.05-18.07.29:110][  0]LogConfig: Setting CVar [[r.DOF.Kernel.MaxBackgroundRadius:0.025]]
[2022.03.05-18.07.29:110][  0]LogConfig: Applying CVar settings from Section [TextureQuality@3] File [D:/个人游戏/Space FPS/SpaceFPS/FPS/FPSDemo/Saved/Config/Windows/Scalability.ini]
[2022.03.05-18.07.29:110][  0]LogConfig: Setting CVar [[r.Streaming.MipBias:0]]
[2022.03.05-18.07.29:110][  0]LogConfig: Setting CVar [[r.Streaming.AmortizeCPUToGPUCopy:0]]
[2022.03.05-18.07.29:110][  0]LogConfig: Setting CVar [[r.Streaming.MaxNumTexturesToStreamPerFrame:0]]
[2022.03.05-18.07.29:110][  0]LogConfig: Setting CVar [[r.Streaming.Boost:1]]
[2022.03.05-18.07.29:110][  0]LogConfig: Setting CVar [[r.MaxAnisotropy:8]]
[2022.03.05-18.07.29:110][  0]LogConfig: Setting CVar [[r.VT.MaxAnisotropy:8]]
[2022.03.05-18.07.29:110][  0]LogConfig: Setting CVar [[r.Streaming.LimitPoolSizeToVRAM:0]]
[2022.03.05-18.07.29:110][  0]LogConfig: Setting CVar [[r.Streaming.PoolSize:1000]]
[2022.03.05-18.07.29:110][  0]LogConfig: Setting CVar [[r.Streaming.MaxEffectiveScreenSize:0]]
[2022.03.05-18.07.29:110][  0]LogConfig: Applying CVar settings from Section [EffectsQuality@3] File [D:/个人游戏/Space FPS/SpaceFPS/FPS/FPSDemo/Saved/Config/Windows/Scalability.ini]
[2022.03.05-18.07.29:110][  0]LogConfig: Setting CVar [[r.TranslucencyLightingVolumeDim:64]]
[2022.03.05-18.07.29:110][  0]LogConfig: Setting CVar [[r.RefractionQuality:2]]
[2022.03.05-18.07.29:110][  0]LogConfig: Setting CVar [[r.SSR.Quality:3]]
[2022.03.05-18.07.29:110][  0]LogConfig: Setting CVar [[r.SSR.HalfResSceneColor:0]]
[2022.03.05-18.07.29:110][  0]LogConfig: Setting CVar [[r.SceneColorFormat:4]]
[2022.03.05-18.07.29:110][  0]LogConfig: Setting CVar [[r.DetailMode:2]]
[2022.03.05-18.07.29:110][  0]LogConfig: Setting CVar [[r.TranslucencyVolumeBlur:1]]
[2022.03.05-18.07.29:110][  0]LogConfig: Setting CVar [[r.MaterialQualityLevel:1 ; High quality]]
[2022.03.05-18.07.29:110][  0]LogConfig: Setting CVar [[r.AnisotropicMaterials:1]]
[2022.03.05-18.07.29:110][  0]LogConfig: Setting CVar [[r.SSS.Scale:1]]
[2022.03.05-18.07.29:110][  0]LogConfig: Setting CVar [[r.SSS.SampleSet:2]]
[2022.03.05-18.07.29:110][  0]LogConfig: Setting CVar [[r.SSS.Quality:1]]
[2022.03.05-18.07.29:110][  0]LogConfig: Setting CVar [[r.SSS.HalfRes:0]]
[2022.03.05-18.07.29:110][  0]LogConfig: Setting CVar [[r.SSGI.Quality:3]]
[2022.03.05-18.07.29:110][  0]LogConfig: Setting CVar [[r.EmitterSpawnRateScale:1.0]]
[2022.03.05-18.07.29:110][  0]LogConfig: Setting CVar [[r.ParticleLightQuality:2]]
[2022.03.05-18.07.29:110][  0]LogConfig: Setting CVar [[r.SkyAtmosphere.AerialPerspectiveLUT.FastApplyOnOpaque:1 ; Always have FastSkyLUT 1 in this case to avoid wrong sky]]
[2022.03.05-18.07.29:110][  0]LogConfig: Setting CVar [[r.SkyAtmosphere.AerialPerspectiveLUT.SampleCountMaxPerSlice:4]]
[2022.03.05-18.07.29:110][  0]LogConfig: Setting CVar [[r.SkyAtmosphere.AerialPerspectiveLUT.DepthResolution:16.0]]
[2022.03.05-18.07.29:110][  0]LogConfig: Setting CVar [[r.SkyAtmosphere.FastSkyLUT:1]]
[2022.03.05-18.07.29:110][  0]LogConfig: Setting CVar [[r.SkyAtmosphere.FastSkyLUT.SampleCountMin:4.0]]
[2022.03.05-18.07.29:110][  0]LogConfig: Setting CVar [[r.SkyAtmosphere.FastSkyLUT.SampleCountMax:128.0]]
[2022.03.05-18.07.29:110][  0]LogConfig: Setting CVar [[r.SkyAtmosphere.SampleCountMin:4.0]]
[2022.03.05-18.07.29:110][  0]LogConfig: Setting CVar [[r.SkyAtmosphere.SampleCountMax:128.0]]
[2022.03.05-18.07.29:110][  0]LogConfig: Setting CVar [[r.SkyAtmosphere.TransmittanceLUT.UseSmallFormat:0]]
[2022.03.05-18.07.29:110][  0]LogConfig: Setting CVar [[r.SkyAtmosphere.TransmittanceLUT.SampleCount:10.0]]
[2022.03.05-18.07.29:110][  0]LogConfig: Setting CVar [[r.SkyAtmosphere.MultiScatteringLUT.SampleCount:15.0]]
[2022.03.05-18.07.29:110][  0]LogConfig: Setting CVar [[r.SkyLight.RealTimeReflectionCapture:1]]
[2022.03.05-18.07.29:110][  0]LogConfig: Applying CVar settings from Section [FoliageQuality@3] File [D:/个人游戏/Space FPS/SpaceFPS/FPS/FPSDemo/Saved/Config/Windows/Scalability.ini]
[2022.03.05-18.07.29:110][  0]LogConfig: Setting CVar [[foliage.DensityScale:1.0]]
[2022.03.05-18.07.29:110][  0]LogConfig: Setting CVar [[grass.DensityScale:1.0]]
[2022.03.05-18.07.29:110][  0]LogConfig: Applying CVar settings from Section [ShadingQuality@3] File [D:/个人游戏/Space FPS/SpaceFPS/FPS/FPSDemo/Saved/Config/Windows/Scalability.ini]
[2022.03.05-18.07.29:110][  0]LogConfig: Setting CVar [[r.HairStrands.SkyLighting.IntegrationType:2]]
[2022.03.05-18.07.29:110][  0]LogConfig: Setting CVar [[r.HairStrands.SkyAO.SampleCount:4]]
[2022.03.05-18.07.29:110][  0]LogConfig: Setting CVar [[r.HairStrands.Visibility.MSAA.SamplePerPixel:4]]
[2022.03.05-18.07.29:110][  0]LogConfig: Applying CVar settings from Section [Startup] File [../../../Engine/Config/ConsoleVariables.ini]
[2022.03.05-18.07.29:110][  0]LogConfig: Setting CVar [[net.UseAdaptiveNetUpdateFrequency:0]]
[2022.03.05-18.07.29:110][  0]LogConfig: Setting CVar [[p.chaos.AllowCreatePhysxBodies:1]]
[2022.03.05-18.07.29:110][  0]LogConfig: Setting CVar [[fx.SkipVectorVMBackendOptimizations:1]]
[2022.03.05-18.07.29:110][  0]LogConfig: Applying CVar settings from Section [ConsoleVariables] File [D:/个人游戏/Space FPS/SpaceFPS/FPS/FPSDemo/Saved/Config/Windows/Engine.ini]
[2022.03.05-18.07.29:110][  0]LogConfig: Applying CVar settings from Section [ConsoleVariables] File [D:/个人游戏/Space FPS/SpaceFPS/FPS/FPSDemo/Saved/Config/Windows/Editor.ini]
[2022.03.05-18.07.29:110][  0]LogInit: Computer: MSI
[2022.03.05-18.07.29:110][  0]LogInit: User: w1y2f
[2022.03.05-18.07.29:110][  0]LogInit: CPU Page size=4096, Cores=8
[2022.03.05-18.07.29:110][  0]LogInit: High frequency timer resolution =10.000000 MHz
[2022.03.05-18.07.29:110][  0]LogMemory: Memory total: Physical=15.7GB (16GB approx)
[2022.03.05-18.07.29:110][  0]LogMemory: Platform Memory Stats for Windows
[2022.03.05-18.07.29:110][  0]LogMemory: Process Physical Memory: 150.67 MB used, 150.67 MB peak
[2022.03.05-18.07.29:110][  0]LogMemory: Process Virtual Memory: 133.26 MB used, 133.26 MB peak
[2022.03.05-18.07.29:110][  0]LogMemory: Physical Memory: 7117.12 MB used,  8968.39 MB free, 16085.50 MB total
[2022.03.05-18.07.29:110][  0]LogMemory: Virtual Memory: 134174040.00 MB used,  43686.96 MB free, 134217728.00 MB total
[2022.03.05-18.07.29:133][  0]LogWindows: WindowsPlatformFeatures enabled
[2022.03.05-18.07.29:158][  0]LogInit: Physics initialised using underlying interface: PhysX
[2022.03.05-18.07.29:159][  0]LogInit: Using OS detected language (en-US).
[2022.03.05-18.07.29:159][  0]LogInit: Using OS detected locale (en-US).
[2022.03.05-18.07.29:160][  0]LogTextLocalizationManager: No specific localization for 'en-US' exists, so the 'en' localization will be used.
[2022.03.05-18.07.29:286][  0]LogInit: Setting process to per monitor DPI aware
[2022.03.05-18.07.29:297][  0]LogWindowsTextInputMethodSystem: Display: IME system deactivated.
[2022.03.05-18.07.29:307][  0]LogSlate: New Slate User Created.  User Index 0, Is Virtual User: 0
[2022.03.05-18.07.29:307][  0]LogSlate: Slate User Registered.  User Index 0, Is Virtual User: 0
[2022.03.05-18.07.29:387][  0]LogD3D11RHI: Loaded GFSDK_Aftermath_Lib.x64.dll
[2022.03.05-18.07.29:397][  0]LogHMD: Failed to initialize OpenVR with code 110
[2022.03.05-18.07.29:397][  0]LogD3D11RHI: D3D11 min allowed feature level: 11_0
[2022.03.05-18.07.29:397][  0]LogD3D11RHI: D3D11 max allowed feature level: 11_0
[2022.03.05-18.07.29:397][  0]LogD3D11RHI: D3D11 adapters:
[2022.03.05-18.07.29:475][  0]LogD3D11RHI:    0. 'NVIDIA GeForce RTX 3080 Laptop GPU' (Feature Level 11_0)
[2022.03.05-18.07.29:475][  0]LogD3D11RHI:       8041/0/8042 MB DedicatedVideo/DedicatedSystem/SharedSystem, Outputs:1, VendorId:0x10de
[2022.03.05-18.07.29:523][  0]LogD3D11RHI:    1. 'Intel(R) UHD Graphics' (Feature Level 11_0)
[2022.03.05-18.07.29:523][  0]LogD3D11RHI:       128/0/8042 MB DedicatedVideo/DedicatedSystem/SharedSystem, Outputs:0, VendorId:0x8086
[2022.03.05-18.07.29:525][  0]LogD3D11RHI:    2. 'Microsoft Basic Render Driver' (Feature Level 11_0)
[2022.03.05-18.07.29:525][  0]LogD3D11RHI:       0/0/8042 MB DedicatedVideo/DedicatedSystem/SharedSystem, Outputs:0, VendorId:0x1414
[2022.03.05-18.07.29:525][  0]LogD3D11RHI: Chosen D3D11 Adapter:
[2022.03.05-18.07.29:525][  0]LogD3D11RHI:     Description : NVIDIA GeForce RTX 3080 Laptop GPU
[2022.03.05-18.07.29:525][  0]LogD3D11RHI:     VendorId    : 10de
[2022.03.05-18.07.29:525][  0]LogD3D11RHI:     DeviceId    : 249c
[2022.03.05-18.07.29:525][  0]LogD3D11RHI:     SubSysId    : 12fb1462
[2022.03.05-18.07.29:525][  0]LogD3D11RHI:     Revision    : 00a1
[2022.03.05-18.07.29:525][  0]LogD3D11RHI:     DedicatedVideoMemory : 8431599616 bytes
[2022.03.05-18.07.29:525][  0]LogD3D11RHI:     DedicatedSystemMemory : 0 bytes
[2022.03.05-18.07.29:525][  0]LogD3D11RHI:     SharedSystemMemory : 8433436672 bytes
[2022.03.05-18.07.29:525][  0]LogD3D11RHI:     AdapterLuid : 0 59544
[2022.03.05-18.07.29:530][  0]LogD3D11RHI: Creating new Direct3DDevice
[2022.03.05-18.07.29:530][  0]LogD3D11RHI:     GPU DeviceId: 0x249c (for the marketing name, search the web for "GPU Device Id")
[2022.03.05-18.07.29:530][  0]LogWindows: EnumDisplayDevices:
[2022.03.05-18.07.29:530][  0]LogWindows:    0. 'Intel(R) UHD Graphics' (P:1 D:1)
[2022.03.05-18.07.29:530][  0]LogWindows:    1. 'Intel(R) UHD Graphics' (P:0 D:0)
[2022.03.05-18.07.29:530][  0]LogWindows:    2. 'Intel(R) UHD Graphics' (P:0 D:0)
[2022.03.05-18.07.29:530][  0]LogWindows:    3. 'NVIDIA GeForce RTX 3080 Laptop GPU' (P:0 D:0)
[2022.03.05-18.07.29:530][  0]LogWindows:    4. 'NVIDIA GeForce RTX 3080 Laptop GPU' (P:0 D:0)
[2022.03.05-18.07.29:531][  0]LogWindows:    5. 'NVIDIA GeForce RTX 3080 Laptop GPU' (P:0 D:0)
[2022.03.05-18.07.29:531][  0]LogWindows:    6. 'NVIDIA GeForce RTX 3080 Laptop GPU' (P:0 D:0)
[2022.03.05-18.07.29:531][  0]LogWindows: DebugString: PrimaryIsNotTheChoosenAdapter PrimaryIsNotTheChoosenAdapter PrimaryIsNotTheChoosenAdapter FoundDriverCount:4 
[2022.03.05-18.07.29:531][  0]LogD3D11RHI:     Adapter Name: NVIDIA GeForce RTX 3080 Laptop GPU
[2022.03.05-18.07.29:531][  0]LogD3D11RHI:   Driver Version: 471.41 (internal:30.0.14.7141, unified:471.41)
[2022.03.05-18.07.29:531][  0]LogD3D11RHI:      Driver Date: 7-12-2021
[2022.03.05-18.07.29:531][  0]LogRHI: Texture pool is 5628 MB (70% of 8041 MB)
[2022.03.05-18.07.29:531][  0]LogD3D11RHI: Creating D3DDevice using adapter:
[2022.03.05-18.07.29:531][  0]LogD3D11RHI:     Description : NVIDIA GeForce RTX 3080 Laptop GPU
[2022.03.05-18.07.29:531][  0]LogD3D11RHI:     VendorId    : 10de
[2022.03.05-18.07.29:531][  0]LogD3D11RHI:     DeviceId    : 249c
[2022.03.05-18.07.29:531][  0]LogD3D11RHI:     SubSysId    : 12fb1462
[2022.03.05-18.07.29:531][  0]LogD3D11RHI:     Revision    : 00a1
[2022.03.05-18.07.29:531][  0]LogD3D11RHI:     DedicatedVideoMemory : 8431599616 bytes
[2022.03.05-18.07.29:531][  0]LogD3D11RHI:     DedicatedSystemMemory : 0 bytes
[2022.03.05-18.07.29:531][  0]LogD3D11RHI:     SharedSystemMemory : 8433436672 bytes
[2022.03.05-18.07.29:531][  0]LogD3D11RHI:     AdapterLuid : 0 59544
[2022.03.05-18.07.29:586][  0]LogD3D11RHI: RHI has support for 64 bit atomics
[2022.03.05-18.07.29:587][  0]LogD3D11RHI: Async texture creation enabled
[2022.03.05-18.07.29:587][  0]LogD3D11RHI: Array index from any shader is supported
[2022.03.05-18.07.29:598][  0]LogD3D11RHI: GPU Timing Frequency: 1000.000000 (Debug: 2 1)
[2022.03.05-18.07.29:611][  0]LogRHI: GeForceNow SDK initialized: 1
[2022.03.05-18.07.29:860][  0]LogTargetPlatformManager: Display: Loaded TargetPlatform 'AllDesktop'
[2022.03.05-18.07.29:875][  0]LogTargetPlatformManager: Display: Loaded TargetPlatform 'Android'
[2022.03.05-18.07.29:875][  0]LogTargetPlatformManager: Display: Loaded TargetPlatform 'Android_ASTC'
[2022.03.05-18.07.29:875][  0]LogTargetPlatformManager: Display: Loaded TargetPlatform 'Android_DXT'
[2022.03.05-18.07.29:875][  0]LogTargetPlatformManager: Display: Loaded TargetPlatform 'Android_ETC2'
[2022.03.05-18.07.29:875][  0]LogTargetPlatformManager: Display: Loaded TargetPlatform 'AndroidClient'
[2022.03.05-18.07.29:875][  0]LogTargetPlatformManager: Display: Loaded TargetPlatform 'Android_ASTCClient'
[2022.03.05-18.07.29:875][  0]LogTargetPlatformManager: Display: Loaded TargetPlatform 'Android_DXTClient'
[2022.03.05-18.07.29:875][  0]LogTargetPlatformManager: Display: Loaded TargetPlatform 'Android_ETC2Client'
[2022.03.05-18.07.29:875][  0]LogTargetPlatformManager: Display: Loaded TargetPlatform 'Android_Multi'
[2022.03.05-18.07.29:875][  0]LogTargetPlatformManager: Display: Loaded TargetPlatform 'Android_MultiClient'
[2022.03.05-18.07.29:886][  0]LogTargetPlatformManager: Display: Loaded TargetPlatform 'IOSClient'
[2022.03.05-18.07.29:886][  0]LogTargetPlatformManager: Display: Loaded TargetPlatform 'IOS'
[2022.03.05-18.07.29:892][  0]LogTargetPlatformManager: Display: Loaded TargetPlatform 'Linux'
[2022.03.05-18.07.29:895][  0]LogTargetPlatformManager: Display: Loaded TargetPlatform 'LinuxNoEditor'
[2022.03.05-18.07.29:897][  0]LogTargetPlatformManager: Display: Loaded TargetPlatform 'LinuxClient'
[2022.03.05-18.07.29:900][  0]LogTargetPlatformManager: Display: Loaded TargetPlatform 'LinuxServer'
[2022.03.05-18.07.29:906][  0]LogTargetPlatformManager: Display: Loaded TargetPlatform 'LinuxAArch64NoEditor'
[2022.03.05-18.07.29:908][  0]LogTargetPlatformManager: Display: Loaded TargetPlatform 'LinuxAArch64Client'
[2022.03.05-18.07.29:911][  0]LogTargetPlatformManager: Display: Loaded TargetPlatform 'LinuxAArch64Server'
[2022.03.05-18.07.29:928][  0]LogTargetPlatformManager: Display: Loaded TargetPlatform 'Lumin'
[2022.03.05-18.07.29:928][  0]LogTargetPlatformManager: Display: Loaded TargetPlatform 'LuminClient'
[2022.03.05-18.07.29:934][  0]LogTargetPlatformManager: Display: Loaded TargetPlatform 'MacNoEditor'
[2022.03.05-18.07.29:937][  0]LogTargetPlatformManager: Display: Loaded TargetPlatform 'Mac'
[2022.03.05-18.07.29:939][  0]LogTargetPlatformManager: Display: Loaded TargetPlatform 'MacClient'
[2022.03.05-18.07.29:942][  0]LogTargetPlatformManager: Display: Loaded TargetPlatform 'MacServer'
[2022.03.05-18.07.29:948][  0]LogTargetPlatformManager: Display: Loaded TargetPlatform 'TVOSClient'
[2022.03.05-18.07.29:949][  0]LogTargetPlatformManager: Display: Loaded TargetPlatform 'TVOS'
[2022.03.05-18.07.29:954][  0]LogTargetPlatformManager: Display: Loaded TargetPlatform 'WindowsNoEditor'
[2022.03.05-18.07.29:957][  0]LogTargetPlatformManager: Display: Loaded TargetPlatform 'Windows'
[2022.03.05-18.07.29:959][  0]LogTargetPlatformManager: Display: Loaded TargetPlatform 'WindowsClient'
[2022.03.05-18.07.29:962][  0]LogTargetPlatformManager: Display: Loaded TargetPlatform 'WindowsServer'
[2022.03.05-18.07.29:962][  0]LogTargetPlatformManager: Display: Building Assets For Windows
[2022.03.05-18.07.29:966][  0]LogAudioDebug: Display: Lib vorbis DLL was dynamically loaded.
[2022.03.05-18.07.29:987][  0]LogTextureFormatOodle: Display: Oodle Texture 2.9.0 init RDO Off
[2022.03.05-18.07.30:011][  0]LogRendererCore: Ray tracing is disabled. Reason: r.RayTracing=0.
[2022.03.05-18.07.30:011][  0]LogShaderCompilers: Guid format shader working directory is -4 characters bigger than the processId version (../../../../../个人游戏/Space FPS/SpaceFPS/FPS/FPSDemo/Intermediate/Shaders/WorkingDirectory/8104/).
[2022.03.05-18.07.30:011][  0]LogShaderCompilers: Cleaned the shader compiler working directory 'C:/Users/w1y2f/AppData/Local/Temp/UnrealShaderWorkingDir/23FA49C74862CCD96E3A879848C36E09/'.
[2022.03.05-18.07.30:011][  0]LogXGEController: Cannot use XGE Controller as Incredibuild is not installed on this machine.
[2022.03.05-18.07.30:011][  0]LogShaderCompilers: Cannot use XGE Shader Compiler as Incredibuild is not installed on this machine.
[2022.03.05-18.07.30:011][  0]LogShaderCompilers: Display: Using Local Shader Compiler.
[2022.03.05-18.07.30:574][  0]LogDerivedDataCache: Display: Max Cache Size: 512 MB
[2022.03.05-18.07.30:624][  0]LogDerivedDataCache: Loaded boot cache 0.05s 94MB C:/Users/w1y2f/AppData/Local/UnrealEngine/4.27/DerivedDataCache/Boot.ddc.
[2022.03.05-18.07.30:625][  0]LogDerivedDataCache: Display: Loaded Boot cache: C:/Users/w1y2f/AppData/Local/UnrealEngine/4.27/DerivedDataCache/Boot.ddc
[2022.03.05-18.07.30:625][  0]LogDerivedDataCache: FDerivedDataBackendGraph:  Pak pak cache file ../../../../../个人游戏/Space FPS/SpaceFPS/FPS/FPSDemo/DerivedDataCache/DDC.ddp not found, will not use a pak cache.
[2022.03.05-18.07.30:625][  0]LogDerivedDataCache: Unable to find inner node Pak for hierarchical cache Hierarchy.
[2022.03.05-18.07.30:625][  0]LogDerivedDataCache: FDerivedDataBackendGraph:  CompressedPak pak cache file ../../../../../个人游戏/Space FPS/SpaceFPS/FPS/FPSDemo/DerivedDataCache/Compressed.ddp not found, will not use a pak cache.
[2022.03.05-18.07.30:625][  0]LogDerivedDataCache: Unable to find inner node CompressedPak for hierarchical cache Hierarchy.
[2022.03.05-18.07.30:638][  0]LogDerivedDataCache: Display: Pak cache opened for reading ../../../Engine/DerivedDataCache/Compressed.ddp.
[2022.03.05-18.07.30:638][  0]LogDerivedDataCache: FDerivedDataBackendGraph:  EnterprisePak pak cache file ../../../Enterprise/DerivedDataCache/Compressed.ddp not found, will not use a pak cache.
[2022.03.05-18.07.30:638][  0]LogDerivedDataCache: Unable to find inner node EnterprisePak for hierarchical cache Hierarchy.
[2022.03.05-18.07.30:645][  0]LogDerivedDataCache: Speed tests for C:/Users/w1y2f/AppData/Local/UnrealEngine/Common/DerivedDataCache took 0.01 seconds
[2022.03.05-18.07.30:645][  0]LogDerivedDataCache: Display: Performance to C:/Users/w1y2f/AppData/Local/UnrealEngine/Common/DerivedDataCache: Latency=0.03ms. RandomReadSpeed=1351.88MBs, RandomWriteSpeed=156.76MBs. Assigned SpeedClass 'Local'
[2022.03.05-18.07.30:646][  0]LogDerivedDataCache: Using Local data cache path C:/Users/w1y2f/AppData/Local/UnrealEngine/Common/DerivedDataCache: Writable
[2022.03.05-18.07.30:646][  0]LogDerivedDataCache: Shared data cache path not found in *engine.ini, will not use an Shared cache.
[2022.03.05-18.07.30:646][  0]LogDerivedDataCache: Unable to find inner node Shared for hierarchical cache Hierarchy.
[2022.03.05-18.07.30:678][  0]LogSlate: Using FreeType 2.10.0
[2022.03.05-18.07.30:679][  0]LogSlate: SlateFontServices - WITH_FREETYPE: 1, WITH_HARFBUZZ: 1
[2022.03.05-18.07.30:696][  0]LogAssetRegistry: FAssetRegistry took 0.0020 seconds to start up
[2022.03.05-18.07.30:857][  0]LogInit: Selected Device Profile: [Windows]
[2022.03.05-18.07.30:857][  0]LogInit: Active device profile: [00000285CB6B1400][00000285C4665800 49] Windows
[2022.03.05-18.07.30:857][  0]LogInit: Profiles: [00000285CB6B1400][00000285C4665800 49] Windows, [00000285CB64E400][00000285C0EC5980 49] WindowsNoEditor, [00000285CB643F00][00000285C0EC9B00 49] WindowsServer, [00000285CB6B1600][00000285C0ECC100 49] WindowsClient, [00000285CB64FD00][00000285C4534280 49] IOS, [00000285CB640A00][00000285C4538400 49] iPadAir, [00000285CB64F200][00000285C0EC0540 49] iPadAir2, [00000285CB5F0600][00000285C4540780 49] IPadPro, [00000285CB5F0700][00000285C453C7C0 49] iPadAir3, [00000285CB640200][00000285C4544900 49] iPadAir4, [00000285CB5F1500][00000285C454CA80 49] iPadMini2, [00000285CB643400][00000285C4550C00 49] iPadMini3, [00000285CB5F2100][00000285C4554D80 49] iPadMini4, [00000285CB641200][00000285C4558F00 49] iPadMini5, [00000285CB5DFE00][00000285C45611C0 49] iPhone6, [00000285CB5DFF00][00000285C455D200 49] iPodTouch6, [00000285CB6B3400][00000285C45694C0 49] iPhone7, [00000285CB6B1700][00000285C4565500 49] iPodTouch7, [00000285CB5DC700][00000285C456D680 49] iPhone5S, [00000285CB5F2B00][00000285C4571800 49] iPhone6Plus, [00000285CB5DCD00][00000285C4575980 49] iPhone6S, [00000285CB5F1800][00000285C4579B00 49] iPhone6SPlus, [00000285CB5DE400][00000285C457C100 49] iPhone7Plus, [00000285CB5F2C00][00000285CB03A280 49] iPhoneSE, [00000285CB5DCE00][00000285CB03E400 49] iPhone8, [00000285CB5F0A00][00000285CB042580 49] iPhone8Plus, [00000285CB6B3200][00000285CB046700 49] iPhoneX, [00000285CB5F2800][00000285C4548840 49] iPhoneXS, [00000285CB6B1B00][00000285CB04A980 49] iPhoneXSMax, [00000285CB5F0400][00000285CB04EAC0 49] iPhoneXR, [00000285CB6B2D00][00000285CB0C6C40 49] iPhone11, [00000285CB5F0E00][00000285CB0D6DC0 49] iPhone11Pro, [00000285CB6B0C00][00000285CB0DAF40 49] iPhone11ProMax, [00000285CB5F1700][00000285CB0EB0C0 49] iPhoneSE2, [00000285CB6B2300][00000285C694B240 49] iPhone12Mini, [00000285CB5F1600][00000285C694F3C0 49] iPhone12, [00000285CB6B2500][00000285C6953540 49] iPhone12Pro, [00000285CB5F2500][00000285C69576C0 49] iPhone12ProMax, [00000285CB6B2A00][00000285C695B840 49] iPadPro105, [00000285CB5F2700][00000285C69639C0 49] iPadPro129, [00000285CB6B2B00][00000285C696FB40 49] iPadPro97, [00000285CB5F3F00][00000285C697A140 49] iPadPro2_129, [00000285CB6B2E00][00000285C697E2C0 49] iPad5, [00000285CB5F2F00][00000285CC494440 49] iPad6, [00000285CB6B2800][00000285CC4985C0 49] iPad7, [00000285CB5F0100][00000285CC49C740 49] iPad8, [00000285CB6B0B00][00000285CC4A08C0 49] iPadPro11, [00000285CB5F3000][00000285CB0C2A00 49] iPadPro2_11, [00000285CB6B0100][00000285CC4D4B40 49] iPadPro3_129, [00000285CB5F3800][00000285CC4E8C80 49] iPadPro4_129, [00000285CB6B0800][00000285CC4ECDC0 49] AppleTV, [00000285CB5F3200][00000285CC4F4F40 49] AppleTV4K, [00000285CB6B3000][00000285CC4F90C0 49] TVOS, [00000285CB5F2A00][00000285CC4FD240 49] Mac, [00000285CB6B0A00][00000285C63133C0 49] MacClient, [00000285CB5F3300][00000285CB0B1540 49] MacNoEditor, [00000285CB6B0200][00000285CB0B56C0 49] MacServer, [00000285CB5F0B00][00000285CB0B9840 49] Linux, [00000285CB6B0600][00000285CB0BD9C0 49] LinuxAArch64, [00000285CB5F1000][00000285C971DB40 49] LinuxNoEditor, [00000285CB6B1A00][00000285C9720140 49] LinuxAArch64NoEditor, [00000285CB5F2400][00000285C97242C0 49] LinuxClient, [00000285CB6B2C00][00000285C9728440 49] LinuxAArch64Client, [00000285CB5F2200][00000285C972C5C0 49] LinuxServer, [00000285CB6B0900][00000285C9730740 49] LinuxAArch64Server, [00000285CB5F3700][00000285C0F928C0 49] Android, [00000285CB6B2900][00000285C0F96A40 49] Android_Low, [00000285CB643A00][00000285CC4F0B80 49] Android_Mid, [00000285CB5DFB00][00000285C629CCC0 49] Android_High, [00000285CB643200][00000285CC21AE00 49] Android_Default, [00000285CB5DE000][00000285CC338F40 49] Android_Adreno4xx, [00000285CB642400][00000285CC34B0C0 49] Android_Adreno5xx_Low, [00000285CB5DD600][00000285CC34F240 49] Android_Adreno5xx, [00000285CB642D00][00000285CC36B3C0 49] Android_Adreno6xx, [00000285CB5DC200][00000285CC36F540 49] Android_Adreno6xx_Vulkan, [00000285CB640B00][00000285CC3736C0 49] Android_Mali_T6xx, [00000285CB5DD900][00000285CC377840 49] Android_Mali_T7xx, [00000285CB641800][00000285CC37B9C0 49] Android_Mali_T8xx, [00000285CB5DC600][00000285CC37FB40 49] Android_Mali_G71, [00000285CB643700][00000285CC382140 49] Android_Mali_G72, [00000285CB5DF500][00000285CC39A2C0 49] Android_Mali_G72_Vulkan, [00000285CB641F00][00000285CC3A6440 49] Android_Mali_G76, [00000285CB5DF300][00000285CC3AA5C0 49] Android_Mali_G76_Vulkan, [00000285CB641500][00000285CC3AE740 49] Android_Mali_G77, [00000285CB5DDC00][00000285CC3B28C0 49] Android_Mali_G77_Vulkan, [00000285CB640700][00000285CC3B6A40 49] Android_Mali_G78, [00000285CB5DCF00][00000285CC3BABC0 49] Android_Mali_G78_Vulkan, [00000285CB643C00][00000285C62DED40 49] Android_Mali_G710, [00000285CB5DF700][00000285CC346E80 49] Android_Mali_G710_Vulkan, [00000285CB643B00][00000285C62E2FC0 49] Android_Vulkan_SM5, [00000285CB5DDD00][00000285C62EB100 49] Android_PowerVR_G6xxx, [00000285CB640500][00000285C62F3280 49] Android_PowerVR_GT7xxx, [00000285CB5DDA00][00000285C62F7400 49] Android_PowerVR_GE8xxx, [00000285CB643800][00000285C62FB580 49] Android_PowerVR_GM9xxx, [00000285CB5DF400][00000285C62FF700 49] Android_PowerVR_GM9xxx_Vulkan, [00000285CB642100][00000285C6303880 49] Android_TegraK1, [00000285CB5DDB00][00000285C62A1A00 49] Android_Unknown_Vulkan, [00000285CB641D00][00000285C62E7B80 49] Lumin, [00000285CB5DE500][00000285CD8C0180 49] Lumin_Desktop, [00000285CB641000][00000285CD8C4300 49] HoloLens, 
[2022.03.05-18.07.30:946][  0]LogMeshReduction: Using QuadricMeshReduction for automatic static mesh reduction
[2022.03.05-18.07.30:946][  0]LogMeshReduction: Using SimplygonMeshReduction for automatic skeletal mesh reduction
[2022.03.05-18.07.30:946][  0]LogMeshReduction: Using ProxyLODMeshReduction for automatic mesh merging
[2022.03.05-18.07.30:946][  0]LogMeshReduction: No distributed automatic mesh merging module available
[2022.03.05-18.07.30:946][  0]LogMeshMerging: No distributed automatic mesh merging module available
[2022.03.05-18.07.30:960][  0]LogNetVersion: FPSDemo 1.0.0, NetCL: 17155196, EngineNetVer: 17, GameNetVer: 0 (Checksum: 2141405530)
[2022.03.05-18.07.31:234][  0]LogTexture: Default maximum texture size for cubemaps generated from long-lat sources has been changed from 512 to unlimited. In order to preserve old behaiour for '/Engine/MapTemplates/Sky/DaylightAmbientCubemap.DaylightAmbientCubemap', its maximum texture size has been explicitly set to 512.
[2022.03.05-18.07.31:276][  0]LogHMD: PokeAHoleMaterial loaded successfully
[2022.03.05-18.07.31:280][  0]LogUObjectArray: 17178 objects as part of root set at end of initial load.
[2022.03.05-18.07.31:280][  0]LogUObjectAllocator: 4302048 out of 0 bytes used by permanent object pool.
[2022.03.05-18.07.31:280][  0]LogUObjectArray: CloseDisregardForGC: 0/0 objects in disregard for GC pool
[2022.03.05-18.07.31:454][  0]LogNiagaraDebuggerClient: Niagara Debugger Client Initialized | Session: C6FD35164AE34C83743014B15F6F91B0 | Instance: 9396C33F488AADA2A9D52AA7DB4E1859 (MSI-8104).
[2022.03.05-18.07.31:481][  0]LogTcpMessaging: Initializing TcpMessaging bridge
[2022.03.05-18.07.31:484][  0]LogUdpMessaging: Initializing bridge on interface 0.0.0.0:0 to multicast group 230.0.0.1:6666.
[2022.03.05-18.07.31:557][  0]LogPython: Using Python 3.7.7
[2022.03.05-18.07.32:079][  0]SourceControl: Source control is disabled
[2022.03.05-18.07.32:079][  0]SourceControl: Source control is disabled
[2022.03.05-18.07.32:081][  0]SourceControl: Source control is disabled
[2022.03.05-18.07.32:082][  0]SourceControl: Source control is disabled
[2022.03.05-18.07.32:086][  0]SourceControl: Source control is disabled
[2022.03.05-18.07.32:090][  0]LogUProjectInfo: Found projects:
[2022.03.05-18.07.32:094][  0]LogVSAccessor: Display: Unable to create Visual Studio setup instance: 80040154
[2022.03.05-18.07.32:094][  0]LogVSAccessor: Display: Unable to create Visual Studio setup instance: 80040154
[2022.03.05-18.07.32:095][  0]LogVSAccessor: Display: Unable to create Visual Studio setup instance: 80040154
[2022.03.05-18.07.32:173][  0]LogAndroidPermission: UAndroidPermissionCallbackProxy::GetInstance
[2022.03.05-18.07.32:183][  0]LogOpenImageDenoise: OIDN starting up
[2022.03.05-18.07.32:193][  0]LogAudioCaptureCore: Display: No Audio Capture implementations found. Audio input will be silent.
[2022.03.05-18.07.32:193][  0]LogAudioCaptureCore: Display: No Audio Capture implementations found. Audio input will be silent.
[2022.03.05-18.07.32:276][  0]LogCollectionManager: Loaded 0 collections in 0.000438 seconds
[2022.03.05-18.07.32:292][  0]LogFileCache: Scanning file cache for directory 'D:/个人游戏/Space FPS/SpaceFPS/FPS/FPSDemo/Saved/Collections/' took 0.00s
[2022.03.05-18.07.32:292][  0]LogFileCache: Scanning file cache for directory 'D:/个人游戏/Space FPS/SpaceFPS/FPS/FPSDemo/Content/Developers/w1y2f/Collections/' took 0.00s
[2022.03.05-18.07.32:292][  0]LogFileCache: Scanning file cache for directory 'D:/个人游戏/Space FPS/SpaceFPS/FPS/FPSDemo/Content/Collections/' took 0.00s
[2022.03.05-18.07.32:292][  0]LogOcInput: OculusInput pre-init called
[2022.03.05-18.07.32:451][  0]LogEngine: Initializing Engine...
[2022.03.05-18.07.32:476][  0]LogHMD: Optional extension XR_VARJO_quad_views is not available
[2022.03.05-18.07.32:476][  0]LogHMD: Warning: Required extension XR_EXT_eye_gaze_interaction is not available
[2022.03.05-18.07.32:476][  0]LogHMD: Could not enable all required OpenXR extensions for OpenXREyeTracker on current system. This plugin will be loaded but ignored, but will be enabled on a target platform that supports the required extension.
[2022.03.05-18.07.32:977][  0]LogHMD: Failed to get an OpenXR system, result is XR_ERROR_FORM_FACTOR_UNAVAILABLE. Please check that your runtime supports VR headsets.
[2022.03.05-18.07.32:977][  0]LogHMD: Failed to initialize OpenVR with code 110
[2022.03.05-18.07.32:977][  0]LogMagicLeap: Warning: VR disabled because ZI is not enabled.  To enable, in the editor, Edit -> Project Settings -> Plugins -> Magic Leap Plugin -> Enable Zero Iteration
[2022.03.05-18.07.32:978][  0]LogStats: UGameplayTagsManager::InitializeManager -  0.000 s
[2022.03.05-18.07.33:064][  0]LogInit: Initializing FReadOnlyCVARCache
[2022.03.05-18.07.33:070][  0]LogAIModule: Creating AISystem for world Untitled
[2022.03.05-18.07.33:076][  0]LogAudio: Display: Initializing Audio Device Manager...
[2022.03.05-18.07.33:078][  0]LogAudio: Display: Loading Default Audio Settings Objects...
[2022.03.05-18.07.33:078][  0]LogAudio: Display: No default SoundConcurrencyObject specified (or failed to load).
[2022.03.05-18.07.33:079][  0]LogAudio: Display: Audio Device Manager Initialized
[2022.03.05-18.07.33:079][  0]LogAudio: Display: Creating Audio Device:                 Id: 1, Scope: Shared, Realtime: True
[2022.03.05-18.07.33:079][  0]LogAudioMixer: Display: Audio Mixer Platform Settings:
[2022.03.05-18.07.33:079][  0]LogAudioMixer: Display: 	Sample Rate:						  48000
[2022.03.05-18.07.33:079][  0]LogAudioMixer: Display: 	Callback Buffer Frame Size Requested: 1024
[2022.03.05-18.07.33:079][  0]LogAudioMixer: Display: 	Callback Buffer Frame Size To Use:	  1024
[2022.03.05-18.07.33:079][  0]LogAudioMixer: Display: 	Number of buffers to queue:			  2
[2022.03.05-18.07.33:079][  0]LogAudioMixer: Display: 	Max Channels (voices):				  32
[2022.03.05-18.07.33:079][  0]LogAudioMixer: Display: 	Number of Async Source Workers:		  0
[2022.03.05-18.07.33:079][  0]LogAudio: Display: AudioDevice MaxSources: 32
[2022.03.05-18.07.33:079][  0]LogAudio: Display: Audio Spatialization Plugin: None (built-in).
[2022.03.05-18.07.33:079][  0]LogAudio: Display: Audio Reverb Plugin: None (built-in).
[2022.03.05-18.07.33:079][  0]LogAudio: Display: Audio Occlusion Plugin: None (built-in).
[2022.03.05-18.07.33:079][  0]LogAudioMixer: Display: Initializing audio mixer.
[2022.03.05-18.07.33:110][  0]LogAudioMixer: Display: 0: FrontLeft
[2022.03.05-18.07.33:110][  0]LogAudioMixer: Display: 1: FrontRight
[2022.03.05-18.07.33:397][  0]LogAudioMixer: Display: Using Audio Device Speakers (Realtek(R) Audio)
[2022.03.05-18.07.33:402][  0]LogAudioMixer: Display: Initializing Sound Submixes...
[2022.03.05-18.07.33:404][  0]LogAudioMixer: Display: Creating Master Submix 'MasterSubmixDefault'
[2022.03.05-18.07.33:404][  0]LogAudioMixer: Display: Creating Master Submix 'MasterReverbSubmixDefault'
[2022.03.05-18.07.33:405][  0]LogAudioMixer: Display: Creating Master Submix 'MasterEQSubmixDefault'
[2022.03.05-18.07.33:405][  0]LogAudioMixer: FMixerPlatformXAudio2::StartAudioStream() called
[2022.03.05-18.07.33:405][  0]LogAudioMixer: Display: Output buffers initialized: Frames=1024, Channels=2, Samples=2048
[2022.03.05-18.07.33:405][  0]LogAudioMixer: Display: Starting AudioMixerPlatformInterface::RunInternal()
[2022.03.05-18.07.33:405][  0]LogAudioMixer: Display: FMixerPlatformXAudio2::SubmitBuffer() called for the first time
[2022.03.05-18.07.33:405][  0]LogInit: FAudioDevice initialized.
[2022.03.05-18.07.33:406][  0]LogAudio: Display: Audio Device (ID: 1) registered with world 'Untitled'.
[2022.03.05-18.07.33:406][  0]LogNetVersion: Set ProjectVersion to 1.0.0.0. Version Checksum will be recalculated on next use.
[2022.03.05-18.07.33:449][  0]LogDerivedDataCache: Saved boot cache 0.04s 94MB C:/Users/w1y2f/AppData/Local/UnrealEngine/4.27/DerivedDataCache/Boot.ddc.
[2022.03.05-18.07.33:452][  0]LogInit: Texture streaming: Enabled
[2022.03.05-18.07.33:460][  0]LogAnalytics: Display: [UEEditor.Rocket.Release] APIServer = https://datarouter.ol.epicgames.com/. AppVersion = 4.27.2-18319896+++UE4+Release-4.27
[2022.03.05-18.07.33:463][  0]LogEngineSessionManager: EngineSessionManager initialized
[2022.03.05-18.07.33:463][  0]LogEngineSessionManager: EngineSessionManager sent abnormal shutdown report. Type=Crashed, SessionId={1F85786D-4802-FF1E-CBAB-318A73C6FD6F}
[2022.03.05-18.07.33:463][  0]LogEditorSessionSummary: Verbose: Initializing EditorSessionSummaryWriter for editor session tracking
[2022.03.05-18.07.33:465][  0]LogEditorSessionSummary: EditorSessionSummaryWriter initialized
[2022.03.05-18.07.33:495][  0]LogInit: Transaction tracking system initialized
[2022.03.05-18.07.33:507][  0]BlueprintLog: New page: Editor Load
[2022.03.05-18.07.33:542][  0]LocalizationService: Localization service is disabled
[2022.03.05-18.07.33:556][  0]TimingProfiler: Initialize
[2022.03.05-18.07.33:556][  0]TimingProfiler: OnSessionChanged
[2022.03.05-18.07.33:556][  0]LoadingProfiler: Initialize
[2022.03.05-18.07.33:556][  0]LoadingProfiler: OnSessionChanged
[2022.03.05-18.07.33:556][  0]NetworkingProfiler: Initialize
[2022.03.05-18.07.33:556][  0]NetworkingProfiler: OnSessionChanged
[2022.03.05-18.07.33:556][  0]MemoryProfiler: Initialize
[2022.03.05-18.07.33:556][  0]MemoryProfiler: OnSessionChanged
[2022.03.05-18.07.33:592][  0]LogVSAccessor: Display: Unable to create Visual Studio setup instance: 80040154
[2022.03.05-18.07.33:592][  0]LogVSAccessor: Display: Unable to create Visual Studio setup instance: 80040154
[2022.03.05-18.07.33:592][  0]LogVSAccessor: Display: Unable to create Visual Studio setup instance: 80040154
[2022.03.05-18.07.33:657][  0]LogCook: Display: CookSettings for Memory: MemoryMaxUsedVirtual 0MiB, MemoryMaxUsedPhysical 16384MiB, MemoryMinFreeVirtual 0MiB, MemoryMinFreePhysical 1024MiB
[2022.03.05-18.07.33:657][  0]LogCook: Display: Mobile HDR setting 1
[2022.03.05-18.07.33:782][  0]LogFileCache: Scanning file cache for directory 'D:/个人游戏/Space FPS/SpaceFPS/FPS/FPSDemo/Content/' took 0.00s
[2022.03.05-18.07.33:904][  0]LogInit: Display: Engine is initialized. Leaving FEngineLoop::Init()
[2022.03.05-18.07.33:906][  0]SourceControl: Source control is disabled
[2022.03.05-18.07.33:906][  0]LogUnrealEdMisc: Loading editor; pre map load, took 6.020
[2022.03.05-18.07.33:906][  0]Cmd: MAP LOAD FILE="../../../../../个人游戏/Space FPS/SpaceFPS/FPS/FPSDemo/Content/FirstPersonBP/Maps/FirstPersonExampleMap.umap" TEMPLATE=0 SHOWPROGRESS=1 FEATURELEVEL=3
[2022.03.05-18.07.33:907][  0]LightingResults: New page: Lighting Build
[2022.03.05-18.07.33:908][  0]LogWorld: UWorld::CleanupWorld for Untitled, bSessionEnded=true, bCleanupResources=true
[2022.03.05-18.07.33:908][  0]LogSlate: InvalidateAllWidgets triggered.  All widgets were invalidated
[2022.03.05-18.07.33:908][  0]MapCheck: New page: Map Check
[2022.03.05-18.07.33:908][  0]LightingResults: New page: Lighting Build
[2022.03.05-18.07.33:911][  0]LogAudio: Display: Audio Device unregistered from world 'None'.
[2022.03.05-18.07.33:913][  0]LogUObjectHash: Compacting FUObjectHashTables data took   0.54ms
[2022.03.05-18.07.33:990][  0]LogLinker: Warning: [AssetLog] D:\个人游戏\Space FPS\SpaceFPS\FPS\FPSDemo\Content\FirstPersonBP\Maps\FirstPersonExampleMap.umap: Failed to load '/Game/FirstPersonBP/Maps/FirstPersonExampleMap_BuiltData': Can't find file.
[2022.03.05-18.07.33:990][  0]LogLinker: Warning: [AssetLog] D:\个人游戏\Space FPS\SpaceFPS\FPS\FPSDemo\Content\FirstPersonBP\Maps\FirstPersonExampleMap.umap: Failed to load '/Game/FirstPersonBP/Maps/FirstPersonExampleMap_BuiltData': Can't find file.
[2022.03.05-18.07.33:991][  0]LogLinker: Warning: [AssetLog] D:\个人游戏\Space FPS\SpaceFPS\FPS\FPSDemo\Content\FirstPersonBP\Maps\FirstPersonExampleMap.umap: Failed to load '/Game/FirstPersonBP/Maps/FirstPersonExampleMap_BuiltData': Can't find file.
[2022.03.05-18.07.33:992][  0]LogLinker: Warning: Failed to load '/Game/FirstPersonBP/Maps/FirstPersonExampleMap_BuiltData': Can't find file.
[2022.03.05-18.07.33:992][  0]LogLinker: Warning: Failed to load '/Game/FirstPersonBP/Maps/FirstPersonExampleMap_BuiltData': Can't find file.
[2022.03.05-18.07.34:027][  0]LogLinker: Warning: [AssetLog] D:\个人游戏\Space FPS\SpaceFPS\FPS\FPSDemo\Content\FirstPersonBP\Maps\FirstPersonExampleMap.umap: Failed to load '/Game/FirstPersonBP/Maps/FirstPersonExampleMap_BuiltData': Can't find file.
[2022.03.05-18.07.34:027][  0]LoadErrors: Failed to load /Game/FirstPersonBP/Maps/FirstPersonExampleMap_BuiltData.FirstPersonExampleMap_BuiltData Referenced by PersistentLevel
[2022.03.05-18.07.34:079][  0]LogAudio: Display: Audio Device (ID: 1) registered with world 'FirstPersonExampleMap'.
[2022.03.05-18.07.34:080][  0]LogAIModule: Creating AISystem for world FirstPersonExampleMap
[2022.03.05-18.07.34:086][  0]LogEditorServer: Finished looking for orphan Actors (0.000 secs)
[2022.03.05-18.07.34:093][  0]LogUObjectHash: Compacting FUObjectHashTables data took   0.73ms
[2022.03.05-18.07.34:093][  0]Cmd: MAP CHECKDEP NOCLEARLOG
[2022.03.05-18.07.34:094][  0]MapCheck: Map check complete: 0 Error(s), 0 Warning(s), took 0.073ms to complete.
[2022.03.05-18.07.34:094][  0]LogFileHelpers: Loading map 'FirstPersonExampleMap' took 0.187
[2022.03.05-18.07.34:095][  0]LogUnrealEdMisc: Total Editor Startup Time, took 6.208
[2022.03.05-18.07.34:175][  0]LogSlate: Updating window title bar state: overlay mode, drag disabled, window buttons hidden, title bar hidden
[2022.03.05-18.07.34:179][  0]LogSlate: Updating window title bar state: overlay mode, drag disabled, window buttons hidden, title bar hidden
[2022.03.05-18.07.34:183][  0]LogSlate: Updating window title bar state: overlay mode, drag disabled, window buttons hidden, title bar hidden
[2022.03.05-18.07.34:187][  0]LogSlate: Updating window title bar state: overlay mode, drag disabled, window buttons hidden, title bar hidden
[2022.03.05-18.07.34:197][  0]LogNativeClassHierarchy: Verbose: Native class hierarchy populated in 0.0072 seconds. Added 3822 classes and 928 folders.
[2022.03.05-18.07.34:199][  0]LogNativeClassHierarchy: Verbose: Native class hierarchy updated for 'WidgetCarousel' in 0.0002 seconds. Added 0 classes and 0 folders.
[2022.03.05-18.07.34:199][  0]LogPakFile: PakFile PrimaryIndexSize=187
[2022.03.05-18.07.34:200][  0]LogPakFile: PakFile PathHashIndexSize=101
[2022.03.05-18.07.34:200][  0]LogPakFile: PakFile FullDirectoryIndexSize=148
[2022.03.05-18.07.34:200][  0]LogShaderLibrary: Display: ShaderCodeLibraryPakFileMountedCallback: PakFile 'D:/Software Downloads/UE_4.27/FeaturePacks/FP_FirstPerson.upack' (chunk index -1, root 'root:/') mounted
[2022.03.05-18.07.34:200][  0]LogShaderLibrary: Display: ShaderCodeLibraryPakFileMountedCallback: pending pak file info (ChunkID:-1 Root:root:/ File:D:/Software Downloads/UE_4.27/FeaturePacks/FP_FirstPerson.upack)
[2022.03.05-18.07.34:200][  0]LogPakFile: OnPakFileMounted2Time == 0.000041
[2022.03.05-18.07.34:200][  0]LogPakFile: PakFile PrimaryIndexSize=189
[2022.03.05-18.07.34:200][  0]LogPakFile: PakFile PathHashIndexSize=101
[2022.03.05-18.07.34:200][  0]LogPakFile: PakFile FullDirectoryIndexSize=152
[2022.03.05-18.07.34:200][  0]LogShaderLibrary: Display: ShaderCodeLibraryPakFileMountedCallback: PakFile 'D:/Software Downloads/UE_4.27/FeaturePacks/FP_FirstPersonBP.upack' (chunk index -1, root 'root:/') mounted
[2022.03.05-18.07.34:200][  0]LogShaderLibrary: Display: ShaderCodeLibraryPakFileMountedCallback: pending pak file info (ChunkID:-1 Root:root:/ File:D:/Software Downloads/UE_4.27/FeaturePacks/FP_FirstPersonBP.upack)
[2022.03.05-18.07.34:200][  0]LogPakFile: OnPakFileMounted2Time == 0.000026
[2022.03.05-18.07.34:200][  0]LogPakFile: PakFile PrimaryIndexSize=191
[2022.03.05-18.07.34:200][  0]LogPakFile: PakFile PathHashIndexSize=101
[2022.03.05-18.07.34:200][  0]LogPakFile: PakFile FullDirectoryIndexSize=160
[2022.03.05-18.07.34:200][  0]LogShaderLibrary: Display: ShaderCodeLibraryPakFileMountedCallback: PakFile 'D:/Software Downloads/UE_4.27/FeaturePacks/MobileStarterContent.upack' (chunk index -1, root 'root:/') mounted
[2022.03.05-18.07.34:200][  0]LogShaderLibrary: Display: ShaderCodeLibraryPakFileMountedCallback: pending pak file info (ChunkID:-1 Root:root:/ File:D:/Software Downloads/UE_4.27/FeaturePacks/MobileStarterContent.upack)
[2022.03.05-18.07.34:200][  0]LogPakFile: OnPakFileMounted2Time == 0.000023
[2022.03.05-18.07.34:201][  0]LogPakFile: PakFile PrimaryIndexSize=185
[2022.03.05-18.07.34:201][  0]LogPakFile: PakFile PathHashIndexSize=101
[2022.03.05-18.07.34:201][  0]LogPakFile: PakFile FullDirectoryIndexSize=148
[2022.03.05-18.07.34:201][  0]LogShaderLibrary: Display: ShaderCodeLibraryPakFileMountedCallback: PakFile 'D:/Software Downloads/UE_4.27/FeaturePacks/StarterContent.upack' (chunk index -1, root 'root:/') mounted
[2022.03.05-18.07.34:201][  0]LogShaderLibrary: Display: ShaderCodeLibraryPakFileMountedCallback: pending pak file info (ChunkID:-1 Root:root:/ File:D:/Software Downloads/UE_4.27/FeaturePacks/StarterContent.upack)
[2022.03.05-18.07.34:201][  0]LogPakFile: OnPakFileMounted2Time == 0.000025
[2022.03.05-18.07.34:201][  0]LogPakFile: PakFile PrimaryIndexSize=190
[2022.03.05-18.07.34:201][  0]LogPakFile: PakFile PathHashIndexSize=101
[2022.03.05-18.07.34:201][  0]LogPakFile: PakFile FullDirectoryIndexSize=154
[2022.03.05-18.07.34:201][  0]LogShaderLibrary: Display: ShaderCodeLibraryPakFileMountedCallback: PakFile 'D:/Software Downloads/UE_4.27/FeaturePacks/TP_2DSideScroller.upack' (chunk index -1, root 'root:/') mounted
[2022.03.05-18.07.34:201][  0]LogShaderLibrary: Display: ShaderCodeLibraryPakFileMountedCallback: pending pak file info (ChunkID:-1 Root:root:/ File:D:/Software Downloads/UE_4.27/FeaturePacks/TP_2DSideScroller.upack)
[2022.03.05-18.07.34:201][  0]LogPakFile: OnPakFileMounted2Time == 0.000023
[2022.03.05-18.07.34:201][  0]LogPakFile: PakFile PrimaryIndexSize=192
[2022.03.05-18.07.34:201][  0]LogPakFile: PakFile PathHashIndexSize=101
[2022.03.05-18.07.34:201][  0]LogPakFile: PakFile FullDirectoryIndexSize=158
[2022.03.05-18.07.34:201][  0]LogShaderLibrary: Display: ShaderCodeLibraryPakFileMountedCallback: PakFile 'D:/Software Downloads/UE_4.27/FeaturePacks/TP_2DSideScrollerBP.upack' (chunk index -1, root 'root:/') mounted
[2022.03.05-18.07.34:201][  0]LogShaderLibrary: Display: ShaderCodeLibraryPakFileMountedCallback: pending pak file info (ChunkID:-1 Root:root:/ File:D:/Software Downloads/UE_4.27/FeaturePacks/TP_2DSideScrollerBP.upack)
[2022.03.05-18.07.34:201][  0]LogPakFile: OnPakFileMounted2Time == 0.000022
[2022.03.05-18.07.34:202][  0]LogPakFile: PakFile PrimaryIndexSize=182
[2022.03.05-18.07.34:202][  0]LogPakFile: PakFile PathHashIndexSize=101
[2022.03.05-18.07.34:202][  0]LogPakFile: PakFile FullDirectoryIndexSize=138
[2022.03.05-18.07.34:202][  0]LogShaderLibrary: Display: ShaderCodeLibraryPakFileMountedCallback: PakFile 'D:/Software Downloads/UE_4.27/FeaturePacks/TP_Flying.upack' (chunk index -1, root 'root:/') mounted
[2022.03.05-18.07.34:202][  0]LogShaderLibrary: Display: ShaderCodeLibraryPakFileMountedCallback: pending pak file info (ChunkID:-1 Root:root:/ File:D:/Software Downloads/UE_4.27/FeaturePacks/TP_Flying.upack)
[2022.03.05-18.07.34:202][  0]LogPakFile: OnPakFileMounted2Time == 0.000022
[2022.03.05-18.07.34:202][  0]LogPakFile: PakFile PrimaryIndexSize=184
[2022.03.05-18.07.34:202][  0]LogPakFile: PakFile PathHashIndexSize=101
[2022.03.05-18.07.34:202][  0]LogPakFile: PakFile FullDirectoryIndexSize=142
[2022.03.05-18.07.34:202][  0]LogShaderLibrary: Display: ShaderCodeLibraryPakFileMountedCallback: PakFile 'D:/Software Downloads/UE_4.27/FeaturePacks/TP_FlyingBP.upack' (chunk index -1, root 'root:/') mounted
[2022.03.05-18.07.34:202][  0]LogShaderLibrary: Display: ShaderCodeLibraryPakFileMountedCallback: pending pak file info (ChunkID:-1 Root:root:/ File:D:/Software Downloads/UE_4.27/FeaturePacks/TP_FlyingBP.upack)
[2022.03.05-18.07.34:202][  0]LogPakFile: OnPakFileMounted2Time == 0.000021
[2022.03.05-18.07.34:202][  0]LogPakFile: PakFile PrimaryIndexSize=188
[2022.03.05-18.07.34:202][  0]LogPakFile: PakFile PathHashIndexSize=101
[2022.03.05-18.07.34:202][  0]LogPakFile: PakFile FullDirectoryIndexSize=150
[2022.03.05-18.07.34:202][  0]LogShaderLibrary: Display: ShaderCodeLibraryPakFileMountedCallback: PakFile 'D:/Software Downloads/UE_4.27/FeaturePacks/TP_HandheldARBP.upack' (chunk index -1, root 'root:/') mounted
[2022.03.05-18.07.34:202][  0]LogShaderLibrary: Display: ShaderCodeLibraryPakFileMountedCallback: pending pak file info (ChunkID:-1 Root:root:/ File:D:/Software Downloads/UE_4.27/FeaturePacks/TP_HandheldARBP.upack)
[2022.03.05-18.07.34:202][  0]LogPakFile: OnPakFileMounted2Time == 0.000022
[2022.03.05-18.07.34:203][  0]LogPakFile: PakFile PrimaryIndexSize=182
[2022.03.05-18.07.34:203][  0]LogPakFile: PakFile PathHashIndexSize=101
[2022.03.05-18.07.34:203][  0]LogPakFile: PakFile FullDirectoryIndexSize=138
[2022.03.05-18.07.34:203][  0]LogShaderLibrary: Display: ShaderCodeLibraryPakFileMountedCallback: PakFile 'D:/Software Downloads/UE_4.27/FeaturePacks/TP_Puzzle.upack' (chunk index -1, root 'root:/') mounted
[2022.03.05-18.07.34:203][  0]LogShaderLibrary: Display: ShaderCodeLibraryPakFileMountedCallback: pending pak file info (ChunkID:-1 Root:root:/ File:D:/Software Downloads/UE_4.27/FeaturePacks/TP_Puzzle.upack)
[2022.03.05-18.07.34:203][  0]LogPakFile: OnPakFileMounted2Time == 0.000022
[2022.03.05-18.07.34:203][  0]LogPakFile: PakFile PrimaryIndexSize=184
[2022.03.05-18.07.34:203][  0]LogPakFile: PakFile PathHashIndexSize=101
[2022.03.05-18.07.34:203][  0]LogPakFile: PakFile FullDirectoryIndexSize=142
[2022.03.05-18.07.34:203][  0]LogShaderLibrary: Display: ShaderCodeLibraryPakFileMountedCallback: PakFile 'D:/Software Downloads/UE_4.27/FeaturePacks/TP_PuzzleBP.upack' (chunk index -1, root 'root:/') mounted
[2022.03.05-18.07.34:203][  0]LogShaderLibrary: Display: ShaderCodeLibraryPakFileMountedCallback: pending pak file info (ChunkID:-1 Root:root:/ File:D:/Software Downloads/UE_4.27/FeaturePacks/TP_PuzzleBP.upack)
[2022.03.05-18.07.34:203][  0]LogPakFile: OnPakFileMounted2Time == 0.000022
[2022.03.05-18.07.34:204][  0]LogPakFile: PakFile PrimaryIndexSize=183
[2022.03.05-18.07.34:204][  0]LogPakFile: PakFile PathHashIndexSize=101
[2022.03.05-18.07.34:204][  0]LogPakFile: PakFile FullDirectoryIndexSize=140
[2022.03.05-18.07.34:204][  0]LogShaderLibrary: Display: ShaderCodeLibraryPakFileMountedCallback: PakFile 'D:/Software Downloads/UE_4.27/FeaturePacks/TP_Rolling.upack' (chunk index -1, root 'root:/') mounted
[2022.03.05-18.07.34:204][  0]LogShaderLibrary: Display: ShaderCodeLibraryPakFileMountedCallback: pending pak file info (ChunkID:-1 Root:root:/ File:D:/Software Downloads/UE_4.27/FeaturePacks/TP_Rolling.upack)
[2022.03.05-18.07.34:204][  0]LogPakFile: OnPakFileMounted2Time == 0.000030
[2022.03.05-18.07.34:204][  0]LogPakFile: PakFile PrimaryIndexSize=185
[2022.03.05-18.07.34:204][  0]LogPakFile: PakFile PathHashIndexSize=101
[2022.03.05-18.07.34:204][  0]LogPakFile: PakFile FullDirectoryIndexSize=144
[2022.03.05-18.07.34:204][  0]LogShaderLibrary: Display: ShaderCodeLibraryPakFileMountedCallback: PakFile 'D:/Software Downloads/UE_4.27/FeaturePacks/TP_RollingBP.upack' (chunk index -1, root 'root:/') mounted
[2022.03.05-18.07.34:204][  0]LogShaderLibrary: Display: ShaderCodeLibraryPakFileMountedCallback: pending pak file info (ChunkID:-1 Root:root:/ File:D:/Software Downloads/UE_4.27/FeaturePacks/TP_RollingBP.upack)
[2022.03.05-18.07.34:204][  0]LogPakFile: OnPakFileMounted2Time == 0.000026
[2022.03.05-18.07.34:204][  0]LogPakFile: PakFile PrimaryIndexSize=188
[2022.03.05-18.07.34:204][  0]LogPakFile: PakFile PathHashIndexSize=101
[2022.03.05-18.07.34:204][  0]LogPakFile: PakFile FullDirectoryIndexSize=150
[2022.03.05-18.07.34:204][  0]LogShaderLibrary: Display: ShaderCodeLibraryPakFileMountedCallback: PakFile 'D:/Software Downloads/UE_4.27/FeaturePacks/TP_SideScroller.upack' (chunk index -1, root 'root:/') mounted
[2022.03.05-18.07.34:204][  0]LogShaderLibrary: Display: ShaderCodeLibraryPakFileMountedCallback: pending pak file info (ChunkID:-1 Root:root:/ File:D:/Software Downloads/UE_4.27/FeaturePacks/TP_SideScroller.upack)
[2022.03.05-18.07.34:204][  0]LogPakFile: OnPakFileMounted2Time == 0.000023
[2022.03.05-18.07.34:204][  0]LogPakFile: PakFile PrimaryIndexSize=190
[2022.03.05-18.07.34:204][  0]LogPakFile: PakFile PathHashIndexSize=101
[2022.03.05-18.07.34:204][  0]LogPakFile: PakFile FullDirectoryIndexSize=154
[2022.03.05-18.07.34:204][  0]LogShaderLibrary: Display: ShaderCodeLibraryPakFileMountedCallback: PakFile 'D:/Software Downloads/UE_4.27/FeaturePacks/TP_SideScrollerBP.upack' (chunk index -1, root 'root:/') mounted
[2022.03.05-18.07.34:204][  0]LogShaderLibrary: Display: ShaderCodeLibraryPakFileMountedCallback: pending pak file info (ChunkID:-1 Root:root:/ File:D:/Software Downloads/UE_4.27/FeaturePacks/TP_SideScrollerBP.upack)
[2022.03.05-18.07.34:204][  0]LogPakFile: OnPakFileMounted2Time == 0.000022
[2022.03.05-18.07.34:204][  0]LogPakFile: PakFile PrimaryIndexSize=187
[2022.03.05-18.07.34:204][  0]LogPakFile: PakFile PathHashIndexSize=101
[2022.03.05-18.07.34:204][  0]LogPakFile: PakFile FullDirectoryIndexSize=148
[2022.03.05-18.07.34:204][  0]LogShaderLibrary: Display: ShaderCodeLibraryPakFileMountedCallback: PakFile 'D:/Software Downloads/UE_4.27/FeaturePacks/TP_ThirdPerson.upack' (chunk index -1, root 'root:/') mounted
[2022.03.05-18.07.34:204][  0]LogShaderLibrary: Display: ShaderCodeLibraryPakFileMountedCallback: pending pak file info (ChunkID:-1 Root:root:/ File:D:/Software Downloads/UE_4.27/FeaturePacks/TP_ThirdPerson.upack)
[2022.03.05-18.07.34:204][  0]LogPakFile: OnPakFileMounted2Time == 0.000021
[2022.03.05-18.07.34:205][  0]LogPakFile: PakFile PrimaryIndexSize=189
[2022.03.05-18.07.34:205][  0]LogPakFile: PakFile PathHashIndexSize=101
[2022.03.05-18.07.34:205][  0]LogPakFile: PakFile FullDirectoryIndexSize=152
[2022.03.05-18.07.34:205][  0]LogShaderLibrary: Display: ShaderCodeLibraryPakFileMountedCallback: PakFile 'D:/Software Downloads/UE_4.27/FeaturePacks/TP_ThirdPersonBP.upack' (chunk index -1, root 'root:/') mounted
[2022.03.05-18.07.34:205][  0]LogShaderLibrary: Display: ShaderCodeLibraryPakFileMountedCallback: pending pak file info (ChunkID:-1 Root:root:/ File:D:/Software Downloads/UE_4.27/FeaturePacks/TP_ThirdPersonBP.upack)
[2022.03.05-18.07.34:205][  0]LogPakFile: OnPakFileMounted2Time == 0.000022
[2022.03.05-18.07.34:205][  0]LogPakFile: PakFile PrimaryIndexSize=183
[2022.03.05-18.07.34:205][  0]LogPakFile: PakFile PathHashIndexSize=101
[2022.03.05-18.07.34:205][  0]LogPakFile: PakFile FullDirectoryIndexSize=140
[2022.03.05-18.07.34:205][  0]LogShaderLibrary: Display: ShaderCodeLibraryPakFileMountedCallback: PakFile 'D:/Software Downloads/UE_4.27/FeaturePacks/TP_TopDown.upack' (chunk index -1, root 'root:/') mounted
[2022.03.05-18.07.34:205][  0]LogShaderLibrary: Display: ShaderCodeLibraryPakFileMountedCallback: pending pak file info (ChunkID:-1 Root:root:/ File:D:/Software Downloads/UE_4.27/FeaturePacks/TP_TopDown.upack)
[2022.03.05-18.07.34:205][  0]LogPakFile: OnPakFileMounted2Time == 0.000037
[2022.03.05-18.07.34:205][  0]LogPakFile: PakFile PrimaryIndexSize=185
[2022.03.05-18.07.34:205][  0]LogPakFile: PakFile PathHashIndexSize=101
[2022.03.05-18.07.34:205][  0]LogPakFile: PakFile FullDirectoryIndexSize=144
[2022.03.05-18.07.34:205][  0]LogShaderLibrary: Display: ShaderCodeLibraryPakFileMountedCallback: PakFile 'D:/Software Downloads/UE_4.27/FeaturePacks/TP_TopDownBP.upack' (chunk index -1, root 'root:/') mounted
[2022.03.05-18.07.34:205][  0]LogShaderLibrary: Display: ShaderCodeLibraryPakFileMountedCallback: pending pak file info (ChunkID:-1 Root:root:/ File:D:/Software Downloads/UE_4.27/FeaturePacks/TP_TopDownBP.upack)
[2022.03.05-18.07.34:206][  0]LogPakFile: OnPakFileMounted2Time == 0.000024
[2022.03.05-18.07.34:206][  0]LogPakFile: PakFile PrimaryIndexSize=185
[2022.03.05-18.07.34:206][  0]LogPakFile: PakFile PathHashIndexSize=101
[2022.03.05-18.07.34:206][  0]LogPakFile: PakFile FullDirectoryIndexSize=144
[2022.03.05-18.07.34:206][  0]LogShaderLibrary: Display: ShaderCodeLibraryPakFileMountedCallback: PakFile 'D:/Software Downloads/UE_4.27/FeaturePacks/TP_TwinStick.upack' (chunk index -1, root 'root:/') mounted
[2022.03.05-18.07.34:206][  0]LogShaderLibrary: Display: ShaderCodeLibraryPakFileMountedCallback: pending pak file info (ChunkID:-1 Root:root:/ File:D:/Software Downloads/UE_4.27/FeaturePacks/TP_TwinStick.upack)
[2022.03.05-18.07.34:206][  0]LogPakFile: OnPakFileMounted2Time == 0.000022
[2022.03.05-18.07.34:206][  0]LogPakFile: PakFile PrimaryIndexSize=187
[2022.03.05-18.07.34:206][  0]LogPakFile: PakFile PathHashIndexSize=101
[2022.03.05-18.07.34:206][  0]LogPakFile: PakFile FullDirectoryIndexSize=148
[2022.03.05-18.07.34:206][  0]LogShaderLibrary: Display: ShaderCodeLibraryPakFileMountedCallback: PakFile 'D:/Software Downloads/UE_4.27/FeaturePacks/TP_TwinStickBP.upack' (chunk index -1, root 'root:/') mounted
[2022.03.05-18.07.34:206][  0]LogShaderLibrary: Display: ShaderCodeLibraryPakFileMountedCallback: pending pak file info (ChunkID:-1 Root:root:/ File:D:/Software Downloads/UE_4.27/FeaturePacks/TP_TwinStickBP.upack)
[2022.03.05-18.07.34:206][  0]LogPakFile: OnPakFileMounted2Time == 0.000028
[2022.03.05-18.07.34:206][  0]LogPakFile: PakFile PrimaryIndexSize=183
[2022.03.05-18.07.34:206][  0]LogPakFile: PakFile PathHashIndexSize=101
[2022.03.05-18.07.34:206][  0]LogPakFile: PakFile FullDirectoryIndexSize=140
[2022.03.05-18.07.34:206][  0]LogShaderLibrary: Display: ShaderCodeLibraryPakFileMountedCallback: PakFile 'D:/Software Downloads/UE_4.27/FeaturePacks/TP_Vehicle.upack' (chunk index -1, root 'root:/') mounted
[2022.03.05-18.07.34:206][  0]LogShaderLibrary: Display: ShaderCodeLibraryPakFileMountedCallback: pending pak file info (ChunkID:-1 Root:root:/ File:D:/Software Downloads/UE_4.27/FeaturePacks/TP_Vehicle.upack)
[2022.03.05-18.07.34:207][  0]LogPakFile: OnPakFileMounted2Time == 0.000023
[2022.03.05-18.07.34:207][  0]LogPakFile: PakFile PrimaryIndexSize=186
[2022.03.05-18.07.34:207][  0]LogPakFile: PakFile PathHashIndexSize=101
[2022.03.05-18.07.34:207][  0]LogPakFile: PakFile FullDirectoryIndexSize=146
[2022.03.05-18.07.34:207][  0]LogShaderLibrary: Display: ShaderCodeLibraryPakFileMountedCallback: PakFile 'D:/Software Downloads/UE_4.27/FeaturePacks/TP_VehicleAdv.upack' (chunk index -1, root 'root:/') mounted
[2022.03.05-18.07.34:207][  0]LogShaderLibrary: Display: ShaderCodeLibraryPakFileMountedCallback: pending pak file info (ChunkID:-1 Root:root:/ File:D:/Software Downloads/UE_4.27/FeaturePacks/TP_VehicleAdv.upack)
[2022.03.05-18.07.34:207][  0]LogPakFile: OnPakFileMounted2Time == 0.000023
[2022.03.05-18.07.34:207][  0]LogPakFile: PakFile PrimaryIndexSize=188
[2022.03.05-18.07.34:207][  0]LogPakFile: PakFile PathHashIndexSize=101
[2022.03.05-18.07.34:207][  0]LogPakFile: PakFile FullDirectoryIndexSize=150
[2022.03.05-18.07.34:207][  0]LogShaderLibrary: Display: ShaderCodeLibraryPakFileMountedCallback: PakFile 'D:/Software Downloads/UE_4.27/FeaturePacks/TP_VehicleAdvBP.upack' (chunk index -1, root 'root:/') mounted
[2022.03.05-18.07.34:207][  0]LogShaderLibrary: Display: ShaderCodeLibraryPakFileMountedCallback: pending pak file info (ChunkID:-1 Root:root:/ File:D:/Software Downloads/UE_4.27/FeaturePacks/TP_VehicleAdvBP.upack)
[2022.03.05-18.07.34:207][  0]LogPakFile: OnPakFileMounted2Time == 0.000022
[2022.03.05-18.07.34:207][  0]LogPakFile: PakFile PrimaryIndexSize=185
[2022.03.05-18.07.34:207][  0]LogPakFile: PakFile PathHashIndexSize=101
[2022.03.05-18.07.34:207][  0]LogPakFile: PakFile FullDirectoryIndexSize=144
[2022.03.05-18.07.34:207][  0]LogShaderLibrary: Display: ShaderCodeLibraryPakFileMountedCallback: PakFile 'D:/Software Downloads/UE_4.27/FeaturePacks/TP_VehicleBP.upack' (chunk index -1, root 'root:/') mounted
[2022.03.05-18.07.34:207][  0]LogShaderLibrary: Display: ShaderCodeLibraryPakFileMountedCallback: pending pak file info (ChunkID:-1 Root:root:/ File:D:/Software Downloads/UE_4.27/FeaturePacks/TP_VehicleBP.upack)
[2022.03.05-18.07.34:207][  0]LogPakFile: OnPakFileMounted2Time == 0.000021
[2022.03.05-18.07.34:208][  0]LogPakFile: PakFile PrimaryIndexSize=192
[2022.03.05-18.07.34:208][  0]LogPakFile: PakFile PathHashIndexSize=101
[2022.03.05-18.07.34:208][  0]LogPakFile: PakFile FullDirectoryIndexSize=158
[2022.03.05-18.07.34:208][  0]LogShaderLibrary: Display: ShaderCodeLibraryPakFileMountedCallback: PakFile 'D:/Software Downloads/UE_4.27/FeaturePacks/TP_VirtualRealityBP.upack' (chunk index -1, root 'root:/') mounted
[2022.03.05-18.07.34:208][  0]LogShaderLibrary: Display: ShaderCodeLibraryPakFileMountedCallback: pending pak file info (ChunkID:-1 Root:root:/ File:D:/Software Downloads/UE_4.27/FeaturePacks/TP_VirtualRealityBP.upack)
[2022.03.05-18.07.34:208][  0]LogPakFile: OnPakFileMounted2Time == 0.000023
[2022.03.05-18.07.34:233][  0]LogNativeClassHierarchy: Verbose: Native class hierarchy updated for 'AddContentDialog' in 0.0003 seconds. Added 0 classes and 0 folders.
[2022.03.05-18.07.34:234][  0]LogNativeClassHierarchy: Verbose: Native class hierarchy updated for 'SceneOutliner' in 0.0003 seconds. Added 2 classes and 0 folders.
[2022.03.05-18.07.34:298][  0]LogSlate: Took 0.000141 seconds to synchronously load lazily loaded font '../../../Engine/Content/Slate/Fonts/Roboto-Regular.ttf' (155K)
[2022.03.05-18.07.34:298][  0]LogSlate: Took 0.000102 seconds to synchronously load lazily loaded font '../../../Engine/Content/Editor/Slate/Fonts/FontAwesome.ttf' (139K)
[2022.03.05-18.07.34:299][  0]LogSlate: Took 0.000086 seconds to synchronously load lazily loaded font '../../../Engine/Content/Slate/Fonts/Roboto-Bold.ttf' (160K)
[2022.03.05-18.07.34:356][  0]LogRenderer: Reallocating scene render targets to support 908x328 Format 10 NumSamples 1 (Frame:1).
[2022.03.05-18.07.34:434][  0]LogNativeClassHierarchy: Verbose: Native class hierarchy updated for 'HierarchicalLODOutliner' in 0.0002 seconds. Added 0 classes and 0 folders.
[2022.03.05-18.07.34:434][  0]LogLoad: (Engine Initialization) Total time: 6.55 seconds
[2022.03.05-18.07.34:434][  0]LogLoad: (Engine Initialization) Total Blueprint compile time: 0.00 seconds
[2022.03.05-18.07.34:478][  0]LogAssetRegistry: Asset discovery search completed in 3.7834 seconds
[2022.03.05-18.07.34:482][  0]LogCollectionManager: Fixed up redirectors for 0 collections in 0.000005 seconds (updated 0 objects)
[2022.03.05-18.07.34:483][  0]LogContentStreaming: Texture pool size now 1000 MB
[2022.03.05-18.07.34:519][  0]LogSlate: Took 0.000129 seconds to synchronously load lazily loaded font '../../../Engine/Content/Slate/Fonts/DroidSansMono.ttf' (77K)
[2022.03.05-18.07.34:567][  2]LogSlate: Took 0.000139 seconds to synchronously load lazily loaded font '../../../Engine/Content/Slate/Fonts/Roboto-Light.ttf' (167K)
[2022.03.05-18.07.36:764][129]LogSlate: Took 0.000108 seconds to synchronously load lazily loaded font '../../../Engine/Content/Slate/Fonts/Roboto-Italic.ttf' (157K)
[2022.03.05-18.07.37:552][176]LogSlate: Window 'Message Log' being destroyed
[2022.03.05-18.07.37:555][176]LogSlate: Window 'Message Log' being destroyed
[2022.03.05-18.07.42:328][460]LogSlate: Took 0.000110 seconds to synchronously load lazily loaded font '../../../Engine/Content/Slate/Fonts/Roboto-Light.ttf' (167K)
[2022.03.05-18.07.42:352][460]LogEditorClassViewer: Warning: Class /Engine/Tutorial/InWorldBlueprintEditing/TutorialAssets/IWBE_Blutility.IWBE_Blutility_C has parent /Script/Blutility.PlacedEditorUtilityBase, but this parent is not found. The Class will not be shown in ClassViewer.
[2022.03.05-18.07.44:318][460]LogSlate: Window 'Pick Parent Class' being destroyed
[2022.03.05-18.07.44:323][460]LogContentBrowser: Deferred new asset file creation: NewBlueprint
[2022.03.05-18.07.44:330][460]LogContentBrowser: Creating deferred item: NewBlueprint
[2022.03.05-18.07.48:050][684]LogContentBrowser: Attempting asset rename: NewBlueprint -> Collectibles
[2022.03.05-18.07.48:053][684]LogContentBrowser: End creating deferred item NewBlueprint
[2022.03.05-18.07.51:948][917]LogAssetEditorSubsystem: Opening Asset editor for Blueprint /Game/FirstPersonBP/Blueprints/Collectibles.Collectibles
[2022.03.05-18.07.52:067][917]LogNativeClassHierarchy: Verbose: Native class hierarchy updated for 'BlueprintGraph' in 0.0005 seconds. Added 126 classes and 0 folders.
[2022.03.05-18.07.52:702][918]LogRenderer: Reallocating scene render targets to support 908x384 Format 10 NumSamples 1 (Frame:1).
[2022.03.05-18.07.55:957][111]LogRenderer: Reallocating scene render targets to support 912x684 Format 10 NumSamples 1 (Frame:189).
[2022.03.05-18.08.05:314][129]LogRHI: Error: Present Fail Count 1
[2022.03.05-18.08.05:314][129]LogRHI: Error: SyncInterval 0
[2022.03.05-18.08.05:314][129]LogRHI: Error: SwapChainDesc.BufferDesc.Width 1938
[2022.03.05-18.08.05:314][129]LogRHI: Error: SwapChainDesc.BufferDesc.Height 1048
[2022.03.05-18.08.05:314][129]LogRHI: Error: SwapChainDesc.BufferDesc.RefreshRate.Numerator 0
[2022.03.05-18.08.05:314][129]LogRHI: Error: SwapChainDesc.BufferDesc.RefreshRate.Denominator 0
[2022.03.05-18.08.05:315][129]LogRHI: Error: SwapChainDesc.BufferDesc.Format 24
[2022.03.05-18.08.05:315][129]LogRHI: Error: SwapChainDesc.BufferDesc.ScanlineOrdering 0
[2022.03.05-18.08.05:315][129]LogRHI: Error: SwapChainDesc.BufferDesc.Scaling 0
[2022.03.05-18.08.05:315][129]LogRHI: Error: SwapChainDesc.SampleDesc.Count 1
[2022.03.05-18.08.05:315][129]LogRHI: Error: SwapChainDesc.SampleDesc.Quality 0
[2022.03.05-18.08.05:315][129]LogRHI: Error: SwapChainDesc.BufferUsage 48
[2022.03.05-18.08.05:315][129]LogRHI: Error: SwapChainDesc.BufferCount 2
[2022.03.05-18.08.05:315][129]LogRHI: Error: SwapChainDesc.OutputWindow 0000000000362148
[2022.03.05-18.08.05:315][129]LogRHI: Error: SwapChainDesc.Windowed true
[2022.03.05-18.08.05:315][129]LogRHI: Error: SwapChainDesc.SwapEffect 4
[2022.03.05-18.08.05:315][129]LogRHI: Error: SwapChainDesc.Flags 2050
[2022.03.05-18.08.05:315][129]LogRHI: Error: Present Fail Count 1
[2022.03.05-18.08.05:315][129]LogRHI: Error: SyncInterval 0
[2022.03.05-18.08.05:315][129]LogRHI: Error: SwapChainDesc.BufferDesc.Width 1938
[2022.03.05-18.08.05:315][129]LogRHI: Error: SwapChainDesc.BufferDesc.Height 1048
[2022.03.05-18.08.05:315][129]LogRHI: Error: SwapChainDesc.BufferDesc.RefreshRate.Numerator 0
[2022.03.05-18.08.05:315][129]LogRHI: Error: SwapChainDesc.BufferDesc.RefreshRate.Denominator 0
[2022.03.05-18.08.05:315][129]LogRHI: Error: SwapChainDesc.BufferDesc.Format 24
[2022.03.05-18.08.05:315][129]LogRHI: Error: SwapChainDesc.BufferDesc.ScanlineOrdering 0
[2022.03.05-18.08.05:315][129]LogRHI: Error: SwapChainDesc.BufferDesc.Scaling 0
[2022.03.05-18.08.05:315][129]LogRHI: Error: SwapChainDesc.SampleDesc.Count 1
[2022.03.05-18.08.05:315][129]LogRHI: Error: SwapChainDesc.SampleDesc.Quality 0
[2022.03.05-18.08.05:315][129]LogRHI: Error: SwapChainDesc.BufferUsage 48
[2022.03.05-18.08.05:315][129]LogRHI: Error: SwapChainDesc.BufferCount 2
[2022.03.05-18.08.05:315][129]LogRHI: Error: SwapChainDesc.OutputWindow 00000000001A0BF0
[2022.03.05-18.08.05:315][129]LogRHI: Error: SwapChainDesc.Windowed true
[2022.03.05-18.08.05:315][129]LogRHI: Error: SwapChainDesc.SwapEffect 4
[2022.03.05-18.08.05:315][129]LogRHI: Error: SwapChainDesc.Flags 2050
[2022.03.05-18.08.05:315][129]LogRHI: Error: Present Fail Count 1
[2022.03.05-18.08.05:315][129]LogRHI: Error: SyncInterval 0
[2022.03.05-18.08.05:315][129]LogRHI: Error: SwapChainDesc.BufferDesc.Width 422
[2022.03.05-18.08.05:315][129]LogRHI: Error: SwapChainDesc.BufferDesc.Height 80
[2022.03.05-18.08.05:315][129]LogRHI: Error: SwapChainDesc.BufferDesc.RefreshRate.Numerator 0
[2022.03.05-18.08.05:315][129]LogRHI: Error: SwapChainDesc.BufferDesc.RefreshRate.Denominator 0
[2022.03.05-18.08.05:315][129]LogRHI: Error: SwapChainDesc.BufferDesc.Format 24
[2022.03.05-18.08.05:315][129]LogRHI: Error: SwapChainDesc.BufferDesc.ScanlineOrdering 0
[2022.03.05-18.08.05:315][129]LogRHI: Error: SwapChainDesc.BufferDesc.Scaling 0
[2022.03.05-18.08.05:315][129]LogRHI: Error: SwapChainDesc.SampleDesc.Count 1
[2022.03.05-18.08.05:315][129]LogRHI: Error: SwapChainDesc.SampleDesc.Quality 0
[2022.03.05-18.08.05:315][129]LogRHI: Error: SwapChainDesc.BufferUsage 48
[2022.03.05-18.08.05:315][129]LogRHI: Error: SwapChainDesc.BufferCount 2
[2022.03.05-18.08.05:315][129]LogRHI: Error: SwapChainDesc.OutputWindow 000000000005060C
[2022.03.05-18.08.05:315][129]LogRHI: Error: SwapChainDesc.Windowed true
[2022.03.05-18.08.05:315][129]LogRHI: Error: SwapChainDesc.SwapEffect 4
[2022.03.05-18.08.05:315][129]LogRHI: Error: SwapChainDesc.Flags 2050
[2022.03.05-18.08.06:796][133]LogRHI: Error: Present Fail Count 1
[2022.03.05-18.08.06:796][133]LogRHI: Error: SyncInterval 0
[2022.03.05-18.08.06:796][133]LogRHI: Error: SwapChainDesc.BufferDesc.Width 512
[2022.03.05-18.08.06:796][133]LogRHI: Error: SwapChainDesc.BufferDesc.Height 256
[2022.03.05-18.08.06:796][133]LogRHI: Error: SwapChainDesc.BufferDesc.RefreshRate.Numerator 0
[2022.03.05-18.08.06:796][133]LogRHI: Error: SwapChainDesc.BufferDesc.RefreshRate.Denominator 0
[2022.03.05-18.08.06:796][133]LogRHI: Error: SwapChainDesc.BufferDesc.Format 24
[2022.03.05-18.08.06:796][133]LogRHI: Error: SwapChainDesc.BufferDesc.ScanlineOrdering 0
[2022.03.05-18.08.06:796][133]LogRHI: Error: SwapChainDesc.BufferDesc.Scaling 0
[2022.03.05-18.08.06:796][133]LogRHI: Error: SwapChainDesc.SampleDesc.Count 1
[2022.03.05-18.08.06:796][133]LogRHI: Error: SwapChainDesc.SampleDesc.Quality 0
[2022.03.05-18.08.06:796][133]LogRHI: Error: SwapChainDesc.BufferUsage 48
[2022.03.05-18.08.06:796][133]LogRHI: Error: SwapChainDesc.BufferCount 2
[2022.03.05-18.08.06:796][133]LogRHI: Error: SwapChainDesc.OutputWindow 00000000000C056E
[2022.03.05-18.08.06:796][133]LogRHI: Error: SwapChainDesc.Windowed true
[2022.03.05-18.08.06:796][133]LogRHI: Error: SwapChainDesc.SwapEffect 4
[2022.03.05-18.08.06:796][133]LogRHI: Error: SwapChainDesc.Flags 2050
